 nan
 77.75
 77.89473684210526
 57.583333333333336
 53.27272727272727
 66.57142857142857
 61.8125
 58.470588235294116
 64.93333333333334
 56.08
 49.46875
 51.84375
 53.361111111111114
 53.61904761904762
 40.75
 49.34146341463415
 48.925
 40.63636363636363
 39.5609756097561
 42.04761904761905
 38.04347826086956
 39.0
 39.744680851063826
 42.0
 34.770833333333336
 33.276595744680854
 40.30612244897959
 31.081632653061224
 33.38775510204081
 31.081632653061224
 29.224489795918366
 30.285714285714285
 26.428571428571427
 27.38
 25.82
 26.7
 24.52
 24.82
 27.16
 24.08
 24.2
 24.76
 26.06
 22.78
 23.08
 24.28
 22.96
 23.08
 19.48
 21.84
 19.32
 18.46
 22.06
 18.44
 19.02
 21.52
 20.32
 20.22
 21.0
 18.92
 17.56
 19.28
 19.7
 17.82
 21.02
 18.58
 17.66
 15.98
 18.28
 16.92
 20.76
 17.58
 17.3
 18.74
 17.42
 17.12
 17.02
 17.42
 17.82
 15.02
 14.02
 15.54
 14.8
 15.36
 15.1
 14.64
 14.36
 15.02
 15.4
 13.54
 14.48
 14.92
 14.12
 14.66
 14.46
 16.04
 15.14
 14.2
 14.1
 13.4
 13.22
 13.56
 14.6
 14.52
 13.72
 14.7
 13.86
 13.4
 14.06
 13.48
 12.58
 12.2
 13.8
 13.54
 11.36
 12.02
 12.64
 12.16
 12.86
 12.46
 12.94
 11.3
 11.94
 12.76
 11.84
 11.9
 11.78
 12.48
 11.8
 11.98
 11.92
 12.1
 11.22
 11.8
 10.82
 10.22
 11.26
 10.4
 11.74
 11.52
 10.34
 10.14
 12.4
 10.2
 11.18
 10.82
 11.28
 10.42
 10.38
 11.32
 9.72
 11.32
 10.76
 10.26
 10.8
 10.08
 9.92
 11.56
 9.66
 10.14
 10.68
 11.0
 10.14
 10.68
 10.32
 10.38
 10.2
 11.0
 10.32
 11.22
 10.78
 9.6
 10.0
 9.58
 10.08
 10.1
 10.3
 10.6
 10.52
 10.0
 9.26
 10.02
 9.42
 9.84
 9.78
 9.88
 10.42
 10.14
 10.32
 10.7
 10.4
 11.42
 10.32
 9.52
 9.72
 9.62
 9.46
 10.56
 9.42
 9.48
 9.74
 10.34
 9.86
 9.18
 9.58
 9.54
 9.84
 9.92
 9.24
 9.52
 9.1
 9.4
 10.58
 9.54
 9.52
 9.32
 9.1
 9.86
 9.32
 9.72
 8.94
 10.54
 9.24
 8.98
 8.88
 8.88
 9.02
 10.3
 10.64
 8.78
 9.12
 9.16
 12.64
 9.28
 10.18
 9.38
 11.22
 12.7
 10.22
 9.12
 9.92
 13.16
 12.08
 10.46
 12.16
 12.26
 10.428571428571429
 11.22
 13.918367346938776
 11.22
 14.46938775510204
 12.26530612244898
 10.36734693877551
 10.142857142857142
 12.98
 9.73469387755102
 10.14
 8.74
 13.72
 10.78
 10.96
 13.346938775510203
 8.448979591836734
 9.58
 9.9
 9.5
 9.72
 12.66
 11.38
 11.84
 12.3
 10.510204081632653
 9.08
 10.44
 10.94
 9.6
 9.46
 10.62
 10.22
 9.36
 11.0
 9.89795918367347
 10.82
 10.16
 9.82
 8.38
 9.96
 9.28
 9.122448979591837
 9.408163265306122
 10.12
 11.12
 8.84
 11.68
 9.18
 9.6
 9.36
 9.4
 8.958333333333334
 8.64
 9.06
 11.72
 8.52
 9.08
 8.9
 9.36
 9.22
 10.08
 9.8
 9.66
 11.104166666666666
 11.2
 10.34
 9.12
 9.4
 10.96
 9.755102040816327
 10.24
 9.42
 10.84
 9.34
 8.959183673469388
 9.8
 11.8
 8.94
 9.44
 9.3
 9.28
 11.244897959183673
 9.2
 10.02
 9.74
 10.8
 11.72
 10.1
 10.02
 9.16
 9.74
 9.96
 9.02
 9.78
 9.46
 9.9
 9.04
 9.54
 10.98
 10.52
 9.44
 9.66
 9.571428571428571
 9.12
 9.66
 9.96
 11.04
 9.5
 8.92
 10.04
 9.0
 9.24
 10.510204081632653
 9.1
 9.94
 11.42
 9.14
 9.32
 9.204081632653061
 11.24
 9.42
 11.10204081632653
 9.1
 10.877551020408163
 10.959183673469388
 12.458333333333334
 11.551020408163266
 9.63265306122449
 8.854166666666666
 11.46
 9.22
 8.98
 12.979591836734693
 10.83673469387755
 9.959183673469388
 14.208333333333334
 11.404255319148936
 10.83673469387755
 10.551020408163266
 11.26530612244898
 13.1875
 12.653061224489797
 11.346938775510203
 12.46938775510204
 13.333333333333334
 14.44
 10.244897959183673
 15.12
 11.326530612244898
 11.714285714285714
 13.416666666666666
 9.84
 13.061224489795919
 11.693877551020408
 12.16326530612245
 12.959183673469388
 10.82
 16.14
 15.448979591836734
 14.387755102040817
 10.62
 14.020408163265307
 14.26530612244898
 14.5
 13.42
 11.857142857142858
 9.58
 11.270833333333334
 12.54
 12.918367346938776
 10.48
 13.408163265306122
 12.46
 13.104166666666666
 11.306122448979592
 12.53191489361702
 12.583333333333334
 9.48
 12.66
 11.84
 10.82
 11.02
 11.76
 10.34
 12.795918367346939
 8.9
 9.52
 11.877551020408163
 11.12
 10.96
 11.244897959183673
 11.06
 10.58
 11.46938775510204
 10.08
 12.54
 13.0
 10.32
 11.16
 9.26
 8.96
 9.86
 9.68
 8.62
 9.48
 9.22
 9.0
 9.98
 9.2
 9.5
 8.72
 8.68
 9.42
 8.88
 8.08
 9.34
 8.74
 9.72
 9.06
 9.42
 9.74
 9.08
 9.28
 9.38
 9.42
 9.16
 8.94
 8.82
 8.34
 9.14
 9.88
 9.68
 8.66
 9.72
 9.4
 11.36
 9.18
 9.42
 9.12
 9.5
 9.48
 8.9
 8.78
 9.26
 9.04
 9.6
 9.36
 9.14
 9.42
 9.84
 9.04
 8.9
 9.24
 9.3
 9.2
 9.06
 8.96
 9.76
 9.0
 9.16
 9.14
 9.28
 9.3
 9.66
 9.32
 9.5
 9.6
 9.14
 9.3
 9.22
 9.06
 9.46
 9.12
 8.94
 8.94
 8.66
 9.5
 9.48
 9.12
 8.86
 9.06
 9.02
 9.08
 9.42
 9.58
 10.18
 8.24
 9.2
 8.62
 9.1
 8.8
 8.72
 8.98
 9.52
 9.4
 8.78
 8.88
 9.04
 9.2
 9.12
 8.62
 9.06
 9.52
 9.3
 8.52
 9.52
 8.8
 8.9
 8.8
 9.14
 9.38
 8.54
 9.0
 8.78
 9.44
 9.48
 9.12
 8.84
 8.64
 9.24
 9.8
 8.94
 8.8
 9.04
 9.74
 9.38
 8.26
 8.46
 8.88
 9.88
 12.62
 9.2
 9.06
 8.58
 9.08
 8.34
 9.16
 11.42
 8.8
 8.34
 8.52
 12.12
 9.22
 8.76
 8.78
 9.22
 8.92
 9.44
 9.94
 8.56
 9.2
 8.42
 8.9
 8.88
 10.18
 8.34
 8.58
 9.38
 8.9
 9.46
 9.28
 8.98
 8.18
 8.66
 9.74
 9.5
 8.88
 10.52
 8.9
 8.9
 9.3
 8.88
 9.18
 9.88
 9.52
 9.26
 9.24
 9.06
 9.18
 8.58
 8.28
 8.86
 9.16
 8.22
 8.54
 8.72
 8.58
 9.14
 9.54
 9.66
 8.14
 9.08
 8.86
 8.428571428571429
 10.6
 9.04
 9.18
 9.68
 10.12
 9.1
 8.86
 10.12
 9.2
 10.2
 10.3
 9.62
 8.72
 8.94
 10.48
 8.54
 9.8
 9.46
 9.88
 10.84
 11.4
 9.6
 11.82
 11.040816326530612
 9.76
 9.52
 11.64
 10.4
 9.1
 10.5
 11.8
 11.02
 10.7
 8.94
 9.0
 11.84
 10.06
 8.26
 9.04
 10.34
 10.08
 9.88
 8.4
 9.62
 9.2
 8.6
 8.7
 8.46
 9.34
 8.56
 9.34
 8.66
 10.4
 8.5
 8.82
 9.16
 8.12
 8.36
 9.18
 8.74
 8.16
 9.38
 10.32
 9.82
 8.66
 8.36
 8.76
 11.64
 8.9
 10.5
 9.66
 9.2
 10.88
 8.48
 9.02
 8.54
 8.3
 8.7
 8.68
 9.76
 8.54
 9.78
 9.68
 9.26
 9.0
 8.18
 8.36
 8.306122448979592
 8.78
 8.56
 8.86
 10.54
 9.52
 9.56
 9.714285714285714
 9.82
 8.62
 9.244897959183673
 9.34
 11.42
 8.88
 9.22
 8.52
 8.48
 8.9
 8.44
 8.7
 8.7
 8.52
 8.48
 8.38
 8.4
 8.56
 8.22
 8.42
 8.66
 8.2
 8.78
 8.94
 8.88
 8.56
 8.7
 8.54
 9.08
 8.22
 8.62
 8.66
 8.12
 9.34
 8.72
 7.54
 8.4
 8.06
 9.76
 8.68
 8.82
 9.34
 9.32
 8.36
 8.88
 9.18
 7.94
 8.42
 8.62
 8.58
 8.36
 8.4
 9.02
 8.48
 9.02
 8.44
 8.6
 8.24
 8.62
 8.5
 8.68
 9.18
 8.9
 10.14
 11.34
 8.42
 9.54
 10.68
 9.56
 9.08
 8.34
 9.32
 8.56
 9.26
 9.14
 8.28
 9.0
 8.76
 7.76
 9.5
 8.92
 9.0
 9.24
 8.08
 8.8
 8.42
 9.54
 9.0
 8.489795918367347
 9.12
 8.14
 8.38
 9.58
 9.22
 9.16
 8.78
 8.92
 8.36
 9.02
 9.06
 8.6
 9.0
 8.3
 8.52
 8.9
 9.06
 8.74
 9.5
 8.72
 9.16
 8.84
 9.34
 9.52
 9.0
 9.02
 8.74
 8.7
 8.24
 8.2
 9.1
 9.3
 9.06
 9.66
 9.48
 8.92
 8.42
 8.98
 9.14
 8.66
 9.24
 9.46
 8.1
 8.52
 9.44
 8.72
 10.68
 8.6
 9.0
 9.6
 8.48
 8.42
 9.64
 9.58
 9.22
 8.72
 9.0
 9.14
 8.38
 8.36
 8.72
 8.86
 9.02
 8.72
 8.46
 8.54
 9.46
 8.54
 8.72
 8.9
 8.0
 9.3
 8.94
 8.9
 9.0
 9.3
 9.54
 8.68
 8.98
 8.82
 8.42
 8.46
 10.5
 9.2
 8.96
 8.96
 9.74
 9.32
 9.92
 8.56
 9.26
 9.7
 8.56
 8.84
 9.76
 8.94
 9.52
 9.48
 9.94
 10.12
 11.64
 9.8
 9.54
 9.64
 10.2
 9.32
 9.86
 8.82
 8.32
 10.18
 9.56
 10.52
 9.12
 10.64
 9.36
 9.86
 8.84
 8.76
 9.38
 9.86
 8.92
 9.26
 9.02
 10.22
 9.44
 9.36
 9.02
 9.54
 9.56
 10.2
 9.22
 8.54
 9.52
 8.92
 8.96
 9.02
 8.68
 9.16
 9.32
 9.32
 9.5
 8.73469387755102
 9.1
 9.96
 8.38
 8.98
 8.7
 8.66
 8.64
 8.7
 9.26
 9.0
 8.98
 8.84
 8.7
 8.38
 8.3
 9.62
 9.8
 8.58
 8.32
 9.04
 8.42
 9.62
 8.6
 8.84
 12.52
 9.08
 9.12
 8.88
 9.14
 9.8
 8.44
 9.18
 9.14
 12.72
 9.54
 9.38
 8.38
 8.18
 11.12
 9.4
 8.4
 8.72
 9.16
 9.06
 9.18
 8.12
 9.1
 8.36
 8.9
 10.36
 9.76
 8.98
 9.26
 10.4
 9.02
 9.08
 8.82
 9.42
 8.42
 10.28
 10.82
 9.54
 8.88
 8.94
 8.14
 8.98
 8.26
 8.62
 8.58
 8.86
 9.78
 9.6
 9.0
 8.6
 9.3
 9.56
 9.04
 8.84
 9.06
 9.42
 8.58
 8.92
 8.74
 9.34
 9.14
 9.4
 9.44
 8.6
 9.9
 9.5
 9.16
 9.26
 8.84
 8.86
 9.12
 9.5
 9.78
 9.1
 8.86
 9.52
 9.12
 10.52
 8.68
 9.8
 8.82
 9.26
 9.42
 9.9
 9.56
 8.82
 9.1
 8.42
 9.94
 9.36
 9.7
 9.88
 9.08
 10.76
 9.56
 9.28
 9.6
 8.78
 9.46
 9.72
 10.96
 9.28
 9.88
 9.98
 9.9
 9.72
 9.12
 8.92
 8.68
 9.14
 10.2
 9.44
 10.816326530612244
 9.86
 9.2
 10.26
 9.56
 10.28
 9.92
 9.64
 9.6
 11.32
 9.14
 9.4
 10.26
 9.26
 9.22
 10.78
 9.12
 9.22
 8.92
 9.3
 8.64
 9.98
 9.44
 9.68
 9.54
 10.3
 8.38
 9.46
 9.44
 9.06
 8.64
 10.24
 10.08
 9.94
 10.2
 9.52
 9.3
 9.18
 10.76
 9.82
 11.46
 9.96
 9.428571428571429
 10.72
 9.64
 9.88
 9.34
 9.56
 9.56
 10.32
 9.4
 9.96
 9.52
 9.08
 9.64
 9.8
 8.7
 9.88
 9.56
 9.12
 10.3
 11.16
 9.42
 9.62
 9.98
 9.28
 9.38
 8.76
 11.68
 10.82
 9.78
 9.62
 9.3
 10.46
 9.72
 9.34
 10.26
 9.74
 9.4
 9.34
 9.34
 9.92
 9.46
 9.5
 10.2
 9.84
 9.14
 9.08
 9.0
 9.26
 10.32
 10.84
 10.42
 9.42
 10.89795918367347
 11.62
 10.68
 9.72
 10.52
 12.58
 10.2
 11.54
 9.7
 9.18
 9.5
 9.44
 11.22
 8.68
 10.34
 9.74
 9.74
 10.06
 11.0
 11.16
 9.14
 9.18
 9.6
 9.06
 9.56
 9.42
 9.64
 10.16
 9.86
 10.06
 9.02
 8.62
 9.34
 10.0
 9.6
 9.36
 8.98
 9.08
 9.58
 11.88
 12.36
 11.22
 9.48
 10.92
 9.5
 9.48
 12.02
 10.84
 8.94
 10.94
 11.04
 8.74
 10.08
 11.78
 11.04
 9.62
 11.74
 10.88
 12.34
 10.82
 10.86
 13.28
 12.18
 8.84
 9.32
 10.26
 9.02
 10.14
 10.62
 9.3
 9.32
 10.98
 9.94
 9.2
 9.56
 11.22
 11.04
 8.72
 9.04
 8.92
 10.38
 9.08
 9.12
 9.96
 9.68
 9.38
 9.98
 9.46
 10.04
 10.06
 8.52
 10.62
 10.5
 10.08
 9.46
 10.32
 9.32
 9.74
 11.0
 8.38
 8.92
 10.98
 10.02
 9.16
 10.44
 9.74
 9.76
 11.06
 8.28
 10.34
 9.82
 8.8
 9.68
 9.38
 9.36
 9.32
 9.4
 9.38
 9.4
 9.0
 10.96
 10.6
 10.06
 9.18
 8.96
 8.98
 9.54
 9.44
 9.2
 9.24
 9.24
 9.44
 9.66
 9.86
 9.84
 10.48
 9.0
 10.1
 9.26
 9.58
 9.26
 9.38
 9.06
 9.46
 9.56
 9.94
 8.76
 10.26
 11.06
 9.84
 9.98
 8.96
 8.72
 9.04
 9.08
 8.28
 9.98
 8.82
 9.2
 9.32
 9.28
 9.46
 10.8
 8.54
 9.3
 8.74
 9.8
 9.7
 8.86
 8.96
 9.66
 9.62
 9.3
 8.28
 9.96
 9.74
 9.34
 9.54
 8.56
 9.36
 9.0
 9.44
 9.3
 8.62
 10.46
 10.38
 9.48
 9.04
 8.58
 9.42
 9.9
 9.36
 9.86
 9.22
 8.36
 9.28
 9.28
 9.76
 9.06
 8.7
 9.4
 8.42
 9.22
 9.18
 9.34
 8.48
 9.84
 9.36
 8.36
 9.28
 9.6
 8.86
 9.46
 9.64
 9.8
 8.64
 9.02
 8.54
 9.04
 9.68
 9.14
 9.66
 8.88
 9.0
 9.16
 9.7
 9.28
 8.18
 9.68
 9.22
 9.0
 9.26
 8.98
 9.36
 8.76
 9.0
 10.14
 8.46
 10.28
 8.98
 9.6
 8.6
 9.18
 9.52
 8.86
 9.7
 9.44
 9.8
 11.64
 9.04
 10.08
 9.12
 9.2
 9.3
 9.88
 8.92
 10.72
 9.98
 10.06
 8.92
 9.5
 9.64
 9.12
 9.84
 9.52
 10.82
 9.62
 8.74
 9.14
 8.98
 9.16
 8.72
 9.26
 9.2
 10.04
 8.64
 9.24
 9.12
 8.96
 9.48
 9.06
 10.34
 8.72
 10.08
 9.08
 9.82
 8.52
 8.92
 8.84
 10.0
 11.62
 9.46
 9.5
 9.34
 8.98
 10.6
 9.1
 8.28
 8.68
 9.72
 8.571428571428571
 11.06
 9.62
 11.64
 9.32
 9.68
 9.2
 9.1
 10.14
 8.8
 10.5
 9.46
 9.84
 9.18
 8.9
 8.42
 9.7
 9.64
 9.78
 8.98
 10.62
 11.52
 10.62
 13.66
 11.48
 13.14
 10.78
 12.6
 9.06
 11.22
 11.081632653061224
 9.48
 10.5
 11.68
 11.28
 10.68
 10.38
 10.5
 10.42
 9.94
 9.82
 10.46
 9.36
 12.86
 11.8
 10.2
 10.74
 11.08
 11.26
 10.0
 12.42
 9.98
 9.64
 9.72
 9.9
 10.7
 9.28
 10.74
 10.44
 9.7
 10.2
 8.84
 9.78
 9.72
 9.2
 10.22
 10.6
 9.24
 9.14
 11.04
 9.8
 9.5
 10.64
 11.72
 8.82
 11.54
 10.2
 9.94
 10.26
 10.62
 9.08
 10.72
 11.16326530612245
 11.96
 10.54
 12.7
 13.02
 13.68
 10.9
 11.02
 13.3
 11.5
 11.34
 11.34
 12.040816326530612
 11.72
 11.84
 12.64
 11.22
 11.1
 10.306122448979592
 10.74
 11.34
 11.86
 10.36
 12.38
 11.32
 12.4
 12.7
 10.82
 12.4
 11.16
 8.82
 11.84
 13.56
 11.02
 10.32
 11.76
 12.26
 12.44
 14.66
 11.62
 12.4
 12.04
 13.62
 13.26
 10.489795918367347
 11.04
 12.183673469387756
 13.66
 12.06
 10.92
 11.0
 13.24
 11.52
 11.62
 12.24
 11.44
 12.2
 11.88
 11.0
 11.66
 11.54
 11.66
 13.56
 12.94
 12.04
 13.1
 13.42
 10.88
 12.42
 14.32
 13.18
 12.84
 13.22
 11.9
 13.18
 14.0
 12.64
 11.9
 11.12
 11.84
 12.9
 10.26
 11.84
 12.8
 11.06
 13.24
 14.34
 13.38
 10.56
 14.3
 12.2
 10.82
 12.36
 12.92
 12.34
 12.3
 11.48
 12.68
 11.98
 12.54
 11.68
 10.88
 11.653061224489797
 11.64
 12.58
 12.02
 13.44
 11.88
 11.24
 12.78
 12.14
 12.62
 13.52
 13.64
 12.42
 12.16
 12.28
 11.68
 10.36734693877551
 9.76
 13.6
 14.74
 11.36734693877551
 11.54
 13.14
 13.54
 13.94
 12.9
 11.44
 13.82
 11.54
 13.4
 14.204081632653061
 10.54
 14.9
 10.08
 11.88
 12.541666666666666
 11.46
 12.6
 9.54
 10.36
 11.82
 14.0
 13.26
 12.8
 11.56
 11.26
 12.7
 11.88
 10.72
 11.64
 11.32
 10.7
 11.1
 10.02
 11.1
 11.52
 11.5
 11.1
 9.28
 10.18
 10.22
 10.28
 10.62
 10.32
 10.6
 9.74
 9.82
 10.74
 9.78
 10.22
 9.96
 10.02
 9.4
 10.12
 10.66
 10.66
 10.94
 10.16
 9.857142857142858
 11.3
 11.26
 10.12
 10.0
 10.08
 12.42
 10.68
 10.04
 9.42
 10.3
 10.5
 10.08
 11.76
 10.9
 10.8
 9.428571428571429
 11.16
 9.693877551020408
 10.68
 11.08
 10.38
 11.94
 10.54
 10.42
 10.14
 11.7
 12.38
 10.52
 9.84
 10.12
 11.22
 12.4
 11.7
 11.46
 9.959183673469388
 10.72
 10.54
 10.38
 11.64
 10.52
 10.7
 12.36
 9.64
 10.28
 9.24
 13.26
 10.52
 12.2
 10.02
 9.92
 9.8
 12.48
 10.58
 9.62
 11.48
 9.76
 9.78
 9.72
 9.42
 10.04
 10.58
 9.84
 10.94
 9.94
 10.22
 10.74
 9.8
 10.4
 9.9
 10.46
 10.12
 9.56
 11.12
 9.22
 9.96
 9.98
 8.96
 9.84
 10.94
 10.54
 10.06
 11.48
 11.84
 9.88
 11.82
 11.76
 10.62
 9.84
 12.66
 9.42
 12.58
 10.98
 11.7
 11.18
 11.1
 12.22
 10.76
 10.82
 11.2
 12.08
 10.94
 9.96
 10.74
 11.48
 12.5
 12.26
 11.56
 11.88
 12.56
 10.92
 12.24
 9.48
 11.82
 11.2
 10.78
 10.68
 10.98
 12.02
 10.18
 11.82
 9.68
 10.32
 12.66
 11.02
 10.68
 10.18
 11.76
 9.98
 11.8
 12.04
 13.08
 12.9
 13.16
 10.96
 12.22
 11.89795918367347
 12.1
 11.5
 12.04
 9.34
 11.92
 10.98
 10.38
 13.24
 11.58
 14.08
 11.82
 10.22
 12.0
 13.76
 12.54
 10.14
 10.02
 9.9
 10.52
 12.82
 10.9
 11.34
 11.1
 10.46
 10.46
 9.66
 10.42
 9.86
 12.78
 10.34
 11.62
 10.9
 10.34
 10.32
 11.46
 11.58
 11.14
 11.36
 10.34
 10.76
 10.32
 10.54
 9.8
 10.4
 11.0
 10.46
 10.6
 10.18
 10.46
 11.7
 10.74
 10.64
 10.16
 11.04
 10.2
 11.22
 11.16
 10.84
 10.86
 10.54
 10.32
 12.8
 9.9
 10.56
 10.44
 10.18
 10.0
 10.82
 10.28
 10.96
 9.44
 9.8
 10.26
 9.92
 10.18
 9.92
 10.28
 10.62
 11.02
 10.58
 10.08
 10.64
 9.96
 10.64
 10.94
 10.84
 10.12
 10.5
 11.54
 11.58
 10.18
 10.38
 10.38
 10.36
 10.24
 10.0
 9.64
 9.92
 10.04
 10.04
 9.94
 9.62
 9.54
 10.06
