 -1118.0
 -628.54
 -341.18
 -608.08
 -647.94
 -528.98
 -446.24
 -404.36
 -487.7
 -76.72
 213.18
 211.72
 374.2
 619.36
 383.24
 581.98
 541.34
 712.48
 589.96
 629.0
 797.2
 919.82
 836.78
 834.68
 882.7
 842.9
 918.56
 927.58
 925.32
 927.6
 929.4
 928.36
 932.16
 972.62
 974.18
 973.3
 975.48
 975.18
 972.84
 975.92
 975.8
 975.24
 973.94
 977.22
 976.92
 975.72
 977.04
 976.92
 980.52
 978.16
 980.68
 981.54
 977.94
 981.56
 980.98
 978.48
 979.68
 979.8
 979.0
 981.08
 982.44
 980.72
 980.3
 982.18
 978.98
 981.42
 982.34
 984.02
 981.72
 983.08
 979.24
 982.42
 982.7
 981.26
 982.58
 982.88
 982.98
 982.58
 982.18
 984.98
 985.98
 984.46
 985.2
 984.64
 984.9
 985.36
 985.64
 984.98
 984.6
 986.46
 985.52
 985.08
 985.88
 985.34
 985.54
 983.96
 984.86
 985.8
 985.9
 986.6
 986.78
 986.44
 985.4
 985.48
 986.28
 985.3
 986.14
 986.6
 985.94
 986.52
 987.42
 987.8
 986.2
 986.46
 988.64
 987.98
 987.36
 987.84
 987.14
 987.56
 987.06
 988.7
 988.06
 987.24
 988.16
 988.1
 988.22
 987.52
 988.2
 988.02
 988.08
 987.9
 988.78
 988.2
 989.18
 989.78
 988.74
 989.6
 988.26
 988.48
 989.66
 989.86
 987.6
 989.8
 988.82
 989.18
 988.72
 989.58
 989.62
 988.68
 990.28
 988.68
 989.24
 989.74
 989.2
 989.92
 990.08
 988.44
 990.34
 989.86
 989.32
 989.0
 989.86
 989.32
 989.68
 989.62
 989.8
 989.0
 989.68
 988.78
 989.22
 990.4
 990.0
 990.42
 989.92
 989.9
 989.7
 989.4
 989.48
 990.0
 990.74
 989.98
 990.58
 990.16
 990.22
 990.12
 989.58
 989.86
 989.68
 989.3
 989.6
 988.58
 989.68
 990.48
 990.28
 990.38
 990.54
 989.44
 990.58
 990.52
 990.26
 989.66
 990.14
 990.82
 990.42
 990.46
 990.16
 990.08
 990.76
 990.48
 990.9
 990.6
 989.42
 990.46
 990.48
 990.68
 990.9
 990.14
 990.68
 990.28
 991.06
 989.46
 990.76
 991.02
 991.12
 991.12
 990.98
 989.7
 989.36
 991.22
 990.88
 990.84
 987.36
 990.72
 989.82
 990.62
 988.78
 987.3
 989.78
 990.88
 990.08
 986.84
 987.92
 989.54
 987.84
 987.74
 947.82
 988.78
 944.4
 988.78
 943.88
 946.04
 947.9
 948.12
 987.02
 948.52
 989.86
 991.26
 986.28
 989.22
 989.04
 944.98
 949.78
 990.42
 990.1
 990.5
 990.28
 987.34
 988.62
 988.16
 987.7
 947.76
 990.92
 989.56
 989.06
 990.4
 990.54
 989.38
 989.78
 990.64
 989.0
 948.36
 989.18
 989.84
 990.18
 991.62
 990.04
 990.72
 949.12
 948.84
 989.88
 988.88
 991.16
 988.32
 990.82
 990.4
 990.64
 990.6
 907.52
 991.36
 990.94
 988.28
 991.48
 990.92
 991.1
 990.64
 990.78
 989.92
 990.2
 990.34
 905.42
 988.8
 989.66
 990.88
 990.6
 989.04
 948.48
 989.76
 990.58
 989.16
 990.66
 949.26
 990.2
 988.2
 991.06
 990.56
 990.7
 990.72
 947.04
 990.8
 989.98
 990.26
 989.2
 988.28
 989.9
 989.98
 990.84
 990.26
 990.04
 990.98
 990.22
 990.54
 990.1
 990.96
 990.46
 989.02
 989.48
 990.56
 990.34
 948.68
 990.88
 990.34
 990.04
 988.96
 990.5
 991.08
 989.96
 991.0
 990.76
 947.74
 990.9
 990.06
 988.58
 990.86
 990.68
 949.04
 988.76
 990.58
 947.18
 990.9
 947.38
 947.3
 904.14
 946.72
 948.6
 907.58
 988.54
 990.78
 991.02
 945.34
 947.44
 948.3
 902.48
 863.44
 947.44
 947.72
 947.02
 903.46
 945.66
 946.94
 945.84
 903.3
 985.56
 948.02
 984.88
 946.96
 946.58
 903.24
 990.16
 945.26
 946.6
 946.14
 945.36
 989.18
 983.86
 942.92
 943.96
 989.38
 944.32
 944.08
 985.5
 986.58
 946.44
 990.42
 905.28
 987.46
 945.38
 989.52
 944.92
 987.54
 903.52
 946.98
 862.4
 904.04
 990.52
 987.34
 988.16
 989.18
 988.98
 988.24
 989.66
 945.52
 991.1
 990.48
 946.42
 988.88
 989.04
 947.04
 988.94
 989.42
 946.82
 989.92
 987.46
 987.0
 989.68
 988.84
 990.74
 991.04
 990.14
 990.32
 991.38
 990.52
 990.78
 991.0
 990.02
 990.8
 990.5
 991.28
 991.32
 990.58
 991.12
 991.92
 990.66
 991.26
 990.28
 990.94
 990.58
 990.26
 990.92
 990.72
 990.62
 990.58
 990.84
 991.06
 991.18
 991.66
 990.86
 990.12
 990.32
 991.34
 990.28
 990.6
 988.64
 990.82
 990.58
 990.88
 990.5
 990.52
 991.1
 991.22
 990.74
 990.96
 990.4
 990.64
 990.86
 990.58
 990.16
 990.96
 991.1
 990.76
 990.7
 990.8
 990.94
 991.04
 990.24
 991.0
 990.84
 990.86
 990.72
 990.7
 990.34
 990.68
 990.5
 990.4
 990.86
 990.7
 990.78
 990.94
 990.54
 990.88
 991.06
 991.06
 991.34
 990.5
 990.52
 990.88
 991.14
 990.94
 990.98
 990.92
 990.58
 990.42
 989.82
 991.76
 990.8
 991.38
 990.9
 991.2
 991.28
 991.02
 990.48
 990.6
 991.22
 991.12
 990.96
 990.8
 990.88
 991.38
 990.94
 990.48
 990.7
 991.48
 990.48
 991.2
 991.1
 991.2
 990.86
 990.62
 991.46
 991.0
 991.22
 990.56
 990.52
 990.88
 991.16
 991.36
 990.76
 990.2
 991.06
 991.2
 990.96
 990.26
 990.62
 991.74
 991.54
 991.12
 990.12
 987.38
 990.8
 990.94
 991.42
 990.92
 991.66
 990.84
 988.58
 991.2
 991.66
 991.48
 987.88
 990.78
 991.24
 991.22
 990.78
 991.08
 990.56
 990.06
 991.44
 990.8
 991.58
 991.1
 991.12
 989.82
 991.66
 991.42
 990.62
 991.1
 990.54
 990.72
 991.02
 991.82
 991.34
 990.26
 990.5
 991.12
 989.48
 991.1
 991.1
 990.7
 991.12
 990.82
 990.12
 990.48
 990.74
 990.76
 990.94
 990.82
 991.42
 991.72
 991.14
 990.84
 991.78
 991.46
 991.28
 991.42
 990.86
 990.46
 990.34
 991.86
 990.92
 991.14
 949.8
 989.4
 990.96
 990.82
 990.32
 989.88
 990.9
 991.14
 989.88
 990.8
 989.8
 989.7
 990.38
 991.28
 991.06
 989.52
 991.46
 990.2
 990.54
 990.12
 989.16
 988.6
 990.4
 988.18
 947.24
 990.24
 990.48
 988.36
 989.6
 990.9
 989.5
 988.2
 988.98
 989.3
 991.06
 991.0
 988.16
 989.94
 991.74
 990.96
 989.66
 989.92
 990.12
 991.6
 990.38
 990.8
 991.4
 991.3
 991.54
 990.66
 991.44
 990.66
 991.34
 989.6
 991.5
 991.18
 990.84
 991.88
 991.64
 990.82
 991.26
 991.84
 990.62
 989.68
 990.18
 991.34
 991.64
 991.24
 988.36
 991.1
 989.5
 990.34
 990.8
 989.12
 991.52
 990.98
 991.46
 991.7
 991.3
 991.32
 990.24
 991.46
 990.22
 990.32
 990.74
 991.0
 991.82
 991.64
 949.92
 991.22
 991.44
 991.14
 989.46
 990.48
 990.44
 948.54
 990.18
 991.38
 949.0
 990.66
 988.58
 991.12
 990.78
 991.48
 991.52
 991.1
 991.56
 991.3
 991.3
 991.48
 991.52
 991.62
 991.6
 991.44
 991.78
 991.58
 991.34
 991.8
 991.22
 991.06
 991.12
 991.44
 991.3
 991.46
 990.92
 991.78
 991.38
 991.34
 991.88
 990.68
 991.28
 992.46
 991.6
 991.94
 990.24
 991.32
 991.18
 990.66
 990.68
 991.64
 991.12
 990.82
 992.06
 991.58
 991.38
 991.42
 991.64
 991.6
 990.98
 991.52
 990.98
 991.56
 991.4
 991.76
 991.38
 991.5
 991.32
 990.82
 991.1
 989.86
 988.66
 991.58
 990.46
 989.32
 990.44
 990.92
 991.66
 990.68
 991.44
 990.74
 990.86
 991.72
 991.0
 991.24
 992.24
 990.5
 991.08
 991.0
 990.76
 991.92
 991.2
 991.58
 990.46
 991.0
 949.74
 990.88
 991.86
 991.62
 990.42
 990.78
 990.84
 991.22
 991.08
 991.64
 990.98
 990.94
 991.4
 991.0
 991.7
 991.48
 991.1
 990.94
 991.26
 990.5
 991.28
 990.84
 991.16
 990.66
 990.48
 991.0
 990.98
 991.26
 991.3
 991.76
 991.8
 990.9
 990.7
 990.94
 990.34
 990.52
 991.08
 991.58
 991.02
 990.86
 991.34
 990.76
 990.54
 991.9
 991.48
 990.56
 991.28
 989.32
 991.4
 991.0
 990.4
 991.52
 991.58
 990.36
 990.42
 990.78
 991.28
 991.0
 990.86
 991.62
 991.64
 991.28
 991.14
 990.98
 991.28
 991.54
 991.46
 990.54
 991.46
 991.28
 991.1
 992.0
 990.7
 991.06
 991.1
 991.0
 990.7
 990.46
 991.32
 991.02
 991.18
 991.58
 991.54
 989.5
 990.8
 991.04
 991.04
 990.26
 990.68
 990.08
 991.44
 990.74
 990.3
 991.44
 991.16
 990.24
 991.06
 990.48
 990.52
 990.06
 989.88
 988.36
 990.2
 990.46
 990.36
 989.8
 990.68
 990.14
 991.18
 991.68
 989.82
 990.44
 989.48
 990.88
 989.36
 990.64
 990.14
 991.16
 991.24
 990.62
 990.14
 991.08
 990.74
 990.98
 989.78
 990.56
 990.64
 990.98
 990.46
 990.44
 989.8
 990.78
 991.46
 990.48
 991.08
 991.04
 990.98
 991.32
 990.84
 990.68
 990.68
 990.5
 949.5
 990.9
 990.04
 991.62
 991.02
 991.3
 991.34
 991.36
 991.3
 990.74
 991.0
 991.02
 991.16
 991.3
 991.62
 991.7
 990.4
 990.2
 991.42
 991.68
 990.96
 991.58
 990.38
 991.4
 991.16
 987.48
 990.92
 990.88
 991.12
 990.86
 990.2
 991.56
 990.82
 990.86
 987.28
 990.46
 990.62
 991.62
 991.82
 988.88
 990.6
 991.6
 991.28
 990.84
 990.94
 990.82
 991.88
 990.9
 991.64
 991.1
 989.64
 990.24
 991.02
 990.74
 989.6
 990.98
 990.92
 991.18
 990.58
 991.58
 989.72
 989.18
 990.46
 991.12
 991.06
 991.86
 991.02
 991.74
 991.38
 991.42
 991.14
 990.22
 990.4
 991.0
 991.4
 990.7
 990.44
 990.96
 991.16
 990.94
 990.58
 991.42
 991.08
 991.26
 990.66
 990.86
 990.6
 990.56
 991.4
 990.1
 990.5
 990.84
 990.74
 991.16
 991.14
 990.88
 990.5
 990.22
 990.9
 991.14
 990.48
 990.9
 989.48
 991.32
 990.2
 991.18
 990.74
 990.58
 990.1
 990.44
 991.18
 990.9
 991.58
 990.06
 990.64
 990.3
 990.12
 990.92
 989.24
 990.44
 990.72
 990.4
 991.22
 990.54
 990.28
 989.04
 990.72
 990.12
 990.02
 990.1
 990.28
 990.88
 991.08
 991.32
 990.86
 989.8
 990.56
 947.44
 990.14
 990.8
 989.74
 990.44
 989.72
 990.08
 990.36
 990.4
 988.68
 990.88
 990.6
 989.74
 990.74
 990.78
 989.22
 990.88
 990.78
 991.08
 990.7
 991.36
 990.02
 990.58
 990.32
 990.46
 989.7
 991.62
 990.54
 990.56
 990.94
 991.36
 989.76
 989.92
 990.06
 989.8
 990.48
 990.7
 990.82
 989.24
 990.18
 988.54
 990.04
 948.8
 989.28
 990.36
 990.12
 990.66
 990.44
 990.44
 989.68
 990.6
 990.04
 990.48
 990.92
 990.36
 990.2
 991.3
 990.12
 990.44
 990.88
 989.7
 988.84
 990.58
 990.38
 990.02
 990.72
 990.62
 991.24
 988.32
 989.18
 990.22
 990.38
 990.7
 989.54
 990.28
 990.66
 989.74
 990.26
 990.6
 990.66
 990.66
 990.08
 990.54
 990.5
 989.8
 990.16
 990.86
 990.92
 991.0
 990.74
 989.68
 989.16
 989.58
 990.58
 947.36
 988.38
 989.32
 990.28
 989.48
 987.42
 989.8
 988.46
 990.3
 990.82
 990.5
 990.56
 988.78
 991.32
 989.66
 990.26
 990.26
 989.94
 989.0
 988.84
 990.86
 990.82
 990.4
 990.94
 990.44
 990.58
 990.36
 989.84
 990.14
 989.94
 990.98
 991.38
 990.66
 990.0
 990.4
 990.64
 991.04
 990.92
 990.42
 988.12
 987.64
 988.78
 990.52
 989.08
 990.5
 990.52
 987.98
 989.16
 991.06
 989.06
 988.96
 991.26
 989.92
 988.22
 988.96
 990.38
 988.26
 989.12
 987.66
 989.18
 989.14
 986.72
 987.82
 991.16
 990.68
 989.74
 990.98
 989.86
 989.38
 990.7
 990.68
 989.02
 990.06
 990.8
 990.44
 988.78
 988.96
 991.28
 990.96
 991.08
 989.62
 990.92
 990.88
 990.04
 990.32
 990.62
 990.02
 990.54
 989.96
 989.94
 991.48
 989.38
 989.5
 989.92
 990.54
 989.68
 990.68
 990.26
 989.0
 991.62
 991.08
 989.02
 989.98
 990.84
 989.56
 990.26
 990.24
 988.94
 991.72
 989.66
 990.18
 991.2
 990.32
 990.62
 990.64
 990.68
 990.6
 990.62
 990.6
 991.0
 989.04
 989.4
 989.94
 990.82
 991.04
 991.02
 990.46
 990.56
 990.8
 990.76
 990.76
 990.56
 990.34
 990.14
 990.16
 989.52
 991.0
 989.9
 990.74
 990.42
 990.74
 990.62
 990.94
 990.54
 990.44
 990.06
 991.24
 989.74
 988.94
 990.16
 990.02
 991.04
 991.28
 990.96
 990.92
 991.72
 990.02
 991.18
 990.8
 990.68
 990.72
 990.54
 989.2
 991.46
 990.7
 991.26
 990.2
 990.3
 991.14
 991.04
 990.34
 990.38
 990.7
 991.72
 990.04
 990.26
 990.66
 990.46
 991.44
 990.66
 991.0
 990.56
 990.7
 991.38
 989.54
 989.62
 990.52
 990.96
 991.42
 990.58
 990.1
 990.64
 990.14
 990.78
 991.64
 990.72
 990.72
 990.24
 990.94
 991.3
 990.6
 991.58
 990.78
 990.82
 990.66
 991.52
 990.16
 990.64
 991.64
 990.72
 990.4
 991.14
 990.54
 990.36
 990.2
 991.36
 990.98
 991.46
 990.96
 990.32
 990.86
 990.34
 991.12
 991.0
 990.84
 990.3
 990.72
 991.82
 990.32
 990.78
 991.0
 990.74
 991.02
 990.64
 991.24
 991.0
 989.86
 991.54
 989.72
 991.02
 990.4
 991.4
 990.82
 990.48
 991.14
 990.3
 990.56
 990.2
 988.36
 990.96
 989.92
 990.88
 990.8
 990.7
 990.12
 991.08
 989.28
 990.04
 989.94
 991.08
 990.5
 990.36
 990.88
 990.16
 990.48
 989.18
 990.38
 991.26
 990.86
 991.04
 990.84
 991.28
 990.74
 990.8
 989.96
 991.36
 990.76
 990.88
 991.04
 990.52
 990.94
 989.66
 991.28
 989.92
 990.92
 990.18
 991.48
 991.08
 991.16
 990.0
 988.38
 990.54
 990.5
 990.66
 991.02
 989.4
 990.9
 991.72
 991.32
 990.28
 949.66
 988.94
 990.38
 988.36
 990.68
 990.32
 990.8
 990.9
 989.86
 991.2
 989.5
 990.54
 990.16
 990.82
 991.1
 991.58
 990.3
 990.36
 990.22
 991.02
 989.38
 988.48
 989.38
 986.34
 988.52
 986.86
 989.22
 987.4
 990.94
 988.78
 947.2
 990.52
 989.52
 988.32
 988.72
 989.32
 989.62
 989.5
 989.58
 990.06
 990.18
 989.54
 990.64
 987.14
 988.2
 989.8
 989.26
 988.92
 988.74
 990.0
 987.58
 990.02
 990.36
 990.28
 990.1
 989.3
 990.72
 989.26
 989.56
 990.3
 989.8
 991.16
 990.22
 990.28
 990.8
 989.78
 989.4
 990.76
 990.86
 988.96
 990.2
 990.5
 989.36
 988.28
 991.18
 988.46
 989.8
 990.06
 989.74
 989.38
 990.92
 989.28
 947.14
 988.04
 989.46
 987.3
 986.98
 986.34
 989.1
 988.98
 986.7
 988.5
 988.66
 988.66
 946.26
 988.28
 988.16
 987.36
 988.78
 988.9
 947.96
 989.26
 988.66
 988.14
 989.64
 987.62
 988.68
 987.6
 987.3
 989.18
 987.6
 988.84
 991.18
 988.16
 986.44
 988.98
 989.68
 988.24
 987.74
 987.56
 985.34
 988.38
 987.6
 987.96
 986.38
 986.74
 947.78
 988.96
 946.12
 986.34
 987.94
 989.08
 989.0
 986.76
 988.48
 988.38
 987.76
 988.56
 987.8
 988.12
 989.0
 988.34
 988.46
 988.34
 986.44
 987.06
 987.96
 986.9
 986.58
 989.12
 987.58
 985.68
 986.82
 987.16
 986.78
 988.1
 986.82
 986.0
 987.36
 988.1
 988.88
 988.16
 987.1
 989.74
 988.16
 987.2
 988.94
 986.76
 985.66
 986.62
 989.44
 985.7
 987.8
 989.18
 987.64
 987.08
 987.66
 987.7
 988.52
 987.32
 988.02
 987.46
 988.32
 989.12
 946.64
 988.36
 987.42
 987.98
 986.56
 988.12
 988.76
 987.22
 987.86
 987.38
 986.48
 986.36
 987.58
 987.84
 987.72
 988.32
 947.9
 990.24
 986.4
 985.26
 946.92
 988.46
 986.88
 986.46
 986.06
 987.1
 988.56
 986.18
 988.46
 986.6
 944.14
 989.46
 985.1
 989.92
 988.12
 904.08
 988.54
 987.4
 990.46
 989.64
 988.18
 986.0
 986.74
 987.2
 988.44
 988.74
 987.3
 988.12
 989.28
 988.36
 988.68
 989.3
 988.9
 989.98
 988.9
 988.48
 988.5
 988.9
 990.72
 989.82
 989.78
 989.72
 989.38
 989.68
 989.4
 990.26
 990.18
 989.26
 990.22
 989.78
 990.04
 989.98
 990.6
 989.88
 989.34
 989.34
 989.06
 989.84
 948.4
 988.7
 988.74
 989.88
 990.0
 989.92
 987.58
 989.32
 989.96
 990.58
 989.7
 989.5
 989.92
 988.24
 989.1
 989.2
 948.82
 988.84
 948.56
 989.32
 988.92
 989.62
 988.06
 989.46
 989.58
 989.86
 988.3
 987.62
 989.48
 990.16
 989.88
 988.78
 987.6
 988.3
 988.54
 948.3
 989.28
 989.46
 989.62
 988.36
 989.48
 989.3
 987.64
 990.36
 989.72
 990.76
 986.74
 989.48
 987.8
 989.98
 990.08
 990.2
 987.52
 989.42
 990.38
 988.52
 990.24
 990.22
 990.28
 990.58
 989.96
 989.42
 990.16
 989.06
 990.06
 989.78
 989.26
 990.2
 989.6
 990.1
 989.54
 989.88
 990.44
 988.88
 990.78
 990.04
 990.02
 991.04
 990.16
 989.06
 989.46
 989.94
 988.52
 988.16
 990.12
 988.18
 988.24
 989.38
 990.16
 987.34
 990.58
 987.42
 989.02
 988.3
 988.82
 988.9
 987.78
 989.24
 989.18
 988.8
 987.92
 989.06
 990.04
 989.26
 988.52
 987.5
 987.74
 988.44
 988.12
 987.44
 989.08
 987.76
 990.52
 988.18
 988.8
 989.22
 989.32
 989.02
 987.98
 989.82
 988.18
 990.32
 989.68
 987.34
 988.98
 989.32
 989.82
 988.24
 990.02
 988.2
 987.96
 986.92
 987.1
 986.84
 989.04
 987.78
 946.38
 987.9
 988.5
 987.96
 990.66
 988.08
 989.02
 989.62
 986.76
 988.42
 985.92
 988.18
 989.78
 988.0
 986.24
 987.46
 989.86
 989.98
 990.1
 989.48
 987.18
 989.1
 988.66
 988.9
 989.54
 989.54
 990.34
 989.58
 990.14
 987.22
 989.66
 988.38
 989.1
 989.66
 989.68
 988.54
 988.42
 988.86
 988.64
 989.66
 989.24
 989.68
 989.46
 990.2
 989.6
 989.0
 989.54
 989.4
 989.82
 989.54
 988.3
 989.26
 989.36
 989.84
 988.96
 989.8
 988.78
 988.84
 989.16
 989.14
 989.46
 989.68
 987.2
 990.1
 989.44
 989.56
 989.82
 990.0
 989.18
 989.72
 989.04
 990.56
 990.2
 989.74
 990.08
 989.82
 990.08
 989.72
 989.38
 988.98
 989.42
 989.92
 989.36
 990.04
 989.36
 989.06
 989.16
 989.88
 989.5
 988.46
 988.42
 989.82
 989.62
 989.62
 989.64
 989.76
 990.0
 990.36
 990.08
 989.96
 989.96
 990.06
 990.38
 990.46
 989.94
