 -1119.0
 -177.48
 -669.12
 -724.96
 -600.0
 -440.04
 -684.32
 -600.06
 -196.78
 -317.16
 -316.2
 -315.36
 -354.98
 53.22
 -235.4
 93.04
 95.58
 254.88
 343.5
 586.46
 383.18
 465.94
 470.84
 592.06
 552.12
 589.52
 671.94
 677.44
 679.32
 837.7
 721.72
 841.2
 882.96
 843.12
 763.56
 886.32
 885.04
 843.42
 849.3
 846.98
 847.24
 967.42
 967.54
 851.02
 930.18
 889.84
 931.4
 890.76
 975.86
 972.98
 850.12
 932.44
 933.18
 851.82
 977.14
 935.4
 978.72
 976.2
 980.52
 937.6
 937.9
 976.82
 938.98
 979.96
 979.72
 976.86
 936.88
 979.58
 982.62
 982.42
 981.56
 981.12
 978.72
 980.26
 976.86
 979.4
 980.1
 980.9
 980.08
 981.4
 984.04
 983.24
 983.84
 982.8
 983.94
 983.76
 982.0
 983.86
 983.56
 983.46
 982.28
 980.34
 983.22
 983.9
 982.32
 984.74
 984.58
 982.5
 985.44
 985.0
 984.8
 985.2
 985.82
 987.08
 984.4
 985.48
 986.14
 985.66
 985.14
 984.14
 988.22
 986.12
 985.64
 986.84
 986.04
 987.5
 986.06
 986.34
 986.36
 986.02
 986.3
 986.32
 987.58
 987.86
 987.24
 988.08
 987.86
 986.24
 987.64
 986.78
 988.74
 987.04
 988.74
 988.0
 988.24
 988.74
 988.48
 987.74
 987.88
 988.54
 987.04
 987.5
 988.24
 988.38
 988.46
 987.66
 987.5
 988.42
 989.08
 987.88
 988.32
 988.02
 988.16
 988.0
 988.6
 988.04
 988.24
 989.56
 988.84
 988.0
 988.72
 988.7
 988.2
 988.64
 988.12
 988.36
 988.6
 989.1
 988.0
 989.04
 988.24
 987.84
 988.6
 987.92
 988.86
 989.18
 988.7
 988.56
 988.66
 989.42
 989.0
 988.86
 989.54
 988.82
 988.54
 988.9
 988.66
 990.0
 988.56
 988.3
 988.8
 988.54
 989.04
 988.96
 989.52
 987.56
 989.88
 988.22
 988.9
 987.62
 988.92
 989.04
 989.54
 988.34
 988.3
 988.28
 989.28
 988.22
 987.94
 988.58
 988.28
 988.52
 988.34
 987.28
 988.58
 989.4
 988.54
 987.5
 989.2
 989.36
 989.2
 989.18
 989.18
 989.22
 988.9
 988.3
 987.84
 988.74
 989.36
 988.52
 988.96
 988.68
 988.18
 988.44
 989.36
 989.24
 988.74
 989.46
 987.22
 988.7
 989.24
 988.72
 988.2
 988.78
 988.82
 988.48
 988.58
 988.1
 989.12
 988.84
 988.96
 988.82
 988.32
 988.48
 989.04
 989.04
 988.54
 989.28
 988.76
 988.5
 987.42
 989.36
 989.32
 988.7
 988.72
 988.4
 989.4
 988.78
 988.12
 989.34
 989.74
 988.48
 988.82
 989.08
 988.1
 988.2
 988.46
 988.96
 989.48
 988.62
 988.66
 988.52
 989.34
 988.4
 988.2
 989.24
 988.74
 988.22
 988.74
 989.14
 987.4
 989.32
 988.88
 989.18
 989.32
 989.48
 988.88
 988.5
 989.32
 989.32
 988.96
 988.5
 987.66
 989.06
 988.9
 989.14
 988.84
 988.86
 988.04
 988.46
 988.64
 988.98
 988.04
 988.36
 988.6
 989.62
 989.26
 989.52
 988.26
 988.78
 989.22
 989.42
 989.34
 988.74
 989.06
 988.58
 988.62
 988.44
 988.52
 989.54
 988.96
 989.54
 988.72
 988.84
 990.02
 989.32
 989.12
 988.44
 988.84
 988.54
 989.28
 946.84
 988.78
 989.46
 989.66
 988.66
 988.9
 988.46
 989.0
 989.32
 989.04
 988.54
 988.26
 989.94
 989.2
 989.32
 988.66
 988.92
 989.34
 989.48
 989.54
 989.4
 988.3
 989.12
 989.5
 988.84
 989.42
 988.5
 988.88
 988.84
 989.18
 989.34
 989.06
 988.26
 988.92
 988.48
 988.92
 989.1
 988.8
 989.3
 989.38
 988.3
 987.84
 989.24
 988.36
 988.72
 987.94
 989.7
 989.1
 989.06
 989.02
 989.24
 988.56
 988.7
 988.86
 989.12
 988.14
 989.66
 989.1
 988.98
 988.88
 989.78
 989.2
 988.3
 989.32
 988.88
 989.02
 988.58
 989.32
 989.58
 989.24
 988.64
 988.72
 988.62
 988.66
 988.48
 989.1
 988.08
 988.94
 988.18
 988.74
 988.66
 989.36
 988.92
 989.02
 989.14
 988.48
 988.84
 988.62
 989.08
 989.18
 989.58
 989.46
 989.72
 988.98
 989.2
 988.82
 988.84
 988.66
 989.04
 988.8
 988.88
 989.02
 987.88
 988.9
 988.7
 988.48
 988.54
 988.86
 988.64
 989.4
 988.14
 989.28
 989.16
 988.54
 989.08
 989.1
 989.72
 988.12
 989.14
 988.0
 988.44
 988.72
 988.66
 989.5
 988.76
 988.66
 989.26
 989.28
 988.2
 989.38
 988.24
 989.1
 989.12
 988.6
 988.58
 989.64
 989.8
 988.82
 988.76
 988.98
 989.3
 989.34
 989.32
 989.52
 987.92
 989.14
 989.14
 989.32
 988.62
 989.62
 988.92
 988.92
 988.26
 989.02
 988.48
 989.3
 989.26
 989.1
 988.64
 989.04
 988.28
 988.84
 988.82
 988.78
 989.4
 988.96
 989.28
 989.38
 988.68
 989.74
 989.22
 989.24
 988.9
 988.66
 987.48
 989.54
 988.58
 988.8
 989.02
 989.04
 988.64
 989.32
 988.6
 988.64
 988.9
 988.98
 989.14
 989.14
 989.08
 989.14
 988.7
 988.68
 988.54
 989.28
 988.82
 989.16
 989.04
 988.5
 988.5
 989.56
 988.72
 988.5
 989.42
 988.92
 989.46
 989.36
 988.86
 989.22
 989.1
 989.02
 988.24
 989.58
 988.48
 987.86
 989.9
 988.16
 988.74
 988.86
 988.54
 988.84
 989.16
 988.52
 988.94
 988.5
 988.84
 988.66
 988.26
 988.64
 989.22
 988.96
 988.46
 988.94
 989.28
 988.98
 988.84
 988.84
 988.94
 988.7
 988.88
 989.1
 988.92
 988.68
 988.84
 988.8
 988.36
 988.78
 988.96
 987.78
 988.18
 989.62
 988.98
 989.18
 988.28
 988.28
 989.1
 988.6
 989.04
 989.18
 989.1
 989.56
 989.68
 988.72
 988.0
 988.34
 989.58
 988.8
 989.0
 989.28
 989.14
 989.34
 988.9
 989.2
 989.36
 989.24
 988.36
 989.62
 988.88
 988.78
 989.22
 988.84
 989.06
 989.48
 989.72
 990.08
 988.22
 988.84
 989.06
 989.4
 988.52
 988.7
 988.8
 988.4
 988.88
 989.22
 989.08
 989.44
 989.84
 989.1
 987.98
 988.38
 989.18
 989.1
 988.98
 988.62
 989.06
 988.0
 989.6
 989.38
 988.38
 988.92
 988.66
 988.84
 988.42
 988.68
 988.68
 989.18
 988.9
 988.86
 989.66
 988.24
 989.76
 989.12
 988.66
 988.62
 989.18
 987.98
 989.2
 989.42
 988.08
 988.44
 989.24
 989.08
 988.36
 989.56
 988.72
 988.36
 989.0
 989.08
 988.46
 989.0
 988.6
 988.96
 988.94
 989.48
 988.34
 988.74
 989.0
 988.26
 989.44
 989.34
 988.4
 989.2
 989.46
 989.3
 989.08
 989.18
 989.42
 988.82
 988.44
 989.48
 988.64
 989.12
 988.46
 989.06
 989.16
 988.88
 987.94
 988.62
 988.96
 989.1
 988.94
 988.86
 988.44
 988.46
 988.82
 989.32
 988.82
 989.66
 988.88
 989.58
 988.58
 988.82
 989.4
 988.44
 989.0
 988.02
 988.38
 989.18
 988.78
 988.66
 989.24
 989.38
 987.46
 988.74
 988.98
 988.48
 989.22
 988.74
 989.2
 988.48
 989.24
 989.2
 989.5
 989.34
 988.94
 989.2
 988.0
 989.12
 988.68
 989.7
 989.26
 989.02
 988.52
 989.34
 989.18
 988.82
 988.62
 989.04
 989.08
 989.48
 989.4
 988.46
 989.0
 989.48
 989.1
 989.7
 989.06
 988.94
 990.08
 989.54
 988.9
 989.06
 989.18
 989.14
 989.34
 989.5
 989.1
 988.76
 988.42
 989.56
