 nan
 71.04347826086956
 84.27272727272727
 61.55555555555556
 48.333333333333336
 59.5
 62.2
 50.083333333333336
 60.63636363636363
 57.1578947368421
 54.8421052631579
 52.473684210526315
 49.77777777777778
 49.17857142857143
 56.476190476190474
 50.96551724137931
 46.62068965517241
 52.81818181818182
 42.6
 45.78048780487805
 44.55555555555556
 43.13157894736842
 36.76315789473684
 39.09756097560975
 37.825
 42.21951219512195
 41.51162790697674
 35.116279069767444
 32.93023255813954
 39.38297872340426
 31.477272727272727
 35.659574468085104
 34.916666666666664
 33.61702127659574
 30.68888888888889
 31.416666666666668
 32.75
 33.276595744680854
 27.04255319148936
 29.53191489361702
 29.25531914893617
 32.58
 32.46
 25.23404255319149
 28.653061224489797
 27.791666666666668
 27.408163265306122
 26.8125
 24.14
 27.02
 26.19148936170213
 26.346938775510203
 25.571428571428573
 24.425531914893618
 22.86
 23.3265306122449
 21.28
 23.8
 19.48
 21.06122448979592
 20.755102040816325
 23.18
 19.653061224489797
 20.04
 20.28
 23.14
 21.816326530612244
 20.42
 17.38
 17.58
 18.44
 18.88
 21.28
 19.74
 23.14
 20.6
 19.9
 19.1
 19.92
 18.6
 15.96
 16.76
 16.16
 17.2
 16.06
 16.24
 18.0
 16.14
 16.44
 16.54
 17.72
 19.66
 16.78
 16.1
 17.68
 15.26
 15.42
 17.5
 14.56
 15.0
 15.2
 14.8
 14.18
 12.92
 15.6
 14.52
 13.86
 14.34
 14.86
 15.86
 11.78
 13.88
 14.36
 13.16
 13.96
 12.5
 13.94
 13.66
 13.64
 13.98
 13.7
 13.68
 12.42
 12.14
 12.76
 11.92
 12.14
 13.76
 12.36
 13.22
 11.26
 12.96
 11.26
 12.0
 11.76
 11.26
 11.52
 12.26
 12.12
 11.46
 12.96
 12.5
 11.76
 11.62
 11.54
 12.34
 12.5
 11.58
 10.92
 12.12
 11.68
 11.98
 11.84
 12.0
 11.4
 11.96
 11.76
 10.44
 11.16
 12.0
 11.28
 11.3
 11.8
 11.36
 11.88
 11.64
 11.4
 10.9
 12.0
 10.96
 11.76
 12.16
 11.4
 12.08
 11.14
 10.82
 11.3
 11.44
 11.34
 10.58
 11.0
 11.18
 10.46
 11.18
 11.46
 11.1
 11.34
 10.0
 11.44
 11.7
 11.2
 11.46
 10.96
 11.04
 10.48
 12.44
 10.12
 11.8
 11.1
 12.38
 11.08
 10.96
 10.46
 11.66
 11.7
 11.72
 10.72
 11.78
 12.06
 11.42
 11.72
 11.48
 11.66
 12.72
 11.42
 10.6
 11.46
 12.5
 10.8
 10.64
 10.8
 10.82
 10.82
 10.78
 11.1
 11.7
 12.16
 11.26
 10.64
 11.48
 11.04
 11.32
 11.82
 11.56
 10.64
 10.76
 11.26
 10.54
 12.78
 11.3
 10.76
 11.28
 11.8
 11.22
 11.18
 11.52
 11.42
 11.9
 10.88
 11.16
 11.04
 11.18
 11.68
 11.52
 10.96
 10.96
 11.46
 10.72
 11.24
 11.5
 12.58
 10.64
 10.68
 11.3
 11.28
 11.6
 10.6
 11.22
 11.88
 10.66
 10.26
 11.52
 11.18
 10.92
 11.9
 11.8
 11.54
 11.04
 10.52
 11.38
 11.34
 11.48
 10.66
 11.6
 11.8
 10.76
 11.26
 11.78
 11.26
 10.86
 12.6
 10.68
 11.12
 10.82
 10.68
 10.52
 11.12
 11.5
 10.68
 10.68
 11.04
 11.5
 12.34
 10.94
 11.1
 10.86
 11.16
 11.14
 11.96
 11.54
 11.36
 11.02
 11.96
 11.64
 11.4
 10.38
 10.74
 10.48
 11.74
 11.22
 10.78
 10.58
 10.66
 11.26
 10.94
 11.42
 11.38
 11.56
 11.48
 10.46
 11.04
 10.46
 11.28
 11.16
 9.98
 10.68
 10.88
 11.56
 11.16
 11.46
 10.72
 11.653061224489797
 11.22
 10.54
 10.34
 11.34
 11.1
 11.54
 11.0
 10.68
 10.96
 11.46
 11.74
 10.06
 10.8
 10.68
 11.34
 11.08
 10.66
 10.52
 10.46
 10.6
 11.7
 10.88
 10.5
 11.16
 10.58
 11.5
 11.12
 11.16
 10.82
 10.66
 10.94
 11.74
 11.08
 11.52
 11.08
 10.9
 11.2
 10.7
 10.62
 11.7
 12.16
 10.76
 11.64
 11.28
 12.06
 10.3
 10.9
 10.94
 10.98
 10.76
 11.44
 11.3
 11.14
 10.88
 11.86
 10.34
 10.9
 11.02
 11.12
 10.22
 10.8
 11.7
 10.68
 11.12
 10.98
 11.42
 10.68
 10.42
 10.76
 11.36
 11.28
 11.38
 11.34
 11.52
 10.9
 11.92
 11.06
 11.82
 11.26
 11.34
 10.64
 11.08
 10.98
 10.86
 11.52
 11.16
 11.38
 10.92
 10.82
 10.42
 10.54
 10.28
 11.02
 10.8
 11.18
 11.16
 11.34
 10.96
 11.2
 11.12
 10.98
 12.12
 11.1
 11.3
 11.52
 11.46
 11.14
 11.36
 10.6
 11.86
 10.72
 10.86
 11.46
 10.92
 10.9
 10.28
 11.88
 10.86
 12.0
 11.56
 11.28
 11.34
 10.5
 11.24
 11.34
 10.74
 10.72
 11.8
 10.62
 11.76
 10.9
 10.88
 11.4
 11.42
 10.36
 10.2
 11.18
 11.24
 11.02
 10.72
 10.66
 10.68
 10.48
 12.08
 10.86
 10.86
 10.68
 11.38
 10.38
 11.08
 11.08
 11.74
 10.98
 11.52
 10.7
 10.74
 10.9
 11.36
 10.96
 11.72
 11.16
 11.18
 11.22
 10.6
 11.04
 10.72
 10.62
 11.32
 10.26
 10.78
 10.76
 11.1
 11.34
 12.52
 10.46
 11.42
 11.2
 10.98
 10.96
 11.36
 10.68
 11.4
 11.38
 11.1
 11.02
 10.86
 10.86
 10.92
 10.86
 11.3
 11.32
 11.48
 10.72
 11.18
 10.84
 10.96
 11.5
 11.5
 10.44
 11.28
 11.5
 10.58
 11.08
 10.54
 10.64
 11.14
 10.78
 10.9
 10.98
 11.76
 10.42
 11.52
 12.14
 10.1
 11.84
 11.26
 11.14
 11.46
 11.16
 10.84
 11.48
 11.06
 11.5
 11.16
 11.34
 11.74
 11.36
 10.78
 11.04
 11.54
 11.06
 10.72
 11.02
 11.16
 11.16
 11.06
 11.3
 11.12
 10.9
 11.08
 11.32
 11.16
 11.2
 11.64
 11.22
 11.04
 12.22
 11.82
 10.38
 11.02
 10.82
 11.72
 11.72
 10.9
 11.4
 10.96
 10.82
 10.9
 10.44
 10.32
 11.28
 12.0
 11.66
 10.42
 11.2
 11.0
 10.72
 10.86
 10.66
 11.1
 10.8
 10.64
 10.76
 11.64
 10.38
 11.12
 11.22
 10.78
 11.16
 10.94
 10.52
 10.28
 9.92
 11.78
 11.16
 10.94
 10.6
 11.48
 11.3
 11.2
 11.6
 11.12
 10.78
 10.92
 10.56
 10.16
 10.9
 12.02
 11.62
 10.82
 10.9
 11.02
 11.38
 10.94
 12.0
 10.4
 10.62
 11.62
 11.08
 11.34
 11.16
 11.58
 11.32
 11.32
 10.82
 11.1
 11.14
 10.34
 11.76
 10.24
 10.88
 11.34
 11.38
 10.82
 12.02
 10.8
 10.58
 11.92
 11.56
 10.76
 10.92
 11.64
 10.44
 11.28
 11.64
 11.0
 10.92
 11.54
 11.0
 11.4
 11.04
 11.06
 10.52
 11.66
 11.26
 11.0
 11.74
 10.56
 10.66
 11.6
 10.8
 10.54
 10.7
 10.92
 10.82
 10.58
 11.18
 11.56
 10.52
 11.36
 10.88
 11.54
 10.94
 10.84
 11.12
 12.06
 11.38
 11.04
 10.9
 11.06
 11.14
 11.56
 11.54
 11.18
 10.68
 11.18
 10.34
 11.12
 10.42
 11.42
 11.18
 10.6
 11.56
 11.0
 11.98
 11.62
 10.82
 11.22
 11.34
 10.76
 10.62
 12.54
 11.26
 11.02
 11.52
 10.78
 11.26
 10.8
 11.52
 10.76
 10.8
 10.5
 10.66
 11.06
 10.8
 12.0
 10.88
 11.32
 10.3
 10.74
 10.98
 11.48
 10.66
 10.82
 11.18
 11.38
 10.96
 10.92
 10.52
 10.6
 11.54
 11.0
 10.52
 10.9
 10.3
 10.94
 11.06
 9.92
 10.46
 11.1
 10.94
 10.82
 10.86
 10.66
 10.5
 10.9
 11.24
 11.58
 10.44
