 0.0
 46.0
 22.0
 18.0
 24.0
 32.0
 20.0
 24.0
 44.0
 38.0
 38.0
 38.0
 36.0
 56.00000000000001
 42.0
 57.99999999999999
 57.99999999999999
 66.0
 70.0
 82.0
 72.0
 76.0
 76.0
 82.0
 80.0
 82.0
 86.0
 86.0
 86.0
 94.0
 88.0
 94.0
 96.0
 94.0
 90.0
 96.0
 96.0
 94.0
 94.0
 94.0
 94.0
 100.0
 100.0
 94.0
 98.0
 96.0
 98.0
 96.0
 100.0
 100.0
 94.0
 98.0
 98.0
 94.0
 100.0
 98.0
 100.0
 100.0
 100.0
 98.0
 98.0
 100.0
 98.0
 100.0
 100.0
 100.0
 98.0
 100.0
 100.0
 100.0
 100.0
 100.0
 100.0
 100.0
 100.0
 100.0
 100.0
 100.0
 100.0
 100.0
 100.0
 100.0
 100.0
 100.0
 100.0
 100.0
 100.0
 100.0
 100.0
 100.0
 100.0
 100.0
 100.0
 100.0
 100.0
 100.0
 100.0
 100.0
 100.0
 100.0
 100.0
 100.0
 100.0
 100.0
 100.0
 100.0
 100.0
 100.0
 100.0
 100.0
 100.0
 100.0
 100.0
 100.0
 100.0
 100.0
 100.0
 100.0
 100.0
 100.0
 100.0
 100.0
 100.0
 100.0
 100.0
 100.0
 100.0
 100.0
 100.0
 100.0
 100.0
 100.0
 100.0
 100.0
 100.0
 100.0
 100.0
 100.0
 100.0
 100.0
 100.0
 100.0
 100.0
 100.0
 100.0
 100.0
 100.0
 100.0
 100.0
 100.0
 100.0
 100.0
 100.0
 100.0
 100.0
 100.0
 100.0
 100.0
 100.0
 100.0
 100.0
 100.0
 100.0
 100.0
 100.0
 100.0
 100.0
 100.0
 100.0
 100.0
 100.0
 100.0
 100.0
 100.0
 100.0
 100.0
 100.0
 100.0
 100.0
 100.0
 100.0
 100.0
 100.0
 100.0
 100.0
 100.0
 100.0
 100.0
 100.0
 100.0
 100.0
 100.0
 100.0
 100.0
 100.0
 100.0
 100.0
 100.0
 100.0
 100.0
 100.0
 100.0
 100.0
 100.0
 100.0
 100.0
 100.0
 100.0
 100.0
 100.0
 100.0
 100.0
 100.0
 100.0
 100.0
 100.0
 100.0
 100.0
 100.0
 100.0
 100.0
 100.0
 100.0
 100.0
 100.0
 100.0
 100.0
 100.0
 100.0
 100.0
 100.0
 100.0
 100.0
 100.0
 100.0
 100.0
 100.0
 100.0
 100.0
 100.0
 100.0
 100.0
 100.0
 100.0
 100.0
 100.0
 100.0
 100.0
 100.0
 100.0
 100.0
 100.0
 100.0
 100.0
 100.0
 100.0
 100.0
 100.0
 100.0
 100.0
 100.0
 100.0
 100.0
 100.0
 100.0
 100.0
 100.0
 100.0
 100.0
 100.0
 100.0
 100.0
 100.0
 100.0
 100.0
 100.0
 100.0
 100.0
 100.0
 100.0
 100.0
 100.0
 100.0
 100.0
 100.0
 100.0
 100.0
 100.0
 100.0
 100.0
 100.0
 100.0
 100.0
 100.0
 100.0
 100.0
 100.0
 100.0
 100.0
 100.0
 100.0
 100.0
 100.0
 100.0
 100.0
 100.0
 100.0
 100.0
 100.0
 100.0
 100.0
 100.0
 100.0
 100.0
 100.0
 100.0
 100.0
 100.0
 100.0
 100.0
 100.0
 100.0
 100.0
 100.0
 100.0
 100.0
 100.0
 100.0
 100.0
 100.0
 100.0
 100.0
 100.0
 100.0
 100.0
 100.0
 100.0
 100.0
 100.0
 100.0
 100.0
 98.0
 100.0
 100.0
 100.0
 100.0
 100.0
 100.0
 100.0
 100.0
 100.0
 100.0
 100.0
 100.0
 100.0
 100.0
 100.0
 100.0
 100.0
 100.0
 100.0
 100.0
 100.0
 100.0
 100.0
 100.0
 100.0
 100.0
 100.0
 100.0
 100.0
 100.0
 100.0
 100.0
 100.0
 100.0
 100.0
 100.0
 100.0
 100.0
 100.0
 100.0
 100.0
 100.0
 100.0
 100.0
 100.0
 100.0
 100.0
 100.0
 100.0
 100.0
 100.0
 100.0
 100.0
 100.0
 100.0
 100.0
 100.0
 100.0
 100.0
 100.0
 100.0
 100.0
 100.0
 100.0
 100.0
 100.0
 100.0
 100.0
 100.0
 100.0
 100.0
 100.0
 100.0
 100.0
 100.0
 100.0
 100.0
 100.0
 100.0
 100.0
 100.0
 100.0
 100.0
 100.0
 100.0
 100.0
 100.0
 100.0
 100.0
 100.0
 100.0
 100.0
 100.0
 100.0
 100.0
 100.0
 100.0
 100.0
 100.0
 100.0
 100.0
 100.0
 100.0
 100.0
 100.0
 100.0
 100.0
 100.0
 100.0
 100.0
 100.0
 100.0
 100.0
 100.0
 100.0
 100.0
 100.0
 100.0
 100.0
 100.0
 100.0
 100.0
 100.0
 100.0
 100.0
 100.0
 100.0
 100.0
 100.0
 100.0
 100.0
 100.0
 100.0
 100.0
 100.0
 100.0
 100.0
 100.0
 100.0
 100.0
 100.0
 100.0
 100.0
 100.0
 100.0
 100.0
 100.0
 100.0
 100.0
 100.0
 100.0
 100.0
 100.0
 100.0
 100.0
 100.0
 100.0
 100.0
 100.0
 100.0
 100.0
 100.0
 100.0
 100.0
 100.0
 100.0
 100.0
 100.0
 100.0
 100.0
 100.0
 100.0
 100.0
 100.0
 100.0
 100.0
 100.0
 100.0
 100.0
 100.0
 100.0
 100.0
 100.0
 100.0
 100.0
 100.0
 100.0
 100.0
 100.0
 100.0
 100.0
 100.0
 100.0
 100.0
 100.0
 100.0
 100.0
 100.0
 100.0
 100.0
 100.0
 100.0
 100.0
 100.0
 100.0
 100.0
 100.0
 100.0
 100.0
 100.0
 100.0
 100.0
 100.0
 100.0
 100.0
 100.0
 100.0
 100.0
 100.0
 100.0
 100.0
 100.0
 100.0
 100.0
 100.0
 100.0
 100.0
 100.0
 100.0
 100.0
 100.0
 100.0
 100.0
 100.0
 100.0
 100.0
 100.0
 100.0
 100.0
 100.0
 100.0
 100.0
 100.0
 100.0
 100.0
 100.0
 100.0
 100.0
 100.0
 100.0
 100.0
 100.0
 100.0
 100.0
 100.0
 100.0
 100.0
 100.0
 100.0
 100.0
 100.0
 100.0
 100.0
 100.0
 100.0
 100.0
 100.0
 100.0
 100.0
 100.0
 100.0
 100.0
 100.0
 100.0
 100.0
 100.0
 100.0
 100.0
 100.0
 100.0
 100.0
 100.0
 100.0
 100.0
 100.0
 100.0
 100.0
 100.0
 100.0
 100.0
 100.0
 100.0
 100.0
 100.0
 100.0
 100.0
 100.0
 100.0
 100.0
 100.0
 100.0
 100.0
 100.0
 100.0
 100.0
 100.0
 100.0
 100.0
 100.0
 100.0
 100.0
 100.0
 100.0
 100.0
 100.0
 100.0
 100.0
 100.0
 100.0
 100.0
 100.0
 100.0
 100.0
 100.0
 100.0
 100.0
 100.0
 100.0
 100.0
 100.0
 100.0
 100.0
 100.0
 100.0
 100.0
 100.0
 100.0
 100.0
 100.0
 100.0
 100.0
 100.0
 100.0
 100.0
 100.0
 100.0
 100.0
 100.0
 100.0
 100.0
 100.0
 100.0
 100.0
 100.0
 100.0
 100.0
 100.0
 100.0
 100.0
 100.0
 100.0
 100.0
 100.0
 100.0
 100.0
 100.0
 100.0
 100.0
 100.0
 100.0
 100.0
 100.0
 100.0
 100.0
 100.0
 100.0
 100.0
 100.0
 100.0
 100.0
 100.0
 100.0
 100.0
 100.0
 100.0
 100.0
 100.0
 100.0
 100.0
 100.0
 100.0
 100.0
 100.0
 100.0
 100.0
 100.0
 100.0
 100.0
 100.0
 100.0
 100.0
 100.0
 100.0
 100.0
 100.0
 100.0
 100.0
 100.0
 100.0
 100.0
 100.0
 100.0
 100.0
 100.0
 100.0
 100.0
 100.0
 100.0
 100.0
 100.0
 100.0
 100.0
 100.0
 100.0
 100.0
 100.0
 100.0
 100.0
 100.0
 100.0
 100.0
 100.0
 100.0
 100.0
 100.0
 100.0
 100.0
 100.0
 100.0
