 -1118.0
 -1118.0
 -543.72
 -334.6
 -570.96
 -567.1
 -490.5
 -406.16
 -363.04
 -407.02
 -484.58
 -34.5
 209.06
 253.64
 214.1
 454.86
 665.34
 627.08
 834.94
 750.8
 716.6
 884.14
 879.0
 876.76
 842.08
 836.8
 924.14
 881.24
 927.54
 920.92
 884.22
 966.9
 971.36
 972.9
 972.64
 931.7
 928.58
 931.78
 976.08
 976.28
 972.98
 975.32
 972.92
 973.24
 974.26
 976.3
 978.22
 978.2
 979.02
 977.76
 978.4
 976.44
 978.28
 979.82
 979.1
 979.3
 981.14
 978.94
 979.98
 979.46
 978.88
 979.46
 982.18
 980.18
 978.74
 982.12
 982.9
 982.42
 982.14
 982.98
 983.48
 982.04
 982.7
 983.26
 982.66
 982.12
 984.38
 984.4
 984.4
 985.54
 984.58
 983.1
 984.06
 983.52
 985.4
 984.06
 985.42
 984.04
 984.76
 985.34
 985.82
 985.58
 984.36
 986.1
 986.26
 985.36
 984.18
 985.52
 984.84
 986.22
 986.5
 985.96
 985.92
 985.42
 985.82
 985.52
 986.66
 986.5
 987.4
 987.3
 985.98
 986.76
 988.4
 987.76
 986.26
 987.56
 987.16
 986.22
 987.48
 987.72
 987.58
 987.76
 988.1
 988.64
 988.2
 986.8
 988.2
 988.14
 987.44
 988.2
 987.9
 988.0
 988.1
 987.52
 988.6
 989.08
 988.22
 987.62
 987.84
 987.26
 988.2
 989.44
 989.46
 988.56
 988.54
 986.94
 988.06
 988.86
 988.78
 987.58
 987.52
 988.0
 987.88
 988.42
 988.82
 988.84
 988.7
 988.92
 988.9
 989.18
 988.84
 989.22
 988.28
 988.56
 989.46
 989.08
 989.22
 989.2
 988.5
 989.94
 989.18
 989.06
 988.94
 988.52
 989.86
 989.18
 989.0
 989.58
 989.94
 989.66
 989.24
 989.38
 989.46
 989.24
 989.66
 989.46
 989.08
 990.0
 990.44
 989.78
 990.0
 990.0
 990.12
 989.96
 989.92
 990.08
 990.08
 989.88
 989.92
 989.64
 990.34
 990.08
 990.2
 990.46
 989.2
 990.5
 989.86
 989.76
 989.36
 989.64
 989.6
 989.62
 989.58
 990.26
 990.4
 990.32
 990.26
 989.9
 989.68
 989.4
 990.02
 989.88
 989.6
 989.74
 990.0
 990.94
 989.24
 990.46
 990.48
 990.84
 989.6
 990.6
 990.14
 989.34
 989.98
 990.18
 990.18
 990.36
 990.66
 990.74
 989.62
 989.98
 990.46
 989.86
 990.66
 989.74
 990.02
 990.64
 990.28
 989.84
 990.0
 989.5
 990.06
 990.0
 989.1
 989.96
 990.02
 990.28
 989.12
 990.02
 990.12
 988.92
 989.06
 989.36
 989.46
 989.44
 990.1
 989.5
 990.0
 989.58
 989.76
 989.94
 989.64
 990.62
 989.66
 989.52
 989.66
 989.08
 989.54
 990.32
 989.32
 989.54
 990.18
 989.44
 989.56
 988.72
 989.36
 988.1
 988.64
 990.34
 989.26
 988.04
 987.46
 990.38
 990.8
 989.2
 990.48
 988.9
 989.08
 990.14
 989.7
 989.66
 989.74
 990.28
 989.76
 989.68
 990.4
 990.12
 990.26
 989.94
 990.32
 990.62
 990.58
 990.92
 991.1
 991.28
 990.68
 990.56
 990.98
 989.58
 990.2
 990.54
 991.08
 990.66
 990.28
 990.88
 990.74
 990.82
 990.92
 991.5
 991.16
 990.78
 990.78
 990.9
 991.58
 991.4
 990.84
 991.02
 991.94
 990.58
 990.34
 991.46
 991.26
 991.46
 990.86
 991.16
 990.98
 991.0
 990.76
 990.98
 991.14
 991.08
 991.36
 991.4
 990.78
 990.76
 990.56
 991.42
 991.16
 991.88
 991.42
 990.82
 991.36
 991.0
 990.06
 991.08
 991.32
 990.24
 991.5
 991.2
 990.98
 991.28
 990.86
 991.06
 990.88
 991.34
 991.62
 991.0
 990.78
 990.92
 991.64
 991.12
 991.66
 991.46
 990.48
 991.3
 990.84
 990.72
 990.96
 991.38
 990.74
 990.92
 990.78
 990.46
 991.2
 991.36
 990.04
 990.18
 991.0
 990.86
 991.52
 990.62
 990.18
 990.98
 990.68
 990.58
 990.44
 989.82
 989.42
 990.56
 990.44
 990.9
 990.98
 990.1
 989.94
 991.38
 991.14
 990.8
 991.16
 990.6
 990.66
 991.22
 990.7
 989.84
 990.66
 991.02
 990.82
 990.24
 989.42
 989.12
 990.72
 988.2
 988.96
 990.62
 989.42
 989.68
 988.18
 989.88
 990.02
 989.8
 989.42
 989.82
 989.14
 989.54
 989.6
 989.72
 988.8
 989.12
 989.58
 991.34
 990.02
 991.16
 991.48
 991.64
 991.64
 989.9
 990.94
 989.0
 990.9
 990.22
 990.12
 991.02
 991.0
 990.3
 989.98
 991.14
 990.18
 991.06
 990.78
 991.4
 989.4
 991.06
 991.16
 991.02
 990.7
 990.68
 991.04
 990.84
 990.3
 990.84
 990.72
 990.84
 991.38
 990.5
 991.0
 991.0
 991.1
 990.78
 990.9
 990.36
 991.2
 991.68
 991.26
 990.74
 991.6
 991.14
 991.32
 991.24
 990.82
 990.5
 991.16
 990.96
 991.4
 990.96
 991.38
 991.06
 990.62
 991.14
 991.2
 990.36
 990.92
 990.56
 991.32
 990.54
 991.4
 989.72
 991.1
 991.18
 992.22
 990.88
 991.02
 991.18
 990.68
 990.86
 991.02
 990.98
 990.74
 990.92
 991.1
 990.82
 990.82
 991.04
 990.44
 990.82
 991.1
 990.76
 991.06
 991.32
 991.52
 991.1
 990.78
 991.36
 991.22
 991.16
 991.2
 990.8
 991.1
 990.7
 991.76
 991.1
 991.04
 991.1
 990.9
 991.82
 991.38
 991.22
 990.82
 991.42
 991.32
 990.6
 990.54
 991.14
 991.1
 990.34
 991.38
 991.14
 991.46
 991.26
 991.3
 990.92
 990.98
 991.06
 991.46
 991.24
 990.84
 990.88
 991.18
 991.18
 990.82
 991.14
 990.96
 990.58
 991.76
 990.66
 991.22
 991.0
 990.68
 991.42
 990.26
 991.02
 990.28
 990.52
 990.9
 991.5
 990.82
 990.86
 991.02
 989.58
 990.84
 991.24
 991.2
 991.24
 990.7
 990.96
 990.56
 991.36
 990.38
 990.38
 990.82
 991.36
 989.74
 990.06
 989.98
 991.78
 990.24
 989.98
 990.54
 989.32
 990.36
 991.38
 990.16
 989.82
 990.64
 990.54
 990.96
 991.48
 991.68
 991.26
 990.82
 990.8
 990.02
 990.98
 990.52
 990.46
 991.28
 991.14
 990.74
 991.12
 990.7
 990.84
 990.98
 990.38
 991.24
 990.82
 990.3
 991.22
 991.28
 991.28
 990.94
 990.28
 990.66
 991.02
 990.94
 990.62
 991.68
 990.84
 990.82
 991.2
 991.86
 990.98
 991.44
 990.9
 991.26
 990.52
 991.54
 991.32
 991.08
 991.48
 990.76
 991.06
 991.28
 991.54
 991.38
 992.06
 991.54
 990.74
 990.18
 990.78
 990.34
 991.32
 990.8
 990.82
 991.22
 991.42
 991.48
 991.34
 991.02
 991.12
 991.48
 991.3
 990.66
 991.28
 991.32
 991.12
 991.08
 991.32
 991.16
 990.82
 990.68
 991.18
 991.52
 991.06
 991.28
 991.72
 990.74
 990.52
 991.4
 990.9
 992.0
 990.96
 990.66
 991.6
 991.44
 991.58
 991.16
 990.58
 990.94
 990.88
 991.24
 989.7
 990.7
 990.6
 989.98
 991.04
 991.28
 991.26
 990.9
 990.28
 990.28
 990.66
 990.3
 991.22
 991.06
 989.68
 987.84
 990.48
 991.74
 990.62
 990.8
 990.12
 990.82
 990.2
 990.04
 991.56
 990.96
 991.3
 990.64
 990.52
 991.86
 990.44
 990.14
 990.72
 991.2
 991.74
 990.86
 991.44
 991.16
 990.1
 991.16
 990.3
 990.94
 990.74
 991.32
 990.88
 991.26
 990.82
 990.78
 991.04
 991.72
 990.88
 991.22
 991.66
 991.5
 990.76
 991.14
 991.12
 991.58
 991.64
 991.26
 991.84
 991.38
 991.38
 991.2
 991.1
 991.26
 991.46
 991.8
 991.58
 991.08
 991.0
 991.42
 990.58
 991.32
 991.46
 991.1
 991.64
 991.08
 991.16
 990.32
 991.38
 990.98
 990.8
 990.96
 991.56
 990.64
 990.8
 991.28
 991.1
 991.38
 991.9
 991.66
 991.48
 991.04
 991.56
 991.1
 990.86
 991.08
 991.24
 991.8
 990.92
 990.54
 991.68
 991.1
 991.5
 991.44
 990.62
 991.68
 991.06
 990.78
 991.04
 991.04
 991.62
 991.18
 991.18
 991.34
 991.04
 991.18
 991.36
 991.08
 991.18
 990.68
 990.56
 991.52
 991.36
 991.5
 991.96
 991.62
 990.98
 991.32
 991.36
 990.86
 991.88
 991.52
 991.38
 991.26
 991.48
 990.86
 991.16
 990.86
 991.5
 991.4
 991.52
 991.64
 991.28
 991.1
 990.8
 990.66
 991.3
 990.98
 991.04
 991.0
 991.18
 991.3
 990.94
 990.82
 991.76
 991.46
 990.82
 991.06
 991.0
 992.12
 991.7
 991.34
 991.24
 991.44
 991.06
 991.26
 991.12
 991.8
 991.3
 990.54
 991.44
 991.44
 991.24
 991.2
 991.52
 991.26
 990.86
 991.44
 991.44
 990.94
 991.78
 992.1
 991.32
 991.54
 991.36
 991.56
 991.7
 991.2
 990.9
 991.0
 990.8
 991.02
 990.82
 991.2
 991.02
 990.42
 991.34
 991.0
 990.52
 991.2
 990.94
 991.02
 990.88
 991.44
 990.9
 990.56
 990.52
 990.5
 990.94
 991.42
 990.88
 990.5
 991.52
 990.9
 990.12
 990.28
 991.22
 991.48
 990.92
 990.04
 990.82
 990.76
 990.84
 991.58
 990.72
 991.22
 990.28
 991.14
 991.44
 990.06
 991.46
 990.8
 990.32
 991.0
 991.36
 990.76
 990.84
 990.98
 991.02
 991.48
 991.04
 990.8
 991.46
 991.58
 991.28
 990.76
 990.96
 990.46
 991.18
 990.54
 990.86
 991.04
 990.8
 990.74
 990.6
 990.74
 990.64
 990.3
 991.28
 990.74
 991.3
 991.16
 990.06
 990.64
 991.5
 990.44
 990.92
 990.38
 991.26
 990.34
 990.3
 991.12
 991.0
 990.98
 991.18
 991.16
 991.22
 990.92
 990.42
 991.3
 991.0
 991.1
 990.78
 990.8
 991.1
 990.68
 990.88
 990.7
 991.26
 991.1
 990.68
 990.92
 991.12
 991.48
 991.26
 991.48
 991.36
 990.8
 990.38
 990.26
 989.86
 990.72
 991.26
 990.82
 990.78
 991.44
 991.2
 991.74
 990.08
 989.54
 991.46
 991.26
 991.32
 991.24
 991.12
 989.92
 990.88
 990.9
 990.44
 990.88
 991.22
 990.68
 990.46
 990.96
 991.1
 990.4
 990.54
 991.1
 991.26
 990.76
 990.94
 990.86
 991.24
 990.1
 990.82
 990.86
 990.82
 991.02
 990.64
 991.64
 990.04
 992.0
 988.98
 990.32
 989.2
 989.26
 987.32
 990.66
 988.46
 990.6
 989.28
 990.62
 990.36
 989.8
 989.92
 988.82
 990.4
 989.86
 990.34
 990.4
 990.26
 990.64
 990.48
 989.92
 990.14
 989.54
 989.52
 988.36
 991.68
 990.52
 991.0
 990.94
 990.72
 991.76
 991.36
 991.38
 990.3
 991.1
 991.5
 991.04
 991.6
 991.02
 990.12
 990.8
 990.2
 990.24
 990.76
 990.6
 990.68
 991.08
 990.06
 991.22
 990.22
 991.22
 988.88
 990.42
 990.76
 990.22
 991.84
 991.52
 991.64
 990.8
 990.74
 991.06
 990.86
 991.08
 990.72
 990.84
 991.3
 991.06
 990.78
 991.52
 991.24
 991.28
 990.88
 991.3
 991.6
 991.36
 991.3
 991.4
 990.84
 991.38
 990.66
 990.4
 991.0
 989.76
 991.32
 990.94
 990.32
 990.9
 989.98
 991.2
 991.64
 991.02
 990.44
 990.72
 990.56
 989.26
 988.44
 990.68
 990.92
 989.18
 988.68
 990.38
 988.12
 990.1
 988.44
 988.08
 990.04
 989.08
 988.84
 988.24
 989.86
 987.98
 987.44
 990.52
 989.38
 989.58
 988.18
 989.86
 988.0
 989.96
 989.72
 989.76
 988.78
 989.32
 988.46
 990.5
 990.0
 989.16
 989.6
 988.88
 990.18
 988.78
 989.74
 989.96
 990.18
 990.86
 989.32
 948.96
 989.6
 990.08
 989.96
 989.62
 989.7
 990.58
 990.14
 990.28
 990.08
 988.42
 989.56
 990.06
 989.34
 989.84
 989.44
 990.34
 988.36
 990.38
 990.12
 989.78
 989.76
 990.56
 990.78
 990.12
 989.92
 990.26
 990.5
 990.22
 989.36
 989.88
 989.84
 990.64
 990.44
 990.0
 990.28
 989.96
 988.88
 985.24
 946.4
 989.8
 988.52
 989.56
 946.08
 989.0
 989.3
 988.34
 986.08
 990.02
 990.14
 988.06
 989.44
 988.78
 987.68
 985.86
 988.18
 988.24
 987.96
 988.48
 985.86
 988.84
 988.24
 988.22
 987.58
 988.96
 989.9
 990.02
 988.62
 988.98
 986.94
 987.18
 989.36
 988.52
 990.5
 945.08
 989.06
 946.32
 947.22
 988.02
 987.72
 947.34
 990.24
 989.16
 989.68
 987.4
 990.16
 948.58
 990.22
 947.46
 989.86
 987.84
 984.84
 985.48
 988.66
 947.16
 987.52
 987.2
 987.48
 989.96
 982.94
 987.76
 987.1
 987.78
 988.02
 986.82
 946.76
 945.6
 945.3
 989.7
 987.12
 991.18
 988.84
 985.74
 987.9
 986.54
 988.98
 987.46
 947.32
 945.62
 986.18
 988.8
 985.72
 985.64
 987.2
 985.78
 988.9
 989.02
 986.96
 986.64
 988.98
 907.14
 988.86
 987.84
 986.8
 987.36
 945.36
 986.78
 985.38
 987.28
 986.34
 944.12
 984.62
 946.38
 986.56
 989.62
 942.22
 991.04
 985.08
 987.88
 985.78
 989.82
 989.88
 988.86
 990.16
 946.4
 985.12
 987.14
 985.52
 988.2
 987.02
 985.64
 986.26
 986.14
 989.88
 947.14
 946.6
 985.62
 990.06
 987.88
 984.82
 859.12
 946.68
 987.5
 988.92
 988.16
 984.58
 943.9
 983.8
 944.02
 986.94
 946.7
 986.2
 985.04
 985.28
 943.44
 946.18
 945.68
 946.12
 986.48
 989.84
 986.38
 906.84
 986.36
 988.38
 944.62
 989.68
 988.72
 948.94
 988.36
 983.74
 983.76
 988.08
 944.04
 989.24
 946.0
 988.04
 987.66
 987.98
 989.42
 990.22
 990.44
 985.16
 987.7
 986.28
 989.12
 988.7
 943.92
 990.42
 945.1
 987.48
 989.74
 987.66
 947.16
 988.48
 946.04
 984.28
 904.54
 988.86
 945.0
 986.64
 945.78
 988.04
 987.46
 986.44
 986.38
 989.78
 904.38
 945.12
 903.42
 947.0
 987.28
 946.54
 861.26
 989.52
 860.1
 945.18
 990.36
 984.3
 944.06
 988.62
 941.32
 944.4
 943.92
 982.94
 988.68
 987.14
 945.3
 902.08
 988.76
 990.44
 989.4
 940.86
 861.92
 986.5
 901.6
 990.46
 944.6
 989.98
 987.26
 905.64
 988.24
 906.42
 904.52
 988.48
 990.02
 942.7
 987.48
 944.52
 859.98
 942.06
 986.5
 986.06
 988.68
 949.16
 989.64
 986.4
 986.0
 988.4
 987.9
 982.82
 986.02
 985.3
 986.1
 986.86
 947.34
 988.44
 986.56
 988.8
 986.68
 987.48
 989.62
 989.06
 982.06
 984.94
 987.42
 943.16
 989.36
 984.76
 989.6
 989.38
 983.18
 907.4
 988.62
 989.98
 989.04
 986.74
 987.8
 986.98
 988.34
 987.54
 985.16
 987.22
 986.24
 987.5
 989.48
 986.84
 986.3
 988.9
 987.86
 985.64
 988.28
 988.9
 986.86
 988.02
 990.04
 987.58
 986.06
 984.4
 987.38
 987.86
 988.22
 989.12
 985.22
 987.28
 988.72
 986.6
 988.34
 988.46
 988.4
 987.74
 987.68
 988.68
 987.98
 986.1
 990.2
 990.5
 987.32
 988.68
 989.94
 987.8
 988.56
 986.78
 988.66
 986.18
 988.0
 988.24
 988.72
 988.94
 988.02
 988.04
 988.22
 989.92
 988.78
 987.36
 990.62
 989.0
 988.8
 990.14
 988.8
 987.8
 988.22
 988.14
 988.8
 987.7
 990.92
 988.5
 987.48
 989.28
 990.26
 989.1
 986.18
 988.04
 988.92
 988.38
 987.44
 989.74
 990.5
 990.32
 988.08
 989.7
 989.14
 989.06
 990.12
 988.44
 990.0
 984.94
 988.88
 988.04
 989.5
 989.22
 988.94
 986.52
 989.54
 989.3
 989.66
 987.68
 990.98
 988.74
 987.96
 989.3
 987.58
 991.1
 988.8
 987.74
 989.06
 989.36
 989.7
 988.32
 989.08
 990.1
 987.64
 989.46
 988.6
 989.12
 985.42
 990.38
 989.58
 991.1
 988.98
 989.68
 989.72
 991.12
 945.82
 989.62
 989.98
 989.32
 988.26
 990.4
 991.04
 987.66
 986.34
 990.16
 947.48
 948.36
 987.96
 986.92
 988.6
 990.54
 989.98
 988.76
 989.22
 986.78
 987.66
 987.46
 988.3
 990.12
 985.04
 988.92
 989.94
 988.92
 988.38
 989.04
 989.56
 989.0
 990.22
 988.06
 987.74
 989.08
 989.44
 988.2
 989.04
 990.48
 989.74
 989.46
 991.44
 989.14
 990.16
 988.86
 989.8
 991.6
 989.72
 989.68
 989.68
 987.94
 990.02
 989.42
 989.02
 988.56
 990.46
 990.9
 990.66
 988.3
 990.96
 988.9
 991.3
 991.42
 991.9
 991.02
 990.9
 991.14
 990.66
 991.02
 990.8
 991.1
 991.08
 991.34
 990.82
 989.72
 990.48
 990.32
 991.16
 991.24
 990.72
 990.56
 991.38
 990.46
 991.0
 991.8
 990.1
 991.26
 989.16
 990.42
 991.04
 990.5
 989.98
 990.64
 990.18
 989.72
 990.32
 991.72
 991.32
 991.06
 991.12
 990.32
 991.18
 990.0
 991.22
 992.22
 990.96
 991.58
 990.98
 990.84
 990.86
 990.92
 991.22
 991.7
 991.64
 990.82
 991.46
 991.24
 991.02
 990.66
 991.8
 991.6
 991.16
 991.18
 991.32
 991.9
 991.46
 991.56
 991.22
 991.76
 991.42
 991.22
 990.72
 991.14
 991.0
 991.6
 991.1
 990.96
 991.1
 991.24
 991.66
 990.82
 991.82
 991.06
 990.36
 991.38
 991.64
 990.06
 990.2
 992.14
 987.48
 988.52
 991.22
 990.68
 991.42
 992.18
 990.06
 989.34
 990.96
 990.06
 988.8
 990.96
 990.76
 990.0
 989.78
 947.88
 988.46
 990.46
 989.9
 989.56
 991.18
 988.28
 990.64
 947.2
 990.12
 990.6
 990.58
 989.44
 990.86
 990.4
 990.72
 990.86
 990.78
 990.02
 990.6
 990.08
 989.78
 991.1
 992.04
 991.62
 991.76
 992.02
 990.96
 991.32
 991.52
 991.54
 991.48
 990.06
 991.0
 990.18
 990.16
 990.72
 991.36
 990.98
 990.2
 990.92
 992.04
 991.12
 990.04
 990.78
 990.18
 990.96
 991.04
 991.16
 991.4
 990.76
 990.16
 990.62
 990.6
 989.66
 991.2
 989.74
 989.84
 990.58
 990.04
 991.08
 991.96
 991.18
 991.26
 991.16
 991.22
 991.48
 991.38
 991.22
 990.84
 992.18
 991.44
 990.78
 991.12
 991.2
 991.74
 991.34
 991.16
 991.9
 991.26
 991.52
 991.6
 991.64
 991.48
 991.36
 991.82
 991.8
 991.58
 991.54
 991.26
 992.1
 991.54
 991.12
 991.38
 990.84
 991.02
 991.08
 991.44
 991.5
 991.14
 991.4
 991.72
 991.1
 990.74
 991.26
 991.18
 991.48
 991.52
 991.04
 991.8
 991.22
 991.4
 991.08
 990.94
 990.56
 992.08
 991.12
 992.24
 990.86
 991.66
 991.56
 991.66
 991.3
 991.6
 991.76
 991.72
 991.92
 991.48
 991.24
 991.06
 991.38
 991.86
 990.86
 991.72
 991.28
 991.4
 991.28
 990.9
 991.46
 991.34
 990.6
 990.68
 991.5
 990.92
 991.04
 991.26
 991.76
 991.18
 990.18
 991.36
 991.96
 991.68
 990.62
 991.4
 991.96
 992.14
 990.74
 991.28
 991.26
 991.26
 991.2
 990.74
 990.92
 991.24
 991.64
 990.66
 991.16
 990.26
 991.0
 991.08
 991.34
 991.4
 991.52
 990.84
 991.36
 991.28
 991.2
 990.66
 991.2
 991.74
 991.32
 989.14
 990.64
 990.3
 990.62
 991.66
 991.96
 990.34
 990.9
 991.7
 989.76
 947.86
 989.82
 989.74
