 nan
 nan
 66.57142857142857
 57.0
 72.07692307692308
 56.69230769230769
 73.73333333333333
 64.0
 57.05555555555556
 66.94117647058823
 55.0
 53.53846153846154
 56.21875
 50.515151515151516
 48.15625
 55.0
 47.74418604651163
 44.476190476190474
 41.702127659574465
 43.8
 36.04545454545455
 33.3125
 38.666666666666664
 41.0
 34.12765957446808
 39.765957446808514
 34.61224489795919
 36.291666666666664
 31.142857142857142
 37.89795918367347
 33.229166666666664
 33.1
 28.64
 27.1
 27.36
 26.877551020408163
 30.06122448979592
 26.79591836734694
 23.92
 23.72
 27.02
 24.68
 27.08
 26.76
 25.74
 23.7
 21.78
 21.8
 20.98
 22.24
 21.6
 23.56
 21.72
 20.18
 20.9
 20.7
 18.86
 21.06
 20.02
 20.54
 21.12
 20.54
 17.84
 19.82
 21.26
 17.88
 17.1
 17.58
 17.86
 17.02
 16.52
 17.96
 17.3
 16.74
 17.34
 17.88
 15.62
 15.6
 15.6
 14.46
 15.42
 16.9
 15.94
 16.48
 14.6
 15.94
 14.58
 15.96
 15.24
 14.66
 14.18
 14.42
 15.64
 13.9
 13.74
 14.64
 15.82
 14.48
 15.16
 13.78
 13.5
 14.04
 14.08
 14.58
 14.18
 14.48
 13.34
 13.5
 12.6
 12.7
 14.02
 13.24
 11.6
 12.24
 13.74
 12.44
 12.84
 13.78
 12.52
 12.28
 12.42
 12.24
 11.9
 11.36
 11.8
 13.2
 11.8
 11.86
 12.56
 11.8
 12.1
 12.0
 11.9
 12.48
 11.4
 10.92
 11.78
 12.38
 12.16
 12.74
 11.8
 10.56
 10.54
 11.44
 11.46
 13.06
 11.94
 11.14
 11.22
 12.42
 12.48
 12.0
 12.12
 11.58
 11.18
 11.16
 11.3
 11.08
 11.1
 10.82
 11.16
 10.78
 11.72
 11.44
 10.54
 10.92
 10.78
 10.8
 11.5
 10.06
 10.82
 10.94
 11.06
 11.48
 10.14
 10.82
 11.0
 10.42
 10.06
 10.34
 10.76
 10.62
 10.54
 10.76
 10.34
 10.54
 10.92
 10.0
 9.56
 10.22
 10.0
 10.0
 9.88
 10.04
 10.08
 9.92
 9.92
 10.12
 10.08
 10.36
 9.66
 9.92
 9.8
 9.54
 10.8
 9.5
 10.14
 10.24
 10.64
 10.36
 10.4
 10.38
 10.42
 9.74
 9.6
 9.68
 9.74
 10.1
 10.32
 10.6
 9.98
 10.12
 10.4
 10.26
 10.0
 9.06
 10.76
 9.54
 9.52
 9.16
 10.4
 9.4
 9.86
 10.66
 10.02
 9.82
 9.82
 9.64
 9.34
 9.26
 10.38
 10.02
 9.54
 10.14
 9.34
 10.26
 9.98
 9.36
 9.72
 10.16
 10.0
 10.5
 9.94
 10.0
 10.9
 10.04
 9.98
 9.72
 10.88
 9.98
 9.88
 11.08
 10.94
 10.64
 10.54
 10.56
 9.9
 10.52
 10.0
 10.42
 10.24
 10.06
 10.36
 9.38
 10.34
 10.48
 10.34
 10.92
 10.46
 9.68
 10.68
 10.46
 9.82
 10.56
 10.44
 11.28
 10.64
 11.9
 11.36
 9.66
 10.74
 11.96
 12.54
 9.62
 9.2
 10.8
 9.52
 11.1
 10.92
 9.86
 10.3
 10.34
 10.26
 9.72
 10.24
 10.32
 9.6
 9.88
 9.74
 10.06
 9.68
 9.38
 9.42
 9.08
 8.9
 8.72
 9.32
 9.44
 9.02
 10.42
 9.8
 9.46
 8.92
 9.34
 9.72
 9.12
 9.26
 9.18
 9.08
 8.5
 8.84
 9.22
 9.22
 9.1
 8.42
 8.6
 9.16
 8.98
 8.06
 9.42
 9.66
 8.54
 8.74
 8.54
 9.14
 8.84
 9.02
 9.0
 9.24
 9.02
 8.86
 8.92
 8.64
 8.6
 9.22
 9.24
 9.44
 8.58
 8.84
 8.12
 8.58
 9.18
 8.64
 9.0
 9.94
 8.92
 8.68
 9.76
 8.5
 8.8
 9.02
 8.72
 9.14
 8.94
 9.12
 8.66
 8.38
 9.0
 9.22
 9.08
 8.36
 8.88
 8.34
 8.54
 9.52
 8.7
 9.16
 9.28
 9.04
 8.62
 9.26
 9.08
 9.22
 9.54
 8.8
 8.64
 9.96
 9.82
 9.0
 9.14
 8.48
 9.38
 9.82
 9.02
 9.32
 9.42
 9.56
 10.18
 10.58
 9.44
 9.56
 9.1
 9.02
 9.9
 10.06
 8.62
 8.86
 9.2
 8.84
 9.4
 9.34
 8.78
 9.3
 10.16
 9.34
 8.98
 9.18
 9.76
 10.58
 10.88
 9.28
 11.8
 11.04
 9.38
 10.58
 10.32
 11.82
 10.12
 9.98
 10.2
 10.58
 10.18
 10.86
 10.46
 10.4
 10.28
 11.2
 10.88
 10.42
 8.66
 9.98
 8.84
 8.52
 8.36
 8.36
 10.1
 9.06
 11.0
 9.1
 9.78
 9.88
 8.98
 9.0
 9.7
 10.02
 8.86
 9.82
 8.94
 9.22
 8.6
 10.6
 8.94
 8.84
 8.98
 9.3
 9.32
 8.96
 9.16
 9.7
 9.16
 9.28
 9.16
 8.62
 9.5
 9.0
 9.0
 8.9
 9.22
 9.1
 9.64
 8.8
 8.32
 8.74
 9.26
 8.4
 8.86
 8.68
 8.76
 9.18
 9.5
 8.84
 9.04
 8.6
 9.04
 8.62
 8.94
 9.38
 8.86
 8.8
 9.64
 9.08
 9.44
 8.68
 9.46
 8.6
 10.28
 8.9
 8.82
 7.78
 9.12
 8.98
 8.84
 9.32
 9.14
 8.98
 9.02
 9.26
 9.08
 8.9
 9.18
 9.18
 8.96
 9.56
 9.18
 8.9
 9.24
 8.94
 8.68
 8.48
 8.9
 9.22
 8.64
 8.78
 8.84
 8.8
 9.2
 8.9
 9.3
 8.24
 8.9
 8.96
 8.9
 9.1
 8.18
 8.62
 8.78
 9.18
 8.58
 8.68
 9.4
 9.46
 8.86
 8.9
 9.66
 8.62
 8.86
 8.54
 8.74
 8.7
 9.08
 9.02
 8.94
 8.54
 8.76
 9.16
 9.12
 8.82
 8.82
 9.18
 8.86
 9.04
 9.42
 8.24
 9.34
 8.78
 9.0
 9.32
 8.58
 9.74
 8.98
 9.72
 9.48
 9.1
 8.5
 9.18
 9.14
 8.98
 10.42
 9.16
 8.76
 8.8
 8.76
 9.3
 9.04
 9.44
 8.64
 9.62
 9.62
 9.18
 8.64
 10.26
 9.94
 10.02
 8.22
 9.76
 10.02
 9.46
 10.68
 9.64
 8.62
 9.84
 10.18
 9.36
 9.46
 9.04
 8.52
 8.32
 8.74
 9.18
 9.2
 9.98
 9.02
 9.48
 9.54
 8.72
 8.86
 9.26
 8.88
 9.3
 9.16
 9.02
 9.62
 8.76
 9.18
 9.7
 8.78
 8.72
 8.72
 9.06
 9.72
 9.34
 8.98
 9.06
 9.38
 8.32
 9.16
 9.18
 8.8
 8.14
 9.02
 8.56
 9.1
 8.74
 9.48
 8.46
 8.68
 8.92
 8.52
 9.24
 8.94
 8.72
 8.46
 8.62
 7.94
 8.46
 9.26
 9.82
 9.22
 9.66
 8.68
 9.2
 9.18
 8.78
 8.58
 8.52
 8.66
 8.98
 8.88
 8.52
 8.7
 9.34
 8.72
 8.7
 8.88
 8.92
 8.68
 8.84
 9.18
 9.32
 8.82
 8.48
 8.94
 8.72
 8.28
 9.26
 9.48
 8.6
 9.1
 8.0
 9.04
 9.34
 8.4
 8.56
 8.42
 8.84
 9.42
 9.06
 9.12
 8.76
 10.3
 9.3
 9.4
 10.02
 8.96
 8.72
 8.74
 9.1
 9.72
 9.72
 9.34
 9.7
 8.78
 8.94
 10.32
 12.16
 9.52
 8.26
 9.38
 9.2
 9.88
 9.18
 9.8
 9.96
 8.44
 9.04
 8.7
 9.36
 9.48
 8.14
 9.56
 9.86
 9.28
 8.8
 8.26
 9.14
 8.56
 8.84
 9.9
 8.84
 9.7
 9.06
 9.26
 8.68
 9.12
 8.74
 9.18
 9.22
 8.96
 8.28
 9.12
 8.78
 8.34
 8.5
 9.24
 8.86
 8.88
 8.42
 8.36
 8.74
 8.16
 8.62
 8.62
 8.8
 8.9
 8.74
 8.54
 8.2
 8.42
 8.92
 9.0
 8.58
 9.42
 8.68
 8.54
 8.9
 8.36
 8.92
 8.84
 9.68
 8.62
 9.02
 9.2
 9.04
 8.46
 9.36
 9.2
 8.72
 8.9
 8.62
 8.1
 8.34
 8.52
 8.96
 8.44
 8.9
 9.14
 8.92
 8.76
 8.2
 9.08
 9.46
 8.32
 8.9
 8.5
 8.56
 9.38
 8.32
 8.94
 9.22
 8.96
 8.96
 8.38
 8.82
 8.82
 8.66
 8.96
 8.82
 8.64
 8.92
 8.82
 9.32
 9.46
 8.48
 8.64
 8.5
 8.04
 8.38
 9.02
 8.68
 8.64
 9.14
 8.12
 8.48
 8.62
 8.74
 8.52
 9.14
 8.84
 9.14
 8.5
 8.6
 8.48
 8.36
 8.72
 8.9
 9.2
 9.34
 8.7
 9.02
 8.96
 9.0
 8.82
 8.72
 9.06
 9.18
 8.24
 8.54
 9.18
 8.94
 9.0
 7.88
 8.3
 8.66
 8.76
 8.56
 8.94
 8.74
 8.88
 8.2
 8.7
 9.46
 8.56
 8.56
 8.76
 8.8
 8.48
 8.74
 9.14
 8.56
 8.56
 9.06
 8.22
 7.9
 8.68
 8.46
 8.64
 8.44
 8.3
 8.8
 9.1
 9.0
 9.2
 8.98
 9.18
 8.8
 8.98
 9.58
 8.66
 9.0
 9.48
 8.8
 9.06
 8.98
 9.12
 8.56
 9.1
 9.44
 9.48
 9.5
 9.06
 8.58
 9.12
 9.5
 8.48
 9.1
 9.88
 9.72
 8.78
 8.52
 9.08
 9.96
 9.2
 9.24
 9.16
 8.42
 9.28
 8.78
 9.72
 8.86
 8.56
 9.94
 8.54
 9.2
 9.68
 9.0
 8.64
 9.24
 9.16
 9.02
 8.98
 8.52
 8.96
 9.2
 8.54
 8.42
 8.72
 9.24
 9.04
 9.54
 8.82
 9.46
 9.14
 8.96
 9.2
 9.26
 9.4
 9.26
 9.36
 9.7
 8.72
 9.26
 8.7
 8.84
 9.94
 9.36
 8.5
 9.56
 9.08
 9.62
 8.74
 9.66
 9.7
 8.88
 9.0
 9.02
 8.82
 8.84
 8.78
 9.08
 9.58
 8.7
 9.0
 8.9
 9.22
 9.2
 8.9
 9.32
 9.12
 9.3
 8.74
 8.9
 9.32
 9.08
 8.88
 8.52
 8.74
 8.52
 8.64
 9.2
 9.62
 9.74
 10.14
 9.28
 8.74
 9.18
 9.22
 8.56
 8.8
 8.26
 9.92
 10.46
 8.54
 8.74
 8.68
 8.76
 8.88
 10.08
 9.12
 9.1
 9.56
 9.12
 8.78
 9.32
 9.54
 9.04
 8.9
 9.6
 9.46
 8.9
 8.74
 9.24
 9.06
 9.14
 8.76
 9.9
 9.18
 9.14
 9.18
 8.98
 9.36
 8.36
 9.96
 8.0
 11.02
 9.68
 10.8
 10.74
 12.68
 9.34
 11.54
 9.4
 10.72
 9.38
 9.64
 10.2
 10.08
 11.18
 9.6
 10.14
 9.66
 9.6
 9.74
 9.36
 9.52
 10.08
 9.86
 10.46
 10.48
 11.64
 8.32
 9.48
 9.0
 9.06
 9.28
 8.24
 8.64
 8.62
 9.7
 8.9
 8.5
 8.96
 8.4
 8.98
 9.88
 9.2
 9.8
 9.76
 9.24
 9.42
 9.32
 8.92
 9.94
 8.78
 9.78
 8.78
 11.12
 9.58
 9.24
 9.78
 8.16
 8.48
 8.36
 9.2
 9.26
 8.94
 9.14
 8.92
 9.28
 9.16
 8.7
 8.94
 9.22
 8.5
 8.76
 8.72
 9.12
 8.7
 8.4
 8.64
 8.7
 8.6
 9.16
 8.62
 9.34
 9.6
 9.0
 10.24
 8.68
 9.06
 9.68
 9.1
 10.02
 8.8
 8.36
 8.98
 9.56
 9.28
 9.44
 10.74
 11.56
 9.32
 9.08
 10.82
 11.32
 9.62
 11.88
 9.9
 11.56
 11.94
 9.96
 10.92
 11.16
 11.76
 10.14
 12.02
 12.56
 9.48
 10.62
 10.42
 11.82
 10.14
 12.0
 10.04
 10.28
 10.24
 11.22
 10.68
 11.54
 9.5
 10.0
 10.84
 10.4
 11.12
 9.82
 11.22
 10.26
 10.04
 9.82
 9.14
 10.68
 9.26530612244898
 10.4
 9.92
 10.04
 10.38
 10.3
 9.42
 9.86
 9.72
 9.92
 11.58
 10.44
 9.94
 10.66
 10.16
 10.56
 9.66
 11.64
 9.62
 9.88
 10.22
 10.24
 9.44
 9.22
 9.88
 10.08
 9.74
 9.5
 9.78
 10.64
 10.12
 10.16
 9.36
 9.56
 10.0
 9.72
 10.04
 11.12
 14.76
 11.89795918367347
 10.2
 11.48
 10.44
 12.204081632653061
 11.0
 10.7
 11.66
 13.92
 9.98
 9.86
 11.94
 10.56
 11.22
 12.32
 14.14
 11.82
 11.76
 12.04
 11.52
 14.14
 11.16
 11.76
 11.78
 12.42
 11.04
 10.1
 9.98
 11.38
 11.02
 13.06
 12.82
 10.64
 11.48
 9.5
 13.224489795918368
 10.94
 11.959183673469388
 11.040816326530612
 11.98
 12.28
 10.938775510204081
 9.76
 10.84
 10.32
 12.6
 9.84
 9.653061224489797
 9.78
 10.795918367346939
 10.14
 12.16
 15.16
 14.52
 11.34
 11.10204081632653
 12.48
 12.8
 12.52
 10.04
 17.06
 12.24
 12.9
 12.22
 11.98
 13.18
 11.510204081632653
 12.693877551020408
 13.020408163265307
 10.3
 12.88
 8.82
 11.16
 14.26
 12.1
 13.46
 11.02
 12.54
 10.938775510204081
 12.673469387755102
 13.82
 11.2
 14.28
 14.36
 12.8
 14.22
 11.1
 10.98
 13.04
 13.36
 11.02
 9.333333333333334
 11.14
 12.16
 13.2
 12.64
 12.938775510204081
 13.22
 14.62
 12.72
 13.66
 14.224489795918368
 15.38
 11.89795918367347
 13.44
 10.38
 16.163265306122447
 8.96
 14.92
 12.12
 14.22
 10.18
 10.12
 11.14
 9.84
 11.877551020408163
 14.88
 12.86
 14.48
 11.8
 12.98
 14.36
 13.74
 13.86
 10.12
 11.122448979591837
 11.693877551020408
 14.4
 9.94
 12.12
 15.18
 15.97872340425532
 11.591836734693878
 12.5
 11.08
 11.84
 15.42
 14.428571428571429
 16.2
 14.306122448979592
 13.06
 11.571428571428571
 13.8
 14.96
 14.72
 14.89795918367347
 12.10204081632653
 12.612244897959183
 12.183673469387756
 13.52
 10.16
 13.62
 9.625
 13.64
 11.62
 13.693877551020408
 10.32
 11.28
 9.306122448979592
 11.64
 16.26
 16.24
 11.92
 14.285714285714286
 10.76
 12.285714285714286
 11.96
 12.34
 12.02
 10.58
 9.78
 9.56
 14.84
 12.3
 13.72
 10.88
 11.3
 14.428571428571429
 9.58
 13.224489795918368
 12.52
 10.26
 12.34
 11.10204081632653
 11.52
 12.26530612244898
 15.72
 12.041666666666666
 11.14
 13.326530612244898
 13.36
 12.53061224489796
 11.96
 12.54
 13.56
 13.62
 10.22
 12.1875
 13.183673469387756
 13.1875
 11.26530612244898
 12.72
 11.73469387755102
 13.702127659574469
 10.48
 14.957446808510639
 13.142857142857142
 9.64
 15.7
 14.285714285714286
 11.38
 17.081632653061224
 13.938775510204081
 14.408163265306122
 17.06
 11.32
 12.86
 13.020408163265307
 14.604166666666666
 11.24
 9.56
 10.6
 17.53061224489796
 12.97872340425532
 13.5
 15.104166666666666
 9.54
 13.73469387755102
 10.02
 12.74
 10.875
 11.76
 10.083333333333334
 12.0625
 11.52
 9.98
 15.653061224489797
 12.52
 13.795918367346939
 15.085106382978724
 16.306122448979593
 13.5
 13.94
 11.32
 9.081632653061224
 10.36
 13.6
 14.0
 11.6
 12.1
 17.18
 13.98
 14.7
 13.9
 13.14
 10.938775510204081
 11.56
 13.44
 11.2
 13.32
 12.52
 10.38
 10.94
 17.94
 15.06
 12.58
 15.183673469387756
 10.64
 15.24
 10.4
 10.62
 16.82
 9.041666666666666
 11.38
 10.02
 10.96
 13.26
 12.2
 13.02
 11.66
 12.46
 14.84
 12.78
 13.76
 12.5
 10.52
 13.16
 13.7
 11.1
 12.14
 14.36
 11.72
 11.1
 13.14
 11.98
 9.96
 12.42
 13.94
 15.6
 12.62
 12.14
 11.78
 10.88
 14.78
 12.72
 11.28
 13.4
 11.66
 11.54
 11.6
 12.26
 12.32
 11.32
 12.02
 13.9
 9.8
 9.5
 12.68
 11.32
 10.06
 12.2
 11.44
 13.22
 11.34
 13.82
 12.0
 11.76
 11.28
 11.06
 11.98
 11.96
 11.78
 10.08
 11.22
 12.64
 9.38
 11.0
 11.2
 9.86
 11.2
 12.2
 11.78
 11.86
 11.2
 12.3
 9.08
 11.5
 12.52
 10.72
 9.74
 10.9
 13.82
 11.96
 11.08
 11.62
 12.56
 10.26
 9.5
 9.68
 11.92
 10.3
 10.86
 10.94
 9.88
 11.56
 10.0
 15.06
 11.12
 11.96
 10.5
 10.78
 11.06
 13.48
 10.46
 10.7
 10.34
 12.32
 9.02
 11.26
 12.04
 10.7
 12.42
 8.9
 11.2
 12.26
 10.94
 10.66
 10.3
 11.68
 10.92
 9.9
 12.36
 10.54
 11.4
 10.88
 14.58
 9.62
 10.42
 8.9
 11.02
 10.32
 10.28
 8.88
 12.46938775510204
 10.38
 10.02
 10.68
 11.74
 9.6
 8.96
 12.34
 13.66
 9.84
 10.775510204081632
 9.877551020408163
 12.04
 13.08
 11.4
 9.46
 10.02
 11.24
 10.78
 13.22
 12.34
 12.54
 11.7
 9.88
 14.96
 11.08
 10.06
 11.08
 11.62
 10.96
 10.44
 11.0
 9.78
 11.94
 12.26
 10.92
 10.56
 11.8
 10.96
 9.52
 10.28
 10.54
 8.56
 10.86
 9.84
 11.14
 10.2
 8.4
 10.28
 10.32
 10.32
 12.06
 9.98
 10.58
 10.98
 11.44
 9.54
 9.1
 9.34
 11.7
 9.04
 11.1
 8.7
 8.58
 8.1
 8.98
 9.1
 8.86
 9.34
 8.98
 9.2
 8.9
 8.92
 8.66
 9.18
 10.28
 9.52
 9.68
 8.84
 8.76
 9.28
 9.44
 8.62
 9.54
 9.0
 8.2
 9.9
 8.74
 10.84
 9.58
 8.96
 9.5
 10.02
 9.36
 9.82
 10.28
 9.68
 8.28
 8.68
 8.94
 8.88
 9.68
 8.82
 10.0
 8.78
 7.78
 9.06
 8.42
 9.02
 9.16
 9.14
 9.08
 8.78
 8.3
 8.36
 9.18
 8.54
 8.76
 8.98
 9.34
 8.2
 8.4
 8.84
 8.82
 8.68
 8.1
 8.54
 8.44
 8.78
 8.24
 8.58
 8.78
 9.28
 8.86
 9.0
 8.4
 8.9
 9.04
 8.9
 8.76
 8.34
 9.18
 8.18
 8.94
 9.64
 8.62
 8.36
 9.94
 9.8
 7.86
 12.52
 11.48
 8.78
 9.32
 8.58
 7.82
 9.94
 10.66
 9.04
 9.94
 11.2
 9.04
 9.24
 10.0
 10.22
 10.36734693877551
 11.54
 9.54
 10.1
 10.44
 8.82
 11.72
 9.36
 11.061224489795919
 9.88
 9.4
 9.42
 10.56
 9.14
 9.6
 9.28
 9.14
 9.22
 9.98
 9.4
 9.92
 10.22
 8.9
 7.96
 8.38
 8.24
 7.98
 9.04
 8.68
 8.48
 8.46
 8.52
 9.94
 9.0
 9.82
 9.84
 9.28
 8.64
 9.02
 9.8
 9.08
 7.96
 8.88
 9.96
 9.22
 9.82
 9.04
 8.96
 8.84
 8.6
 9.24
 9.84
 9.38
 9.4
 10.34
 8.8
 10.26
 10.16
 9.42
 9.96
 8.92
 8.04
 8.82
 8.74
 8.84
 8.78
 8.52
 8.62
 8.78
 9.16
 7.82
 8.56
 9.22
 8.88
 8.8
 8.26
 8.66
 8.84
 8.1
 8.74
 8.48
 8.4
 8.36
 8.52
 8.64
 8.18
 8.2
 8.42
 8.46
 8.74
 7.9
 8.46
 8.88
 8.62
 9.16
 8.98
 8.92
 8.56
 8.5
 8.86
 8.6
 8.28
 8.9
 9.26
 8.74
 8.82
 8.52
 8.48
 8.96
 8.2
 8.78
 8.6
 8.92
 9.06
 9.44
 7.92
 8.88
 7.76
 9.14
 8.34
 8.44
 8.34
 8.7
 8.4
 8.24
 8.28
 8.08
 8.52
 8.76
 8.94
 8.62
 8.14
 9.14
 8.28
 8.72
 8.6
 8.72
 9.1
 8.54
 8.66
 9.4
 9.32
 8.5
 9.08
 8.96
 8.74
 8.24
 8.82
 9.82
 8.64
 8.04
 8.32
 9.38
 8.6
 8.04
 7.86
 9.26
 8.72
 8.74
 8.74
 8.8
 9.26
 9.08
 8.76
 8.36
 9.36
 8.84
 9.74
 9.0
 8.92
 8.66
 8.6
 8.48
 9.16
 8.64
 8.72
 8.8
 9.34
 8.8
 8.26
 8.68
 10.86
 9.36
 9.7
 9.38
 8.34
 8.04
 9.66
 9.1
 8.3
 10.24
 10.387755102040817
 10.18
 10.26
