 nan
 nan
 nan
 nan
 nan
 nan
 73.0
 112.0
 nan
 95.0
 nan
 nan
 72.0
 87.0
 nan
 nan
 nan
 76.5
 68.26666666666667
 70.71428571428571
 76.71428571428571
 70.58333333333333
 62.8
 58.0
 75.1875
 63.130434782608695
 59.611111111111114
 58.333333333333336
 68.92
 55.088235294117645
 52.89655172413793
 55.08108108108108
 50.71875
 49.81578947368421
 48.26315789473684
 46.26190476190476
 46.39473684210526
 44.073170731707314
 51.70454545454545
 38.604651162790695
 47.17777777777778
 47.0
 41.333333333333336
 36.52173913043478
 37.3125
 42.80952380952381
 39.9375
 38.4468085106383
 40.06
 37.77777777777778
 40.61702127659574
 36.86
 32.234042553191486
 38.59183673469388
 32.808510638297875
 34.42
 38.702127659574465
 33.326530612244895
 43.04081632653061
 26.48
 29.387755102040817
 29.229166666666668
 26.44
 26.36
 22.32
 27.24
 25.24
 25.291666666666668
 26.88
 25.46
 26.08
 20.64
 21.92
 27.7
 22.68
 22.04
 23.82
 23.53061224489796
 21.06
 29.14
 22.24
 25.020833333333332
 19.857142857142858
 26.4
 20.18
 21.775510204081634
 18.46
 21.36
 19.0
 15.0625
 18.74
 16.2
 18.7
 15.72
 17.959183673469386
 17.56
 19.12
 18.9
 15.84
 18.98
 16.78
 16.28
 16.4
 16.6
 14.12
 16.14
 15.755102040816327
 17.74
 14.72
 15.34
 12.46
 17.58
 17.22
 13.92
 13.48
 15.24
 13.2
 13.46
 13.7
 14.12
 11.84
 13.72
 12.3
 15.08
 15.938775510204081
 14.12
 14.76
 14.510204081632653
 15.96
 14.78
 16.56
 13.38
 13.89795918367347
 11.22
 10.88
 11.36
 10.32
 13.54
 11.34
 11.46
 11.32
 12.74
 12.92
 14.34
 15.34
 10.46
 14.98
 11.96
 11.3
 12.06
 11.04
 14.06
 11.34
 12.48
 12.32
 17.4
 10.12
 12.48
 10.78
 10.74
 11.96
 11.408163265306122
 12.34
 12.38
 11.2
 13.64
 12.62
 13.56
 12.061224489795919
 12.04
 12.12
 11.34
 11.56
 11.7
 13.96
 13.0
 11.48
 14.02
 12.22
 13.04
 11.44
 12.74
 14.12
 14.76
 12.08
 13.7
 12.48
 14.0
 11.44
 11.64
 12.571428571428571
 10.89795918367347
 13.14
 12.16
 10.52
 14.36
 12.02
 10.14
 11.84
 12.4
 11.428571428571429
 14.62
 11.9
 11.58
 15.22
 10.6
 11.12
 12.63265306122449
 13.34
 11.36
 11.32
 12.26530612244898
 10.74
 11.081632653061224
 11.28
 12.92
 12.38
 10.46
 10.58
 11.62
 10.68
 13.28
 11.74
 13.04
 13.32
 10.7
 11.54
 13.38
 13.58
 14.56
 9.68
 12.74
 10.14
 10.84
 11.9
 12.66
 11.06
 10.84
 12.42
 9.8
 11.74
 10.92
 11.72
 11.78
 10.89795918367347
 11.9
 12.46
 10.86
 10.96
 10.76
 13.12
 10.44
 10.9
 11.26
 10.12
 11.3
 10.06
 11.2
 11.96
 9.84
 11.04
 10.52
 11.1
 10.7
 10.7
 9.72
 10.58
 10.72
 10.96
 10.46
 13.26
 10.92
 11.84
 10.76
 10.04
 10.1
 10.44
 9.9
 10.78
 10.56
 11.22
 11.48
 11.44
 10.52
 11.48
 10.62
 11.22
 10.34
 11.36
 10.9
 10.04
 9.28
 11.54
 10.4
 10.34
 10.1
 9.5
 9.9
 10.96
 9.4
 10.428571428571429
 10.0
 10.66
 10.0
 10.82
 10.14
 10.18
 10.44
 9.62
 11.56
 9.76
 10.96
 10.58
 10.38
 10.74
 10.28
 10.04
 11.06
 10.26
 11.36
 10.82
 10.64
 12.42
 10.84
 11.38
 11.34
 10.12
 10.16
 10.24
 10.62
 10.42
 10.18
 11.08
 12.52
 10.32
 10.5
 10.76
 10.58
 9.56
 9.98
 10.72
 10.72
 10.66
 10.26
 10.74
 9.72
 10.34
 10.9
 10.74
 9.94
 10.6
 11.06
 10.58
 10.5
 11.02
 10.44
 9.96
 9.44
 9.74
 10.12
 10.6
 10.52
 10.16
 11.42
 9.74
 10.24
 10.4
 11.4
 9.86
 9.9
 10.68
 10.24
 10.66
 10.48
 10.16
 10.44
 10.72
 10.7
 9.98
 10.24
 9.76
 11.18
 11.52
 12.96
 9.94
 11.08
 10.18
 10.98
 10.24
 10.48
 10.56
 11.36
 9.7
 11.04
 11.12
 10.2
 9.88
 10.86
 10.14
 10.64
 10.28
 10.8
 10.52
 10.46
 9.92
 10.5
 10.6
 10.56
 10.2
 10.56
 11.14
 9.94
 10.44
 10.78
 10.64
 10.04
 10.18
 10.06
 10.1
 11.44
 10.16
 10.32
 11.18
 9.96
 9.68
 9.64
 9.36
 10.34
 10.34
 10.26
 10.54
 10.58
 11.02
 10.18
 10.3
 10.82
 10.82
 10.84
 10.82
 10.08
 10.12
 10.24
 11.76
 10.6
 10.52
 10.36
 9.98
 10.3
 10.06
 10.06
 11.26
 10.14
 10.78
 10.42
 10.3
 10.32
 9.82
 10.06
 10.36
 10.48
 10.84
 10.94
 10.58
 10.72
 11.16
 10.9
 9.82
 9.86
 9.84
 10.02
 10.52
 10.08
 11.06
 10.68
 10.06
 10.9
 10.82
 10.44
 10.26
 10.32
 12.5
 9.94
 10.04
 12.12
 10.28
 10.48
 9.62
 10.34
 10.06
 9.8
 10.6
 10.06
 9.5
 9.56
 10.66
 10.78
 10.0
 11.3
 9.6
 10.34
 11.2
 10.36
 10.84
 10.14
 11.18
 9.86
 10.82
 11.56
 10.9
 10.06
 11.02
 10.48
 10.04
 9.86
 10.42
 10.3
 10.38
 10.98
 9.98
 9.7
 11.3
 11.02
 11.06
 12.4
 10.26
 11.46
 11.86
 12.3
 10.38
 10.74
 9.4
 10.82
 11.78
 10.68
 10.52
 11.68
 10.52
 11.1
 10.56
 10.8
 11.14
 10.08
 10.4
 10.24
 11.1
 9.68
 11.18
 9.68
 10.2
 9.38
 10.56
 10.56
 9.5
 9.7
 10.94
 11.66
 9.96
 10.04
 10.26
 10.46
 11.1
 11.34
 9.96
 9.68
 10.2
 9.9
 11.06
 11.4
 14.6
 11.36
 11.36
 10.8
 11.26
 11.98
 12.96
 9.42
 10.22
 10.72
 11.06
 11.7
 10.66
 11.18
 10.18
 10.88
 10.142857142857142
 11.1
 11.56
 10.6
 11.64
 11.22
 9.74
 10.88
 10.64
 10.24
 11.2
 9.94
 12.38
 11.1
 11.86
 9.8
 10.44
 11.98
 10.6
 12.38
 12.34
 11.24
 10.86
 10.22
 11.02
 10.9
 11.34
 10.68
 10.28
 10.44
 10.72
 10.42
 10.92
 10.7
 10.52
 10.5
 9.72
 10.68
 10.18
 9.74
 10.42
 10.48
 10.54
 10.94
 10.58
 10.64
 10.14
 9.64
 11.46
 9.96
 10.16
 11.68
 9.82
 10.78
 10.8
 9.94
 11.18
 9.9
 10.74
 10.2
 10.4
 10.98
 11.2
 10.22
 9.9
 10.66
 10.58
 10.58
 10.8
 10.66
 11.44
 10.64
 10.0
 11.02
 11.0
 11.28
 10.22
 10.68
 10.36
 10.94
 11.22
 10.34
 10.8
 11.0
 10.78
 10.28
 10.88
 10.74
 10.2
 10.0
 10.38
 10.48
 11.46
 10.02
 10.42
 9.84
 10.44
 9.86
 10.98
 9.72
 10.8
 11.4
 10.38
 10.38
 11.18
 11.08
 10.0
 10.54
 10.92
 10.3
 10.52
 10.62
 10.54
 10.22
 10.24
 10.92
 10.1
 10.68
 11.3
 10.74
 10.46
 10.24
 10.42
 10.7
 9.6
 9.52
 10.14
 10.36
 10.1
 11.24
 9.94
 10.88
 11.52
 10.16
 11.3
 10.5
 10.48
 10.56
 10.7
 9.5
 10.28
 10.18
 10.52
 10.52
 10.3
 11.04
 11.6
 10.24
 10.0
 10.26
 10.56
 10.1
 10.02
 10.62
 11.0
 11.82
 10.52
 10.4
 10.64
 10.4
 10.48
 10.76
 10.18
 9.98
 11.08
 10.4
 11.82
 10.6
 11.02
 10.6
 10.72
 10.52
 10.3
 10.6
 10.72
 10.62
 10.76
 9.8
 10.18
 9.9
 10.28
 9.78
 11.26
 11.02
 9.76
 11.14
 9.96
 10.66
 11.16
 10.42
 10.38
 9.92
 10.62
 10.54
 10.22
 9.78
 10.46
 11.74
 9.98
 10.64
 10.5
 11.3
 11.36
 11.42
 9.76
 10.12
 11.16
 11.34
 11.12
 10.14
 10.36
 10.9
 9.66
 9.98
 10.06
 10.3
 10.48
 10.38
 10.76
 10.14
 10.28
 10.08
 10.52
 11.66
 10.24
 10.66
 10.38
 15.3
 10.72
 10.92
 11.42
 10.32
 10.68
 10.3
 10.6
 10.16
 10.92
 10.66
 11.08
 10.9
 10.56
 9.42
 10.92
 10.26
 10.16
 10.42
 10.2
 10.72
 10.36
 11.34
 10.64
 10.62
 10.12
 11.48
 10.96
 10.68
 10.9
 10.9
 10.88
 9.72
 11.04
 10.26
 11.66
 11.16
 10.78
 10.38
 10.8
 10.4
 9.56
 9.88
 10.28
 10.98
 10.76
 10.12
 9.9
 9.56
 10.12
 10.34
 10.22
 11.0
 9.92
 10.12
 10.1
 10.14
 9.66
 9.88
 10.2
 9.86
 10.5
 10.76
 11.16
 10.84
 10.02
 10.1
 11.36
 10.8
 10.94
 10.4
 10.78
 10.3
 10.1
 10.9
 10.4
 9.52
 10.44
 10.78
 9.82
 10.4
 10.48
 12.48
 9.96
 10.3
 10.52
 9.94
 10.6
 10.06
 11.36
 10.96
 9.12
 10.08
 10.86
 11.52
 9.98
 10.22
 11.08
 10.26
 11.48
 10.84
 10.76
 10.44
 11.06
 10.78
 10.64
 10.04
 9.98
 9.44
 9.92
 11.8
 10.08
 10.62
 11.14
 10.36
 10.28
 10.06
 11.06
 11.08
 10.7
 10.68
 11.02
 10.96
 10.58
 9.96
 10.98
 10.5
 10.12
 10.28
 11.2
 9.58
 10.68
 10.58
 10.22
 11.48
 11.4
 10.76
 10.32
 10.64
 10.9
 11.2
 11.24
 11.42
 9.9
 9.4
 10.2
 10.26
 10.18
 10.24
 10.38
 9.4
 10.18
 10.82
 11.1
 10.56
 12.58
 10.96
 10.68
 10.9
 10.12
 11.24
 10.14
 10.58
 10.46
 10.78
 10.9
 10.84
 10.18
 10.1
 10.3
 10.72
 10.66
 10.3
 10.9
 10.2
 10.56
 10.68
 10.92
 11.98
 10.42
 10.3
 9.86
 10.32
 10.74
 10.72
 9.52
 11.28
 10.16
 9.96
 10.78
 10.66
 9.92
 9.98
 10.5
 10.86
 11.08
 10.0
 9.98
 9.96
 10.62
 10.06
 10.38
 11.18
 9.06
 10.46
 10.36
 11.62
 10.84
 10.42
 10.5
 10.96
 10.72
 10.58
 9.88
 11.38
 11.16
 11.76
 10.34
 10.28
 11.1
 11.14
 10.76
 10.84
 10.74
 10.06
 9.98
 10.46
 9.88
 9.8
 9.78
 10.42
 10.38
 9.8
 10.12
 10.56
 9.78
 10.64
 10.42
 10.9
 10.4
 10.86
 9.58
 10.92
 11.54
 10.14
 11.42
 11.04
 10.0
 11.12
 10.76
 10.4
 9.8
 10.52
 10.32
 10.22
 10.18
 9.32
 10.2
 10.02
 9.58
 10.96
 11.36
 10.8
 10.22
 11.4
 10.24
 10.54
 9.4
 9.86
 11.38
 9.92
 10.08
 9.92
 10.16
 10.02
 10.1
 10.94
 9.62
 10.72
 10.82
 11.4
 10.52
 10.2
 11.08
 11.06
 11.12
 10.42
 10.32
 10.12
 9.78
 10.58
 10.08
 11.62
 11.26
 10.42
 11.12
 10.22
 11.4
 9.9
 10.96
 10.3
 10.2
 9.98
 9.4
 10.56
 10.82
 10.9
 9.92
 10.24
 10.16
 10.7
 11.36
 10.9
 10.18
 10.34
 10.24
 9.24
 10.94
 10.88
 10.52
 9.54
 10.6
 10.58
 11.06
 10.22
 10.16
 9.84
 10.22
 9.6
 10.56
 10.7
 9.34
 10.7
 11.86
 10.1
 10.8
 10.58
 10.54
 10.32
 10.78
 10.6
 10.58
 10.44
 10.54
 11.06
 10.14
 10.62
 10.0
 10.86
 9.68
 11.12
 10.44
 10.14
 10.12
 10.42
 11.14
 10.28
 10.48
 10.72
 10.76
 11.08
 10.7
 10.74
 11.2
 10.58
 10.14
 10.72
 10.92
 10.38
 9.52
 10.76
 10.22
 9.82
 9.82
 10.9
 9.94
 11.02
 11.34
 10.52
 9.82
 10.38
 10.46
 10.46
 10.7
 10.34
 10.84
 9.88
 10.64
 10.94
 11.56
 10.58
 11.1
 10.98
 10.84
 10.04
 11.1
 10.82
 9.82
 10.12
 11.3
 11.1
 10.44
 11.16
 10.74
 10.66
 9.9
 11.04
 10.8
 10.74
 9.98
 11.06
 10.92
 10.72
 11.16
 10.36
 9.96
 9.18
 10.58
 9.32
 11.82
 10.6
 10.66
 10.26
 10.24
 10.54
 10.9
 10.22
 9.94
 10.62
 10.08
 10.02
 10.44
 9.58
 10.18
 10.18
 9.86
 10.26
 12.48
 9.72
 9.48
 10.42
 11.04
 10.18
 10.16
 9.82
 11.32
 10.62
 10.66
 9.88
 10.34
 11.12
 10.72
 10.88
 10.9
 10.12
 10.38
 10.64
 11.24
 10.16
 10.54
 11.2
 10.42
 9.96
 11.22
 10.52
 10.82
 10.62
 9.68
 10.82
 9.92
 11.2
 10.42
 9.8
 10.3
 10.2
 10.74
 11.3
 10.16
 10.66
 9.76
 9.64
 11.1
 10.16
 10.52
 9.94
 10.24
 11.18
 10.26
 10.46
 10.3
 10.34
 9.8
 10.66
 10.78
 10.06
 10.16
 9.94
 10.1
 10.12
 10.58
 10.12
 10.78
 10.34
 10.54
 10.8
 10.52
 10.98
 9.82
 11.22
 10.32
 10.28
 10.26
 10.08
 10.16
 10.2
 9.8
 11.38
 10.08
 10.54
 11.58
 10.64
 10.28
 10.78
 9.78
 10.68
 10.46
 12.62
 9.86
 9.7
 9.78
 10.46
 9.64
 10.22
 11.08
 10.04
 9.94
 10.86
 9.92
 10.78
 10.48
 10.32
 10.08
 10.56
 9.66
 11.34
 9.96
 10.7
 10.54
 10.12
 10.08
 10.58
 10.74
 10.24
 10.86
 10.48
 10.2
 9.4
 10.76
 10.94
 10.56
 10.28
 9.94
 11.44
 9.64
 10.66
 10.54
 9.9
 9.92
 11.22
 9.5
 11.92
 10.28
 11.2
 10.22
 10.92
 11.16
 10.66
 10.62
 13.12
 11.74
 9.22
 10.52
 9.8
 10.4
 10.7
 10.18
 10.16
 10.14
 10.12
 10.24
 9.92
 9.9
 10.6
 9.96
 10.92
 11.08
 10.34
 10.86
 11.68
 10.78
 10.84
 10.18
 10.78
 9.48
 11.06
 10.16
 11.16
 10.62
 9.66
 10.66
 11.16
 10.02
 10.88
 9.7
 10.58
 10.32
 10.46
 10.12
 10.3
 9.76
 11.0
 11.1
 9.94
 10.64
 10.28
 10.06
 10.34
 10.9
 10.48
 10.36
 10.88
 10.7
 9.86
 9.92
 10.64
 10.56
 10.36
 10.08
 10.94
 10.34
 10.72
 10.8
 11.66
 10.14
 10.3
 9.86
 10.64
 10.92
 11.52
 10.38
 10.54
 10.56
 11.64
 9.58
 10.46
 10.84
 10.5
 10.42
 10.6
 10.08
 11.52
 9.68
 10.26
 9.3
 9.46
 10.16
 11.28
 9.94
 10.5
 10.18
 10.56
 10.62
 9.26
 10.02
 10.96
 9.68
 9.9
 10.64
 11.16
 10.44
 10.4
 10.5
 10.8
 10.0
 9.86
 10.4
 10.24
 10.58
 10.96
 10.86
 11.16
 10.44
 10.06
 10.92
 10.34
 10.1
 10.68
 11.16
 9.78
 10.14
 10.68
 10.94
 10.34
 9.68
 11.04
 10.46
 10.18
 10.02
 9.88
 10.34
 10.86
 9.86
 10.98
 10.04
 10.9
 9.96
 10.66
 10.32
 10.48
 11.36
 9.98
 9.94
 10.52
 10.36
 10.16
 10.98
 10.68
 11.24
 10.92
 9.86
 9.72
 9.84
 11.28
 10.5
 9.72
 9.84
 10.04
 10.68
 10.6
 10.9
 11.08
 9.86
 10.56
 9.76
 10.48
 9.4
 10.26
 9.86
 10.3
 10.56
 10.38
 10.12
 10.88
 10.38
 10.0
 10.5
 9.62
 10.44
 10.62
 10.32
 10.78
 10.74
 9.7
 10.86
 10.94
 10.18
 10.82
 11.08
 10.84
 11.08
 10.26
 9.46
 10.62
 10.44
 10.88
 10.795918367346939
 10.86
 10.6
 10.84
 10.66
 10.2
 11.58
 9.16
 9.78
 10.94
 10.08
 11.92
 10.24
 10.4
 10.56
 10.64
 10.74
 11.08
 11.28
 9.1
 9.9
 10.24
 9.52
 10.16
 10.6
 9.72
 10.64
 10.54
 10.2
 11.06
 9.26
 10.1
 9.96
 10.58
 10.36
 10.08
 10.08
 10.76
 11.0
 10.72
 13.88
 10.58
 9.66
 9.22
 10.36
 9.54
 10.3
 9.94
 9.52
 9.62
 11.14
 10.28
 10.0
 10.16
 10.92
 10.26
 10.54
 10.64
 10.72
 10.68
 12.36
 11.72
 10.6
 10.04
 10.32
 9.94
 9.86
 10.78
 10.44
 10.1
 10.32
 11.18
 10.9
 10.76
 10.4
 10.44
 10.08
 12.76
 9.94
 9.76
 11.1
 10.44
 11.44
 10.88
 11.1
 10.78
 11.3
 10.68
 9.32
 11.28
 9.78
 10.9
 9.64
 9.6
 10.84
 10.78
 9.88
 9.72
 9.22
 10.42
 11.16
 9.38
 9.8
 9.68
 11.18
 10.0
 9.92
 10.08
 9.42
 10.54
 9.86
 10.6
 10.14
 10.78
 10.18
 10.46
 10.42
 10.34
 10.12
 10.56
 10.44
 9.82
 11.96
 10.2
 10.72
 11.38
 9.84
 10.02
 10.22
 10.04
 9.78
 9.86
 11.28
 10.98
 10.24
 11.0
 10.64
 10.72
 10.82
 10.36
 9.96
 10.96
 9.54
 10.94
 10.48
 9.72
 10.92
 10.38
 9.34
 10.22
 10.28
 10.32
 10.96
 9.82
 10.6
 9.76
 11.04
 10.06
 10.7
 11.74
 10.96
 9.94
 11.28
 10.3
 10.34
 8.9
 9.7
 10.1
 9.32
 11.38
 10.68
 11.42
 11.22
 11.46
 11.28
 11.14
 11.96
 12.24
 10.42
 10.14
 9.9
 10.66
 10.82
 9.84
 10.5
 10.02
 9.52
 10.48
 10.82
 10.56
 10.4
 10.22
 11.26
 10.3
 10.12
 10.88
 9.48
 11.72
 9.68
 11.52
 9.22
 10.76
 10.32
 9.9
 9.58
 9.8
 9.28
 10.42
 10.38
 10.56
 10.16
 10.7
 10.18
 10.54
 10.3
 10.28
 11.08
 10.0
 9.96
 10.36
 9.72
 11.12
 10.56
 10.28
 9.62
 10.14
 10.0
 9.56
 9.76
 10.04
 10.5
 10.96
 11.98
 10.8
 9.54
 10.2
 10.6
 11.76
 10.0
 9.88
 11.18
 9.94
 10.92
 9.5
 10.54
 10.26
 10.5
 11.3
 10.18
 11.64
 10.16
 10.42
 11.16
 10.12
 10.36
 9.44
 11.08
 11.12
 10.38
 10.64
 9.66
 10.6
 10.32
 10.34
 10.74
 10.18
 10.9
 10.48
 10.48
 9.88
 9.72
 10.78
 10.58
 9.8
 11.02
 10.36
 10.26
 11.16
 11.02
 10.22
 10.3
 10.3
 10.02
 9.94
 10.22
 9.96
 10.62
 10.46
 10.38
 10.8
 9.82
 10.7
 9.74
 10.24
 10.52
 10.4
 9.96
 10.66
 10.24
 10.76
 10.94
 10.08
 9.54
 9.84
 9.42
 10.44
 10.18
 10.42
 10.16
 10.96
 10.04
 10.84
 10.24
 9.98
 10.56
 10.18
 9.54
 8.96
 11.38
 10.28
 10.14
 9.34
 10.86
 10.32
 9.72
 9.94
 11.64
 10.66
 10.52
 10.88
 9.72
 11.42
 10.58
 9.7
 10.82
 10.56
 9.7
 10.2
 10.8
 11.1
 10.98
 10.56
 11.12
 11.22
 10.3
 10.42
 9.9
 10.38
 10.68
 10.58
 11.38
 10.74
 9.7
 10.26
 10.22
 10.24
 9.62
 9.68
 10.56
 10.54
 11.14
 10.16
 10.42
 10.02
 10.12
 9.92
 10.18
 9.7
 10.64
 10.16
 9.56
 10.12
 10.74
 9.98
 10.8
 10.44
 10.94
 10.4
 10.46
 10.2
 10.78
 9.62
 9.9
 10.18
 10.0
 9.76
 10.22
 11.0
 10.66
 9.94
 10.62
 10.98
 10.08
 10.74
 10.36
 10.44
 10.5
 11.08
 9.6
 9.88
 11.14
 10.62
 10.76
 10.52
 11.18
 11.0
 11.0
 11.1
 10.38
 10.46
 9.28
 10.98
 10.18
 10.64
 9.9
 10.14
 10.44
 10.5
 10.56
 10.8
 11.06
 10.44
 10.36
 9.92
 10.86
 10.34
 10.04
 9.62
 9.84
 10.52
