 -1119.0
 -1119.5
 -1119.0
 -1119.5
 -1118.0
 -1119.0
 927.0
 907.5
 -1120.0
 -107.5
 -1119.0
 -1119.5
 928.0
 913.0
 -1119.0
 -1120.0
 -1119.0
 -629.56
 -503.78
 -541.06
 -542.64
 -622.68
 -497.54
 -578.24
 -460.44
 -169.74
 365.68
 120.06
 -90.58
 286.62
 82.22
 410.12
 207.16
 455.2
 456.38
 623.2
 457.82
 583.64
 701.06
 671.12
 746.32
 829.1
 875.84
 797.42
 879.7
 626.12
 877.18
 837.14
 959.94
 754.8
 835.1
 963.14
 842.96
 919.94
 842.44
 965.58
 836.9
 925.1
 915.58
 973.52
 928.96
 887.46
 973.56
 973.64
 977.68
 972.76
 974.78
 891.24
 973.12
 974.56
 973.92
 979.36
 978.08
 972.3
 977.32
 977.96
 976.18
 934.7
 978.94
 970.86
 977.76
 891.5
 938.3
 973.6
 979.82
 936.42
 981.54
 978.64
 897.28
 901.06
 981.26
 983.8
 981.3
 984.28
 940.16
 982.44
 980.88
 981.1
 984.16
 981.02
 983.22
 983.72
 983.6
 983.4
 985.88
 983.86
 942.32
 982.26
 985.28
 984.66
 987.54
 982.42
 982.78
 986.08
 986.52
 984.76
 986.8
 986.54
 986.3
 985.88
 988.16
 986.28
 987.7
 984.92
 942.14
 985.88
 985.24
 943.54
 984.04
 985.24
 983.44
 986.62
 944.16
 988.78
 989.12
 988.64
 989.68
 986.5
 988.66
 988.54
 988.68
 987.26
 987.08
 985.66
 984.66
 989.54
 985.02
 988.04
 988.7
 987.94
 988.96
 985.94
 988.66
 987.52
 987.68
 982.6
 989.88
 987.52
 989.22
 989.26
 988.04
 946.58
 987.66
 987.62
 988.8
 986.36
 987.38
 986.44
 945.94
 987.96
 987.88
 988.66
 988.44
 988.3
 986.04
 987.0
 988.52
 985.98
 987.78
 986.96
 988.56
 987.26
 985.88
 985.24
 987.92
 986.3
 987.52
 986.0
 988.56
 988.36
 945.44
 947.1
 986.86
 987.84
 989.48
 985.64
 987.98
 989.86
 988.16
 987.6
 946.56
 985.38
 988.1
 988.42
 984.78
 989.4
 988.88
 945.38
 986.66
 988.64
 988.68
 945.74
 989.26
 946.9
 988.72
 987.08
 987.62
 989.54
 989.42
 988.38
 989.32
 986.72
 988.26
 986.96
 986.68
 989.3
 988.46
 986.62
 986.42
 985.44
 990.32
 987.26
 989.86
 989.16
 988.1
 987.34
 988.94
 989.16
 987.58
 990.2
 988.28
 989.08
 988.28
 988.22
 947.08
 988.1
 987.54
 989.14
 989.04
 989.24
 986.88
 989.56
 989.1
 988.74
 989.88
 988.7
 989.94
 988.82
 988.04
 990.16
 988.96
 989.48
 988.9
 989.3
 989.3
 990.28
 989.42
 989.28
 989.04
 989.54
 986.74
 989.08
 988.16
 989.24
 989.96
 989.9
 989.56
 990.1
 989.22
 989.44
 988.78
 988.52
 988.56
 989.48
 988.52
 989.38
 988.78
 989.66
 988.64
 989.1
 989.96
 990.72
 988.46
 989.6
 989.66
 989.9
 990.5
 990.1
 989.04
 990.6
 947.54
 990.0
 989.34
 990.0
 989.18
 989.86
 989.82
 989.56
 990.38
 988.44
 990.24
 989.04
 989.42
 989.62
 989.26
 989.72
 989.96
 988.94
 989.74
 988.64
 989.18
 989.36
 987.58
 989.16
 988.62
 988.66
 989.88
 989.84
 989.76
 989.38
 989.58
 989.82
 988.92
 987.48
 989.68
 989.5
 989.24
 989.42
 990.44
 990.02
 989.28
 989.28
 989.34
 989.74
 989.26
 990.28
 989.66
 989.1
 989.26
 990.06
 989.4
 988.94
 989.42
 989.5
 988.98
 989.56
 990.04
 990.56
 990.26
 989.88
 989.4
 989.48
 989.84
 988.58
 990.26
 989.76
 989.6
 988.6
 990.14
 990.1
 989.32
 989.76
 989.34
 989.52
 989.84
 989.56
 989.28
 989.3
 990.02
 989.76
 990.24
 988.82
 988.48
 987.04
 990.06
 988.92
 989.82
 989.02
 989.76
 989.52
 989.44
 988.64
 990.3
 988.96
 988.88
 989.8
 990.12
 989.14
 989.86
 989.36
 989.72
 989.2
 989.48
 989.54
 990.08
 989.5
 989.4
 989.44
 989.8
 989.44
 988.86
 990.06
 989.56
 989.22
 989.36
 989.96
 989.82
 989.94
 989.9
 988.56
 989.84
 989.68
 988.82
 990.04
 990.32
 990.36
 990.64
 989.66
 989.66
 989.74
 989.46
 989.42
 988.98
 989.82
 989.7
 989.18
 989.18
 989.16
 989.18
 989.92
 989.88
 989.76
 988.24
 989.42
 989.48
 989.64
 990.02
 989.7
 989.94
 989.94
 988.74
 989.86
 989.22
 989.58
 989.7
 989.68
 990.18
 989.94
 989.64
 989.52
 989.16
 989.06
 989.42
 989.28
 988.84
 989.1
 990.18
 990.14
 990.16
 989.98
 989.48
 989.92
 988.94
 989.32
 989.94
 989.1
 989.18
 989.56
 989.74
 989.68
 987.5
 990.06
 989.96
 987.88
 989.72
 989.52
 990.38
 989.66
 989.94
 990.2
 989.4
 989.94
 990.5
 990.44
 989.34
 989.22
 990.0
 988.7
 990.4
 989.66
 988.8
 989.64
 989.16
 989.86
 988.82
 990.14
 989.18
 988.44
 989.1
 989.94
 988.98
 989.52
 989.96
 990.14
 989.58
 989.7
 989.62
 989.02
 990.02
 990.3
 988.7
 988.98
 988.94
 987.6
 989.74
 988.54
 988.14
 987.7
 989.62
 989.26
 990.6
 989.18
 988.22
 989.32
 989.48
 988.32
 989.48
 988.9
 989.44
 989.2
 988.86
 989.92
 989.6
 989.76
 988.9
 990.32
 988.82
 990.32
 989.8
 990.62
 989.44
 989.44
 990.5
 990.3
 989.06
 988.34
 990.04
 989.96
 989.74
 989.54
 988.9
 988.66
 990.04
 990.32
 989.8
 990.1
 988.94
 988.6
 985.4
 988.64
 988.64
 989.2
 988.74
 988.02
 987.04
 990.58
 989.78
 989.28
 988.94
 988.3
 989.34
 988.82
 989.82
 989.12
 947.82
 988.9
 988.44
 989.4
 988.36
 988.78
 990.26
 989.12
 989.36
 989.76
 988.8
 990.06
 987.62
 988.9
 988.14
 990.2
 989.56
 988.02
 989.4
 987.62
 987.66
 988.76
 989.14
 989.78
 988.98
 989.1
 988.66
 989.32
 989.72
 989.56
 989.28
 989.58
 989.08
 989.3
 989.48
 989.5
 990.28
 989.32
 989.82
 990.26
 989.6
 989.52
 989.46
 989.06
 989.42
 989.36
 989.86
 990.36
 988.54
 990.04
 989.84
 988.32
 990.18
 989.22
 989.2
 990.06
 988.82
 990.1
 989.26
 989.8
 989.6
 989.02
 988.8
 989.78
 990.1
 989.34
 989.42
 989.42
 989.2
 989.34
 988.56
 989.36
 990.0
 988.98
 989.0
 988.72
 989.78
 989.32
 989.64
 989.06
 988.78
 989.66
 989.2
 989.0
 989.22
 989.72
 989.12
 989.26
 989.8
 990.0
 989.62
 989.52
 988.54
 989.98
 989.58
 990.16
 989.56
 990.14
 989.02
 990.28
 989.2
 988.6
 989.62
 989.62
 988.82
 988.92
 990.0
 989.46
 989.08
 989.7
 989.48
 989.38
 989.46
 989.78
 989.76
 989.08
 989.9
 989.32
 988.7
 989.26
 989.54
 989.76
 989.58
 989.3
 990.4
 990.48
 989.86
 989.64
 989.9
 988.76
 990.06
 989.12
 988.48
 989.84
 988.7
 989.5
 989.52
 989.44
 989.3
 990.5
 989.72
 989.82
 989.48
 989.48
 989.7
 988.96
 988.4
 989.76
 990.0
 989.74
 989.44
 989.9
 989.98
 989.38
 989.0
 988.18
 989.48
 989.6
 989.36
 989.6
 989.52
 989.24
 989.82
 990.02
 988.92
 989.6
 988.18
 989.4
 988.98
 989.4
 989.28
 989.48
 989.7
 989.4
 989.28
 989.38
 989.24
 990.2
 989.84
 990.1
 989.72
 990.22
 988.74
 988.98
 990.24
 988.86
 990.04
 989.34
 988.84
 989.58
 989.62
 990.08
 989.38
 989.46
 989.78
 990.22
 989.54
 988.26
 990.02
 989.36
 989.5
 988.7
 988.64
 988.58
 990.24
 989.88
 988.84
 988.66
 988.88
 989.86
 989.64
 989.1
 990.34
 990.04
 989.94
 989.7
 989.52
 989.62
 989.24
 989.86
 989.72
 989.92
 989.48
 988.34
 989.76
 989.34
 989.62
 984.7
 989.28
 989.08
 988.58
 989.68
 989.32
 989.72
 989.4
 989.84
 989.08
 989.34
 988.92
 989.1
 989.44
 990.58
 989.08
 989.74
 989.84
 989.58
 989.8
 989.28
 989.64
 988.66
 989.36
 989.38
 989.88
 988.52
 989.04
 989.32
 989.1
 989.1
 989.12
 990.28
 988.96
 989.74
 988.34
 988.84
 989.22
 989.62
 989.2
 989.6
 990.44
 990.12
 989.72
 989.02
 989.24
 989.88
 990.1
 990.44
 989.88
 989.66
 989.78
 989.0
 990.08
 989.88
 989.9
 989.86
 990.34
 990.12
 989.8
 990.14
 989.5
 989.24
 988.84
 989.16
 989.98
 989.9
 988.64
 989.2
 989.06
 989.6
 989.22
 989.7
 989.9
 989.1
 989.6
 990.48
 989.56
 989.22
 990.18
 989.6
 989.52
 987.52
 990.04
 989.7
 989.48
 990.06
 989.4
 989.94
 988.64
 989.04
 990.88
 989.92
 989.14
 988.48
 990.02
 989.78
 988.92
 989.74
 988.52
 989.16
 989.24
 989.56
 988.94
 989.22
 989.36
 989.96
 990.02
 990.56
 990.08
 988.2
 989.92
 989.38
 988.86
 989.64
 989.72
 989.94
 988.94
 988.92
 989.3
 989.32
 988.98
 989.04
 989.42
 990.04
 989.02
 989.5
 989.88
 989.72
 988.8
 990.42
 989.32
 989.42
 989.78
 988.52
 988.6
 989.24
 989.68
 989.36
 989.1
 988.8
 988.76
 988.58
 990.1
 990.6
 989.8
 989.74
 989.82
 989.76
 989.62
 990.6
 989.82
 989.18
 988.9
 989.44
 987.42
 989.04
 989.32
 989.1
 989.88
 988.76
 989.86
 989.42
 989.54
 989.24
 989.1
 989.16
 989.82
 989.9
 989.7
 989.28
 989.34
 989.7
 989.1
 989.8
 989.44
 989.32
 989.08
 988.02
 989.58
 989.7
 990.14
 989.68
 989.26
 989.28
 990.48
 988.72
 989.84
 990.04
 989.22
 989.34
 990.08
 990.02
 989.5
 989.14
 988.92
 990.0
 990.02
 990.04
 989.38
 989.94
 989.62
 988.82
 990.94
 989.54
 989.64
 988.38
 989.16
 989.58
 989.5
 989.04
 989.28
 989.42
 990.12
 988.62
 988.84
 988.24
 989.66
 989.72
 988.9
 988.86
 989.24
 989.16
 989.26
 989.94
 990.02
 989.54
 990.12
 990.2
 990.22
 989.58
 989.62
 990.2
 989.88
 989.44
 990.22
 989.36
 989.58
 989.1
 989.6
 989.14
 990.42
 989.08
 988.46
 989.86
 988.58
 988.96
 990.0
 988.88
 989.24
 989.6
 990.2
 989.48
 989.68
 989.78
 989.82
 990.68
 989.8
 989.98
 990.42
 989.04
 988.64
 989.2
 989.78
 988.6
 989.76
 989.46
 990.6
 990.14
 988.62
 990.08
 989.92
 990.08
 989.84
 989.98
 989.9
 989.06
 990.38
 989.28
 989.18
 988.6
 989.48
 989.8
 988.92
 988.94
 988.88
 989.58
 989.68
 989.88
 990.22
 989.42
 989.92
 988.38
 988.74
 989.58
 988.88
 989.78
 988.6
 990.1
 989.04
 989.7
 989.8
 990.02
 990.6
 989.44
 989.18
 989.1
 990.08
 989.76
 989.84
 989.3
 988.64
 989.1
 989.82
 989.66
 989.76
 990.76
 989.06
 989.12
 989.48
 990.46
 989.4
 989.42
 988.94
 989.78
 989.84
 990.16
 989.78
 990.4
 989.44
 989.3
 990.66
 989.3
 988.14
 989.9
 989.2
 989.42
 989.46
 989.68
 989.22
 989.4
 989.42
 989.56
 989.46
 988.94
 989.86
 989.38
 990.0
 989.14
 990.32
 988.88
 989.56
 989.86
 989.88
 989.58
 988.86
 989.72
 989.52
 989.28
 989.24
 988.92
 989.3
 989.26
 988.8
 989.42
 989.86
 989.28
 989.08
 989.62
 990.48
 989.24
 989.78
 990.18
 990.18
 989.1
 990.06
 988.98
 988.66
 989.5
 990.18
 989.62
 989.54
 989.54
 989.3
 989.66
 989.16
 990.12
 989.36
 989.06
 988.44
 989.42
 988.9
 989.02
 989.16
 989.96
 988.9
 989.18
 990.18
 989.88
 988.7
 988.9
 989.56
 988.84
 989.26
 989.34
 990.1
 988.96
 989.2
 989.26
 990.02
 988.94
 989.08
 989.28
 988.84
 989.64
 990.04
 990.82
 989.42
 990.68
 988.18
 989.4
 989.34
 989.74
 989.76
 989.46
 989.1
 989.78
 990.06
 989.38
 989.92
 989.98
 989.56
 990.42
 989.82
 989.82
 990.14
 989.74
 987.52
 990.28
 990.52
 989.58
 988.96
 989.82
 989.84
 990.18
 988.68
 989.38
 989.34
 990.12
 989.66
 988.88
 989.28
 989.12
 989.1
 989.88
 989.62
 989.36
 988.76
 989.84
 989.46
 988.8
 989.58
 990.04
 988.78
 989.48
 989.18
 989.38
 990.32
 989.18
 990.08
 988.8
 989.58
 990.2
 989.7
 989.8
 989.26
 988.7
 989.84
 989.34
 990.24
 990.36
 988.9
 989.84
 989.48
 990.06
 989.76
 988.82
 989.74
 989.54
 989.7
 989.66
 990.2
 989.34
 989.22
 989.94
 989.84
 990.06
 989.9
 989.88
 989.42
 989.88
 989.22
 989.66
 989.46
 989.2
 989.48
 989.02
 990.18
 988.78
 989.68
 989.72
 989.74
 989.92
 989.84
 989.8
 990.2
 988.62
 989.92
 989.46
 988.42
 989.36
 989.72
 989.22
 990.22
 989.32
 989.54
 987.38
 990.14
 990.3
 990.22
 989.54
 990.36
 989.78
 988.92
 989.96
 990.06
 989.14
 990.08
 989.22
 989.52
 989.68
 989.92
 989.44
 990.34
 988.66
 990.04
 989.3
 989.46
 989.88
 989.92
 989.42
 989.26
 989.76
 989.14
 989.52
 989.8
 990.6
 989.24
 989.06
 989.44
 989.72
 990.06
 988.56
 990.36
 989.34
 989.46
 990.1
 990.08
 988.78
 990.5
 988.08
 989.72
 988.8
 989.78
 989.08
 988.84
 989.34
 989.38
 986.88
 988.26
 990.78
 989.48
 990.2
 989.6
 989.3
 989.82
 989.84
 989.86
 989.88
 989.76
 990.08
 990.1
 989.4
 990.04
 989.08
 988.92
 989.66
 989.14
 988.32
 989.22
 989.16
 989.82
 989.22
 990.52
 988.94
 989.84
 988.84
 989.38
 990.34
 989.34
 988.84
 989.98
 989.12
 990.3
 989.42
 989.68
 989.54
 989.88
 989.7
 990.24
 989.0
 988.9
 990.06
 989.36
 989.72
 989.94
 989.66
 989.1
 989.52
 989.64
 989.12
 989.3
 990.14
 990.08
 989.36
 989.44
 989.64
 989.92
 989.06
 989.66
 989.28
 989.2
 988.34
 989.86
 989.7
 990.14
 989.36
 989.08
 988.48
 989.62
 989.46
 989.44
 988.36
 990.42
 989.54
 989.16
 989.5
 989.58
 989.4
 989.92
 988.48
 990.32
 989.74
 990.7
 990.54
 989.84
 988.72
 990.06
 989.5
 989.82
 989.44
 989.38
 990.74
 989.98
 989.04
 990.32
 990.1
 989.36
 988.84
 989.56
 989.6
 989.5
 989.2
 990.0
 990.14
 989.6
 989.76
 989.42
 989.04
 989.14
 988.84
 989.56
 989.94
 989.08
 989.66
 989.9
 989.32
 988.84
 990.22
 989.86
 989.32
 989.06
 989.66
 990.32
 988.96
 989.54
 989.84
 989.98
 990.12
 989.66
 989.14
 990.14
 989.02
 989.96
 989.1
 990.04
 989.34
 989.68
 989.52
 988.64
 990.02
 990.06
 989.48
 989.64
 989.84
 989.02
 989.32
 988.76
 989.08
 990.14
 990.28
 990.16
 988.72
 989.5
 990.28
 990.16
 989.96
 989.32
 989.4
 989.1
 988.92
 990.14
 989.44
 990.24
 989.52
 990.6
 989.74
 990.14
 989.7
 989.44
 989.62
 989.88
 989.12
 989.62
 990.0
 989.5
 990.38
 989.56
 989.38
 989.68
 989.22
 989.26
 990.3
 989.14
 989.06
 989.82
 989.18
 988.92
 989.16
 988.92
 989.74
 990.54
 989.38
 989.56
 989.12
 947.18
 989.14
 989.4
 989.16
 989.34
 989.8
 988.42
 990.84
 990.22
 989.06
 989.92
 988.08
 989.76
 989.6
 989.44
 989.36
 989.26
 988.92
 988.72
 990.9
 990.1
 989.76
 990.48
 989.84
 989.4
 990.28
 989.36
 989.46
 989.8
 988.94
 990.74
 989.9
 990.04
 989.42
 989.64
 989.92
 989.92
 989.24
 989.0
 989.28
 986.12
 989.42
 990.34
 990.78
 989.64
 990.46
 989.7
 990.06
 990.48
 990.38
 988.86
 989.72
 990.0
 989.84
 989.08
 989.74
 989.46
 989.36
 989.28
 989.32
 987.64
 988.28
 989.4
 989.96
 989.68
 990.06
 990.14
 989.22
 989.56
 989.9
 989.68
 988.82
 989.12
 989.24
 989.6
 989.56
 989.92
 987.24
 990.06
 990.24
 988.9
 989.56
 988.56
 989.12
 988.9
 989.22
 988.7
 989.32
 990.68
 988.72
 990.22
 989.1
 990.36
 990.4
 989.16
 989.22
 990.12
 990.28
 990.78
 989.58
 988.84
 990.62
 990.2
 990.32
 988.82
 990.0
 990.08
 989.92
 990.58
 989.46
 990.14
 989.42
 989.86
 989.22
 989.82
 989.54
 989.58
 989.66
 989.88
 989.44
 989.56
 990.18
 988.04
 989.8
 989.28
 988.62
 990.16
 989.98
 989.78
 989.96
 990.22
 990.14
 988.72
 989.02
 989.76
 989.0
 989.36
 989.28
 989.18
 989.64
 990.04
 989.04
 990.46
 989.06
 989.52
 990.28
 989.08
 989.62
 990.66
 989.78
 989.72
 989.68
 989.04
 990.18
 989.4
 990.24
 988.96
 989.94
 989.3
 988.26
 989.04
 990.06
 988.72
 989.7
 989.66
 991.1
 990.3
 989.9
 990.68
 988.62
 989.32
 988.58
 988.78
 988.54
 988.72
 988.86
 988.04
 987.76
 989.58
 989.86
 990.1
 989.34
 989.18
 990.16
 989.5
 989.98
 990.48
 989.52
 989.18
 989.44
 989.6
 989.78
 988.74
 989.7
 989.88
 989.12
 990.52
 988.28
 990.32
 988.48
 990.78
 989.24
 989.68
 990.1
 990.42
 990.2
 990.72
 989.58
 989.62
 989.44
 989.84
 989.3
 989.82
 989.46
 989.7
 989.72
 988.92
 990.0
 990.04
 989.64
 990.28
 988.88
 989.44
 989.72
 990.38
 989.86
 990.0
 990.44
 990.24
 989.96
 989.5
 989.04
 988.02
 989.2
 990.46
 989.82
 989.4
 988.24
 990.0
 990.12
 988.82
 990.06
 989.08
 990.5
 989.46
 989.74
 989.5
 988.7
 989.84
 988.36
 989.84
 989.58
 988.84
 989.88
 989.64
 990.56
 988.92
 988.88
 989.62
 989.36
 990.34
 989.4
 989.68
 989.66
 989.26
 989.82
 989.1
 989.52
 989.52
 990.12
 990.28
 989.22
 989.42
 990.22
 988.98
 989.64
 989.74
 988.84
 988.98
 989.78
 989.7
 989.7
 989.98
 990.06
 989.78
 990.04
 989.38
 989.54
 989.62
 989.2
 990.18
 989.3
 990.26
 989.76
 989.48
 989.6
 990.04
 989.34
 989.76
 989.24
 989.06
 989.92
 990.46
 990.16
 990.58
 989.56
 989.82
 989.58
 989.84
 989.04
 989.96
 989.16
 989.76
 990.02
 989.44
 989.82
 990.46
 991.04
 988.62
 989.72
 989.86
 990.66
 989.14
 989.68
 990.28
 990.06
 988.36
 989.34
 989.48
 989.12
 990.28
 988.58
 989.42
 990.3
 989.18
 989.44
 990.3
 989.8
 989.2
 988.9
 989.02
 989.44
 988.88
 988.78
 989.7
 989.58
 990.1
 989.62
 989.32
 989.42
 988.62
 989.26
 990.3
 989.74
 989.78
 989.76
 990.38
 990.32
 989.44
 989.46
 988.86
 989.84
 989.58
 989.98
 989.88
 990.08
 989.82
 990.3
 989.36
 989.84
 990.44
 989.88
 989.26
 990.02
 989.2
 989.56
 989.06
 989.62
 989.54
 989.8
 989.22
 990.38
 990.1
 989.82
 990.0
 990.24
 989.78
 989.0
 989.34
 990.06
 989.38
 989.02
 989.92
 989.26
 989.64
 989.56
 989.5
 988.92
 990.4
 990.12
 988.86
 989.38
 989.24
 989.48
 988.82
 989.0
 989.0
 988.9
 989.62
 989.54
 990.72
 989.02
 989.82
 989.36
 990.1
 989.86
 989.58
 989.5
 989.44
 989.2
 988.94
 989.56
 989.64
 990.08
 989.14
 989.66
 989.96
 990.38
 990.16
 989.48
