 nan
 106.0
 78.86666666666666
 73.25
 64.42857142857143
 43.07692307692308
 52.92857142857143
 43.07692307692308
 51.833333333333336
 51.1764705882353
 66.375
 52.57142857142857
 45.63157894736842
 50.13636363636363
 48.96
 50.625
 47.2972972972973
 48.42857142857143
 49.80555555555556
 44.02857142857143
 41.22857142857143
 50.0
 38.888888888888886
 46.76315789473684
 43.972972972972975
 42.59090909090909
 38.348837209302324
 38.51063829787234
 36.38636363636363
 38.723404255319146
 39.93478260869565
 31.0
 37.361702127659576
 30.57777777777778
 36.83673469387755
 33.541666666666664
 32.224489795918366
 32.416666666666664
 26.14
 30.591836734693878
 29.68
 29.9375
 28.408163265306122
 27.86
 26.591836734693878
 30.48
 32.265306122448976
 24.76
 23.816326530612244
 24.88
 23.3125
 23.48
 24.1
 23.26530612244898
 23.1
 21.14
 22.73469387755102
 17.74
 20.632653061224488
 19.42
 21.816326530612244
 19.36
 20.34
 19.081632653061224
 19.04
 19.16
 19.38
 20.66
 17.96
 21.6
 19.5
 18.82
 17.02
 20.58
 17.8
 16.76
 19.86
 18.48
 18.9
 16.816326530612244
 16.5
 18.12
 17.92
 15.14
 16.42
 18.36
 15.84
 15.16
 16.32
 15.94
 15.46
 16.1
 14.02
 14.94
 15.0
 17.02
 14.82
 14.28
 14.42
 14.32
 13.9
 15.04
 14.02
 14.68
 13.84
 13.64
 13.66
 13.1
 12.96
 14.46
 12.08
 14.16
 12.9
 13.66
 13.12
 12.46
 12.36
 12.6
 11.86
 13.26
 11.84
 13.44
 12.8
 12.46
 12.42
 13.3
 12.84
 12.44
 12.48
 12.4
 11.68
 13.36
 11.82
 11.94
 11.56
 11.48
 11.94
 12.28
 11.82
 11.54
 11.96
 10.74
 10.9
 12.24
 10.88
 11.22
 12.4
 10.76
 10.68
 10.72
 11.62
 10.3
 11.46
 11.54
 10.04
 11.02
 9.9
 10.26
 11.32
 10.0
 10.48
 11.36
 11.3
 9.42
 10.54
 10.56
 10.48
 9.46
 10.6
 10.48
 11.12
 10.56
 10.88
 10.02
 10.52
 11.38
 9.96
 10.48
 10.46
 9.66
 10.44
 10.28
 9.66
 9.26
 9.52
 10.56
 9.62
 10.36
 10.12
 10.68
 11.02
 8.92
 11.18
 9.66
 9.7
 10.46
 10.16
 9.8
 10.54
 10.46
 9.8
 10.32
 10.28
 11.16
 10.54
 11.1
 10.4
 10.72
 10.52
 10.18
 10.58
 10.5
 10.0
 11.06
 10.36
 9.92
 10.32
 10.24
 10.46
 10.34
 9.86
 9.82
 10.56
 10.86
 10.62
 9.86
 9.84
 10.38
 10.04
 9.1
 10.18
 8.92
 10.02
 9.52
 9.68
 9.46
 9.8
 8.58
 9.88
 11.02
 9.44
 9.4
 9.76
 9.24
 8.82
 9.24
 9.4
 9.68
 9.58
 8.76
 9.5
 9.3
 9.9
 8.64
 8.58
 8.9
 8.96
 8.38
 9.42
 8.94
 8.58
 8.76
 10.52
 8.94
 9.18
 9.58
 8.38
 8.46
 8.74
 9.04
 9.04
 9.44
 8.86
 9.76
 8.84
 9.1
 9.06
 8.5
 9.32
 8.38
 8.8
 8.98
 8.44
 8.48
 8.62
 9.0
 9.22
 8.52
 8.86
 8.98
 9.26
 8.64
 8.64
 9.44
 9.0
 9.32
 9.18
 8.52
 8.84
 8.48
 9.2
 8.84
 9.0
 8.64
 9.06
 9.3
 8.34
 8.6
 9.52
 8.68
 9.26
 9.24
 8.54
 9.02
 9.02
 9.48
 8.82
 8.72
 9.28
 9.12
 8.34
 9.06
 8.58
 8.54
 9.24
 8.98
 9.7
 8.28
 8.84
 9.72
 9.34
 9.24
 8.92
 8.76
 9.4
 9.1
 8.66
 9.38
 8.8
 8.62
 8.96
 9.32
 8.86
 9.18
 9.02
 8.7
 9.1
 8.94
 8.22
 9.64
 8.72
 9.14
 8.92
 9.24
 9.28
 8.28
 8.32
 9.02
 8.82
 8.42
 8.06
 8.12
 8.6
 9.06
 8.84
 9.04
 8.34
 8.78
 8.74
 8.8
 8.98
 8.58
 8.98
 8.84
 8.38
 9.44
 9.36
 8.78
 8.9
 8.86
 9.16
 8.96
 8.62
 8.64
 8.6
 9.02
 8.92
 8.96
 8.44
 7.94
 8.78
 8.56
 8.84
 9.34
 8.6
 8.08
 8.72
 8.82
 8.8
 8.32
 9.22
 8.8
 8.98
 9.48
 9.0
 9.12
 8.68
 8.56
 8.86
 9.3
 8.9
 8.68
 8.52
 8.94
 8.74
 8.44
 8.66
 8.48
 9.04
 8.32
 8.58
 8.98
 8.7
 8.52
 9.06
 8.48
 7.96
 8.24
 7.9
 8.76
 8.46
 9.04
 8.9
 7.84
 9.34
 9.04
 8.36
 8.68
 8.54
 8.46
 8.78
 9.18
 8.68
 8.46
 8.66
 9.46
 8.22
 9.18
 8.56
 9.06
 8.7
 8.96
 8.24
 8.6
 9.28
 8.96
 9.1
 8.74
 9.12
 8.38
 9.34
 8.96
 8.7
 9.56
 8.9
 9.14
 8.62
 8.96
 8.8
 8.24
 8.9
 8.12
 8.6
 9.18
 9.24
 9.02
 9.04
 8.6
 9.14
 8.84
 8.82
 8.7
 8.26
 8.86
 8.08
 8.2
 9.36
 9.0
 8.52
 8.48
 9.02
 9.58
 7.9
 8.2
 8.58
 8.24
 8.4
 8.48
 8.88
 8.78
 8.42
 9.06
 9.14
 9.08
 8.98
 9.04
 9.06
 8.76
 10.78
 8.62
 7.92
 8.66
 8.3
 8.54
 8.56
 8.28
 8.82
 9.12
 8.88
 8.26
 8.46
 8.46
 8.06
 9.16
 8.82
 8.38
 8.78
 8.92
 8.96
 9.16
 8.36
 8.96
 8.66
 8.88
 8.86
 8.58
 9.26
 9.1
 9.46
 8.88
 8.28
 8.72
 8.78
 8.42
 8.26
 8.72
 8.2
 8.32
 8.48
 8.72
 8.52
 9.36
 8.6
 8.4
 10.16
 8.36
 9.32
 8.44
 8.38
 8.88
 8.64
 8.24
 8.5
 9.22
 8.28
 8.74
 9.3
 8.76
 8.26
 8.62
 8.84
 9.18
 7.68
 8.28
 8.3
 8.3
 8.44
 8.6
 8.92
 8.58
 8.46
 8.68
 8.72
 9.16
 8.98
 8.56
 8.9
 9.04
 8.56
 8.86
 8.2
 9.0
 8.66
 8.62
 8.16
 9.24
 9.44
 8.3
 8.7
 9.14
 8.62
 8.68
 8.54
 8.88
 8.48
 8.36
 8.4
 8.12
 9.06
 8.28
 8.5
 8.18
 8.16
 8.6
 8.76
 8.58
 9.26
 8.82
 8.5
 8.34
 9.14
 8.82
 8.22
 8.5
 8.34
 8.62
 8.9
 9.06
 8.96
 9.16
 8.82
 9.38
 9.26
 8.98
 8.68
 8.44
 8.82
 8.9
 8.76
 8.66
 8.92
 8.02
 8.18
 7.8
 8.3
 8.48
 8.72
 8.58
 8.52
 8.92
 8.66
 8.08
 8.2
 8.8
 8.46
 8.74
 8.84
 8.68
 8.5
 8.38
 8.84
 8.28
 8.68
 8.62
 8.74
 8.32
 8.68
 9.04
 8.78
 8.34
 9.0
 8.16
 8.22
 8.48
 8.24
 8.2
 8.66
 8.92
 8.24
 8.96
 8.88
 8.28
 8.78
 8.3
 9.04
 9.48
 8.88
 9.0
 8.02
 8.78
 8.92
 9.3
 8.86
 8.72
 8.58
 8.62
 8.34
 8.62
 8.7
 8.44
 8.54
 8.56
 8.96
 8.32
 8.36
 8.0
 8.36
 8.38
 8.02
 8.5
 8.74
 8.7
 8.92
 8.14
 8.94
 8.78
 9.02
 8.66
 8.44
 8.32
 8.92
 8.6
 8.46
 8.2
 8.16
 8.76
 8.48
 8.34
 8.24
 8.42
 8.9
 9.16
 8.18
 8.94
 8.36
 8.6
 8.78
 8.7
 8.7
 8.94
 8.42
 8.66
 9.1
 8.56
 8.74
 8.62
 8.08
 8.54
 8.98
 8.28
 8.3
 8.04
 8.76
 9.02
 8.6
 8.74
 9.04
 8.34
 8.86
 8.6
 8.26
 8.56
 9.22
 8.78
 8.4
 8.3
 8.3
 8.84
 8.36
 9.0
 8.5
 8.34
 8.1
 8.4
 8.7
 9.4
 8.02
 8.92
 8.38
 8.76
 8.24
 8.62
 8.34
 8.38
 8.7
 8.74
 8.06
 8.56
 7.76
 8.2
 8.48
 8.34
 8.22
 8.9
 8.34
 8.48
 8.74
 8.62
 8.86
 8.08
 8.9
 8.56
 8.04
 8.2
 8.76
 8.84
 8.02
 8.1
 8.38
 8.44
 9.3
 8.86
 9.08
 8.54
 8.54
 7.72
 8.48
 8.94
 8.52
 8.3
 9.48
 8.78
 8.54
 8.22
 9.28
 8.96
 8.56
 8.04
 7.84
 8.04
 9.44
 8.1
 8.76
 7.92
 9.56
 9.08
 9.04
 8.5
 9.6
 8.36
 8.64
 8.6
 9.08
 8.82
 8.96
 9.28
 9.34
 8.44
 10.1
 10.38
 8.98
 8.7
 8.94
 8.58
 9.36734693877551
 9.24
 8.5
 8.2
 9.08
 9.48
 8.28
 8.76
 8.78
 8.88
 10.18
 8.04
 9.04
 8.88
 8.24
 7.74
 10.02
 7.94
 9.36
 8.48
 8.92
 8.32
 8.72
 9.22
 8.44
 8.56
 7.94
 8.66
 8.28
 8.38
 8.9
 8.6
 8.7
 8.46
 9.0
 8.0
 8.62
 8.24
 8.74
 8.64
 8.4
 8.92
 8.68
 8.28
 9.38
 8.38
 8.54
 9.2
 8.58
 9.06
 7.9
 9.12
 8.72
 8.56
 8.86
 8.62
 8.0
 8.54
 8.52
 8.9
 8.3
 8.06
 8.66
 8.32
 9.52
 8.9
 8.8
 8.34
 8.66
 8.82
 8.52
 8.92
 9.18
 8.68
 8.6
 9.18
 8.58
 8.76
 8.56
 9.8
 9.02
 8.68
 9.571428571428571
 9.1
 8.46
 8.78
 9.06
 8.34
 10.18
 9.04
 9.64
 9.22
 8.7
 8.18
 8.82
 9.42
 9.66
 9.68
 8.08
 9.26
 8.26
 8.16
 9.4
 8.68
 9.08
 8.9
 8.86
 8.74
 9.04
 8.18
 8.66
 8.64
 8.64
 8.64
 9.4
 8.44
 8.56
 9.1
 7.74
 8.5
 8.16
 8.54
 9.18
 8.68
 8.82
 8.78
 8.66
 9.14
 7.96
 8.66
 8.72
 9.16
 8.92
 9.24
 8.44
 8.48
 8.12
 8.76
 8.88
 8.94
 8.38
 8.82
 8.84
 8.66
 8.36
 9.76
 8.7
 8.72
 8.74
 9.32
 8.76
 8.34
 8.06
 8.42
 8.44
 8.4
 7.98
 8.98
 8.58
 8.44
 8.14
 8.86
 8.52
 9.04
 8.38
 8.34
 8.94
 8.7
 9.26
 8.6
 7.76
 10.18
 8.32
 8.24
 8.56
 8.98
 8.4
 9.02
 8.76
 9.18
 8.14
 8.68
 8.58
 8.22
 8.42
 8.66
 8.76
 9.04
 8.04
 8.78
 9.04
 8.08
 8.82
 8.28
 8.56
 8.64
 9.28
 8.7
 8.38
 8.84
 9.1
 8.58
 8.8
 8.5
 8.36
 8.56
 8.76
 8.8
 9.06
 8.72
 8.8
 8.58
 8.58
 9.04
 9.08
 8.26
 8.72
 9.44
 8.82
 8.2
 8.82
 8.76
 8.46
 8.66
 8.46
 8.4
 9.24
 8.3
 8.2
 8.42
 8.24
 8.12
 8.66
 8.76
 8.46
 8.72
 8.72
 8.7
 8.56
 8.02
 8.62
 7.86
 8.58
 8.36
 7.98
 8.56
 8.9
 8.4
 8.3
 8.96
 8.86
 8.52
 8.98
 8.88
 9.4
 8.1
 7.66
 8.62
 8.5
 9.18
 9.02
 8.66
 8.52
 8.04
 8.36
 8.94
 8.64
 8.48
 8.6
 7.98
 8.68
 8.18
 8.46
 8.62
 8.72
 8.76
 8.46
 8.14
 8.68
 9.68
 8.7
 8.0
 9.32
 8.0
 9.02
 9.28
 8.02
 8.02
 8.76
 8.76
 8.14
 8.38
 9.18
 8.74
 8.8
 8.2
 8.72
 8.42
 8.24
 9.18
 7.96
 9.34
 9.08
 8.82
 9.1
 8.24
 8.58
 8.46
 9.62
 9.86
 8.48
 8.76
 8.3
 8.74
 8.7
 8.92
 9.54
 9.02
 8.16
 9.56
 8.96
 9.1
 8.72
 8.44
 8.9
 8.82
 8.88
 9.94
 8.68
 8.7
 9.06
 8.82
 8.5
 8.2
 8.34
 9.28
 8.34
 8.62
 9.64
 8.04
 9.54
 8.4
 8.72
 8.54
 8.32
 8.48
 8.54
 8.54
 8.4
 8.68
 9.16
 8.38
 8.32
 8.48
 8.84
 8.68
 8.66
 8.36
 9.06
 8.62
 8.3
 8.32
 8.56
 8.32
 8.24
 7.98
 8.74
 9.04
 8.56
 8.48
 8.5
 8.5
 8.96
 9.8
 8.76
 8.56
 9.36
 8.68
 8.48
 8.3
 7.96
 8.4
 8.78
 8.38
 8.96
 9.68
 8.6
 8.52
 9.24
 7.96
 7.78
 9.12
 8.48
 9.28
 9.34
 9.3
 8.48
 8.62
 8.58
 8.04
 9.0
 8.24
 8.38
 8.96
 7.94
 8.26
 9.22
 8.58
 8.12
 8.24
 9.86
 8.44
 8.42
 8.84
 8.82
 8.86
 8.66
 8.46
 8.96
 8.94
 9.04
 8.42
 8.54
 8.48
 9.52
 8.58
 8.32
 8.58
 8.68
 8.7
 8.42
 9.22
 8.62
 7.72
 8.98
 8.96
 8.38
 8.82
 8.2
 8.5
 8.68
 8.64
 8.82
 8.84
 8.74
 8.5
 8.34
 9.48
 8.28
 8.6
 8.34
 9.18
 8.1
 8.34
 8.78
 8.8
 8.66
 8.62
 8.36
 8.32
 8.82
 8.3
 8.44
 9.04
 8.98
 8.62
 8.66
 8.2
 8.48
 8.5
 9.38
 8.92
 8.5
 8.52
 8.36
 8.6
 8.5
 8.8
 8.14
 9.06
 8.56
 8.52
 8.42
 8.88
 8.52
 8.38
 8.84
 8.68
 8.6
 9.44
 8.58
 8.5
 8.84
 8.7
 9.34
 8.82
 9.12
 8.88
 8.58
 8.56
 8.64
 8.28
 8.7
 9.12
 8.8
 8.52
 8.48
 9.08
 8.26
 8.18
 7.96
 8.26
 8.62
 9.28
 7.88
 8.2
 8.14
 8.46
 8.3
 8.58
 8.48
 8.54
 8.32
 8.42
 9.54
 8.04
 8.36
 8.54
 7.84
 8.76
 8.44
 8.4
 8.3
 8.94
 8.54
 8.36
 9.1
 8.48
 8.42
 8.36
 8.46
 7.9
 9.14
 8.58
 8.14
 8.38
 8.5
 8.64
 8.44
 8.54
 9.2
 8.66
 8.58
 8.26
 8.38
 8.62
 8.4
 8.02
 9.64
 8.42
 8.66
 8.52
 8.72
 8.48
 8.74
 8.96
 9.06
 8.1
 8.42
 9.42
 8.16
 8.46
 8.7
 8.7
 8.14
 8.48
 8.68
 8.4
 8.04
 8.84
 8.94
 8.56
 8.08
 8.68
 7.74
 7.94
 10.16
 8.1
 8.58
 8.78
 8.62
 8.86
 8.32
 9.06
 8.82
 8.74
 8.8
 8.12
 8.92
 8.36
 8.5
 8.36
 8.9
 8.08
 8.94
 8.56
 8.84
 8.18
 9.6
 8.62
 8.66
 9.48
 8.88
 8.9
 8.56
 8.62
 8.74
 8.58
 8.48
 8.74
 8.42
 9.02
 8.52
 9.34
 8.38
 8.24
 8.1
 8.86
 8.08
 8.58
 8.78
 8.02
 8.58
 8.46
 8.4
 8.62
 8.54
 9.04
 8.54
 7.6
 9.4
 8.36
 8.26
 8.44
 7.8
 9.16
 8.86
 8.64
 7.76
 8.66
 8.38
 8.48
 9.54
 8.88
 8.32
 8.28
 8.86
 8.06
 8.52
 8.54
 8.84
 8.6
 8.46
 8.96
 8.32
 8.86
 8.72
 8.82
 8.88
 8.56
 8.78
 8.46
 8.68
 8.52
 9.22
 8.28
 8.86
 8.78
 8.82
 8.46
 8.8
 9.66
 9.08
 8.78
 9.24
 8.0
 8.28
 9.14
 8.36
 8.96
 8.74
 8.62
 9.02
 9.64
 9.08
 9.56
 8.54
 9.0
 8.64
 8.82
 8.58
 8.86
 8.56
 10.42
 9.18
 9.16
 10.2
 10.08
 8.96
 10.22
 9.66
 9.22
 9.88
 9.38
 9.38
 9.0
 9.02
 9.06
 9.14
 9.84
 9.3
 9.02
 8.42
 9.02
 8.56
 8.78
 8.9
 9.1
 9.2
 10.56
 9.4
 9.86
 11.02
 8.9
 9.68
 9.98
 9.6
 10.1
 8.9
 9.68
 8.98
 9.62
 9.48
 9.32
 9.76
 8.96
 8.78
 9.12
 9.32
 8.72
 10.2
 10.3
 9.34
 9.32
 9.74
 9.28
 9.64
 9.5
 9.52
 9.5
 9.56
 9.3
 9.38
 9.2
 9.72
 9.34
 10.04
 9.82
 10.2
 9.92
 10.22
 10.16
 10.8
 9.62
 9.88
 10.26
 9.54
 9.58
 10.66
 10.56
 9.64
 9.52
 8.84
 9.02
 10.04
 9.98
 9.46
 9.8
 9.9
 10.52
 9.74
 10.4
 9.42
 9.9
 10.7
 10.14
 9.88
 10.42
 10.24
 10.46
 10.0
 10.28
 9.86
 10.0
 10.1
 10.22
 9.84
 10.0
 10.34
 10.94
 10.2
 10.4
 10.6
 10.2
 10.68
 10.78
 10.02
 10.6
 10.34
 10.84
 10.44
 9.88
 10.4
 10.18
 10.5
 10.42
 9.96
 11.6
 10.9
 10.16
 10.44
 10.54
 11.12
 11.16
 10.6
 10.66
 10.52
 10.86
 11.54
 10.14
 10.88
 10.28
 10.54
 11.16
 10.48
 10.6
 10.74
 10.16
 10.76
 10.38
 10.82
 10.12
 10.52
 10.18
 10.26
 10.38
 10.04
 10.8
 9.84
 10.82
 10.16
 10.82
 10.32
 10.88
 10.02
 10.98
 9.88
 9.98
 10.2
 9.88
