 -1119.0
 894.0
 -507.66
 -624.34
 -805.88
 -557.28
 -519.06
 -557.08
 -600.06
 -396.04
 -441.6
 -233.48
 -312.28
 -191.6
 -68.64
 -110.3
 422.02
 54.06
 379.46
 342.78
 344.76
 297.82
 387.44
 463.34
 424.72
 712.02
 674.74
 838.54
 717.44
 838.32
 796.28
 886.76
 839.66
 763.76
 922.16
 884.34
 926.66
 885.38
 973.86
 928.28
 970.32
 887.78
 930.4
 972.14
 932.2
 969.52
 926.66
 975.24
 934.9
 975.12
 894.14
 976.52
 975.9
 935.46
 976.9
 978.86
 936.0
 982.26
 938.06
 980.58
 936.9
 980.64
 979.66
 939.56
 980.96
 980.84
 980.62
 979.34
 982.04
 978.4
 980.5
 981.18
 982.98
 979.42
 982.2
 983.24
 980.14
 981.52
 981.1
 941.76
 983.5
 981.88
 982.08
 984.86
 983.58
 981.64
 984.16
 984.84
 983.68
 984.06
 984.54
 983.9
 985.98
 985.06
 985.0
 982.98
 985.18
 985.72
 985.58
 985.7
 986.1
 984.96
 985.98
 985.32
 986.16
 986.36
 986.34
 986.9
 987.04
 985.54
 987.92
 985.84
 987.1
 986.34
 986.88
 987.54
 987.64
 987.4
 988.14
 986.74
 988.16
 986.56
 987.2
 987.54
 987.58
 986.7
 987.16
 987.56
 987.52
 987.6
 988.32
 986.64
 988.18
 988.06
 988.44
 988.52
 988.06
 987.72
 988.18
 988.46
 988.04
 989.26
 989.1
 987.76
 989.12
 988.78
 987.6
 989.24
 989.32
 989.28
 988.38
 989.7
 988.54
 988.46
 989.96
 988.98
 990.1
 989.74
 988.68
 990.0
 989.52
 988.64
 988.7
 990.58
 989.46
 989.44
 989.52
 990.54
 989.4
 989.52
 988.88
 989.44
 989.12
 989.98
 989.48
 988.62
 990.04
 989.52
 989.54
 990.34
 989.56
 989.72
 990.34
 990.74
 990.48
 989.44
 990.38
 989.64
 989.88
 989.32
 988.98
 991.08
 988.82
 990.34
 990.3
 989.54
 989.84
 990.2
 989.46
 989.54
 990.2
 989.68
 989.72
 988.84
 989.46
 988.9
 989.6
 989.28
 989.48
 989.82
 989.42
 989.5
 990.0
 988.94
 989.64
 990.08
 989.68
 989.76
 989.54
 989.66
 990.14
 990.18
 989.44
 989.14
 989.38
 990.14
 990.16
 989.62
 989.96
 990.9
 989.82
 991.08
 989.98
 990.48
 990.32
 990.54
 990.2
 991.42
 990.12
 988.98
 990.56
 990.6
 990.24
 990.76
 991.18
 990.76
 990.6
 990.32
 990.42
 991.24
 990.5
 990.7
 990.1
 991.36
 991.42
 991.1
 991.04
 991.62
 990.58
 991.06
 991.42
 991.24
 989.48
 991.06
 990.82
 990.42
 991.62
 991.54
 991.26
 990.96
 990.96
 990.56
 991.14
 990.24
 991.16
 990.9
 990.94
 991.5
 990.68
 991.62
 991.2
 991.02
 991.56
 991.52
 991.38
 991.0
 990.78
 991.48
 991.14
 991.02
 990.74
 991.36
 991.36
 990.56
 991.0
 990.68
 990.82
 991.48
 991.16
 991.52
 990.8
 991.16
 991.0
 991.36
 990.94
 990.7
 991.66
 991.4
 990.48
 991.32
 990.74
 990.76
 991.46
 990.98
 990.98
 990.52
 991.18
 991.28
 990.72
 990.88
 991.66
 990.94
 991.42
 991.46
 990.76
 991.02
 990.3
 991.72
 991.16
 990.28
 990.66
 990.76
 991.08
 991.24
 990.6
 990.9
 991.34
 990.62
 991.2
 991.38
 991.04
 990.68
 991.14
 990.82
 990.98
 991.3
 990.9
 991.06
 991.78
 990.36
 991.28
 990.86
 991.08
 990.76
 990.72
 991.72
 991.68
 990.98
 991.18
 991.58
 991.94
 991.88
 991.4
 990.94
 991.16
 990.96
 991.66
 991.22
 991.26
 991.2
 991.02
 991.42
 991.02
 991.16
 991.62
 990.56
 990.64
 991.22
 991.1
 991.14
 990.84
 991.04
 991.38
 991.36
 991.42
 990.98
 991.08
 991.04
 991.56
 992.06
 991.22
 991.44
 991.16
 990.66
 991.4
 991.92
 991.28
 991.18
 991.2
 991.68
 990.78
 991.22
 991.02
 990.52
 991.0
 990.88
 991.32
 991.44
 991.14
 990.7
 991.1
 991.32
 991.48
 991.06
 991.26
 991.56
 991.34
 991.52
 990.96
 991.68
 991.42
 991.02
 991.3
 991.48
 990.94
 991.52
 992.04
 991.76
 992.1
 991.24
 991.54
 990.96
 991.1
 992.16
 990.66
 990.96
 991.64
 991.32
 991.46
 991.54
 991.22
 990.82
 991.32
 991.54
 991.34
 990.54
 991.78
 990.82
 991.44
 990.94
 991.3
 991.04
 991.76
 991.4
 990.72
 991.04
 990.9
 991.26
 990.88
 991.62
 990.66
 991.04
 991.3
 990.44
 991.1
 990.86
 991.38
 991.04
 991.2
 991.76
 991.1
 991.88
 991.4
 990.82
 990.76
 990.98
 990.96
 991.4
 990.86
 991.16
 991.18
 991.3
 991.74
 991.14
 991.92
 991.8
 990.64
 991.0
 991.48
 991.52
 990.98
 990.42
 992.1
 991.8
 991.42
 991.76
 991.6
 991.52
 991.12
 991.22
 991.58
 990.94
 990.86
 990.92
 991.02
 990.96
 990.94
 991.24
 989.22
 991.38
 992.08
 991.34
 991.7
 991.46
 991.44
 991.72
 991.18
 990.88
 991.12
 991.74
 991.54
 991.54
 991.94
 990.84
 991.18
 991.62
 991.22
 991.08
 991.04
 990.84
 991.64
 991.04
 991.34
 991.12
 991.14
 991.42
 990.74
 990.9
 990.54
 991.12
 991.72
 991.28
 991.22
 991.58
 991.74
 991.28
 991.8
 991.7
 991.52
 991.28
 991.48
 990.64
 991.4
 991.6
 989.84
 991.64
 990.68
 991.56
 991.62
 991.12
 991.36
 991.76
 991.5
 990.78
 991.72
 991.26
 990.7
 991.24
 991.74
 991.38
 991.18
 990.82
 992.32
 991.72
 991.7
 991.7
 991.56
 991.4
 991.08
 991.42
 991.54
 991.32
 991.28
 990.84
 991.02
 991.44
 991.1
 990.96
 991.44
 991.14
 991.8
 991.0
 991.34
 991.38
 991.84
 990.76
 990.56
 991.7
 991.3
 990.86
 991.38
 991.32
 991.46
 991.12
 991.52
 991.64
 991.6
 991.88
 990.94
 991.72
 991.5
 991.82
 991.84
 991.4
 991.24
 991.42
 990.76
 991.18
 991.5
 991.66
 990.86
 991.18
 991.78
 991.5
 991.66
 991.38
 991.1
 990.94
 991.04
 990.84
 991.18
 990.62
 990.74
 991.02
 991.32
 991.56
 991.18
 991.1
 991.24
 991.34
 991.08
 991.98
 991.82
 992.2
 991.7
 991.52
 991.28
 991.42
 991.48
 991.08
 991.34
 991.92
 991.8
 991.2
 991.54
 991.26
 991.16
 991.32
 991.5
 991.62
 991.16
 991.72
 991.32
 991.38
 991.26
 991.68
 991.32
 990.96
 991.22
 991.66
 991.0
 991.84
 991.78
 991.52
 991.76
 991.8
 991.34
 991.08
 991.76
 991.04
 991.12
 991.72
 991.22
 991.7
 990.96
 990.52
 991.12
 991.0
 991.98
 991.22
 991.08
 990.7
 991.14
 991.28
 991.42
 991.38
 991.66
 991.38
 991.3
 991.56
 991.46
 991.44
 991.04
 991.68
 991.64
 992.0
 991.64
 991.62
 991.98
 991.5
 991.26
 991.3
 991.08
 991.86
 991.06
 991.22
 990.98
 991.34
 991.56
 991.68
 991.08
 991.4
 991.54
 991.8
 991.84
 991.24
 991.52
 991.66
 991.76
 991.58
 991.1
 990.84
 991.82
 991.06
 991.64
 991.4
 991.22
 991.3
 991.3
 991.06
 991.58
 991.34
 990.9
 991.44
 991.26
 991.38
 991.92
 991.46
 991.02
 991.72
 991.7
 991.96
 991.24
 990.98
 991.4
 991.26
 990.96
 991.66
 991.14
 991.4
 991.74
 991.44
 990.78
 991.22
 991.6
 991.7
 991.7
 991.16
 991.64
 991.0
 991.5
 991.66
 991.9
 991.6
 991.3
 990.6
 991.98
 991.08
 991.62
 991.24
 991.76
 991.38
 991.66
 991.62
 991.3
 991.26
 991.94
 991.44
 992.24
 991.8
 991.52
 991.66
 991.78
 991.1
 991.66
 991.52
 991.26
 991.38
 991.14
 991.92
 991.1
 991.44
 991.96
 991.8
 991.24
 991.16
 991.98
 991.9
 991.62
 991.56
 990.7
 991.14
 990.92
 991.46
 991.46
 992.28
 991.52
 991.06
 991.48
 991.7
 990.52
 991.22
 991.46
 991.78
 990.72
 991.04
 991.44
 991.96
 992.16
 991.96
 990.56
 991.9
 991.24
 992.08
 990.44
 990.92
 990.96
 991.5
 990.4
 991.64
 991.36
 991.4
 990.92
 991.18
 991.04
 990.72
 990.66
 991.56
 989.9
 989.62
 991.02
 991.3
 991.06
 991.42
 949.12
 990.76
 991.5
 991.8
 990.92
 990.52
 991.74
 991.24
 991.22
 991.12
 989.82
 991.96
 990.96
 991.12
 991.76
 992.26
 989.98
 992.06
 990.64
 991.52
 991.08
 991.68
 991.28
 990.78
 991.56
 991.44
 992.06
 991.34
 991.72
 991.62
 991.1
 991.4
 991.3
 991.54
 991.0
 992.0
 991.38
 991.76
 991.26
 991.36
 991.6
 991.08
 991.32
 991.72
 990.62
 991.62
 991.46
 990.8
 991.42
 990.94
 992.1
 990.88
 991.28
 991.44
 991.14
 991.38
 992.0
 991.46
 991.48
 991.1
 991.7
 991.94
 991.34
 991.68
 990.48
 991.1
 991.2
 991.66
 991.34
 991.18
 991.48
 991.08
 990.82
 991.32
 991.4
 990.82
 991.42
 991.24
 991.44
 990.2
 990.98
 991.32
 948.9
 990.9
 991.54
 991.22
 990.94
 991.66
 989.82
 990.96
 990.36
 990.78
 991.3
 991.82
 991.18
 990.58
 990.34
 990.32
 991.92
 990.74
 991.74
 991.84
 990.6
 991.32
 990.92
 991.1
 991.14
 991.26
 990.96
 991.82
 991.34
 991.36
 991.36
 991.36
 990.6
 991.56
 991.44
 990.9
 992.26
 991.52
 991.84
 991.46
 990.82
 991.32
 991.18
 991.22
 991.34
 990.86
 992.04
 991.34
 991.28
 990.84
 991.08
 990.76
 991.56
 991.52
 991.88
 991.24
 991.12
 991.06
 991.62
 991.18
 991.16
 991.34
 991.64
 990.24
 991.3
 991.28
 991.26
 990.68
 991.24
 991.66
 991.94
 991.58
 991.56
 991.6
 992.02
 991.02
 991.42
 991.58
 991.86
 991.14
 991.48
 990.96
 991.62
 991.66
 991.06
 991.3
 990.74
 991.4
 992.24
 989.82
 991.68
 991.76
 991.44
 991.02
 991.6
 990.98
 991.24
 990.82
 991.86
 991.32
 991.42
 991.78
 991.58
 991.34
 991.24
 990.96
 991.96
 991.22
 990.96
 991.92
 991.18
 991.72
 991.44
 991.36
 990.72
 991.3
 991.62
 991.16
 990.9
 991.42
 991.2
 991.5
 991.64
 991.44
 991.24
 991.2
 990.94
 991.28
 991.2
 991.42
 991.42
 990.96
 990.92
 991.74
 991.28
 990.56
 991.18
 991.8
 991.18
 991.24
 991.54
 991.34
 991.54
 991.6
 990.76
 991.7
 991.8
 991.58
 991.76
 991.88
 991.34
 991.24
 991.54
 991.28
 991.28
 991.3
 991.44
 991.98
 991.38
 992.14
 991.42
 991.64
 992.02
 991.44
 991.1
 991.6
 991.7
 991.04
 991.14
 991.48
 991.02
 991.12
 990.6
 991.9
 992.34
 991.38
 991.5
 990.82
 990.98
 991.34
 991.48
 991.96
 991.64
 991.06
 991.36
 991.52
 991.4
 992.02
 991.32
 991.82
 991.54
 991.38
 991.28
 991.24
 991.54
 991.86
 991.32
 990.32
 991.3
 992.0
 990.68
 992.0
 990.98
 990.72
 991.98
 991.98
 991.24
 991.24
 991.86
 991.62
 990.82
 991.26
 991.2
 991.8
 991.3
 991.58
 991.76
 990.82
 992.04
 990.66
 990.92
 991.18
 990.9
 991.76
 991.42
 991.54
 990.38
 990.14
 991.52
 991.24
 991.7
 991.26
 991.3
 991.08
 990.46
 990.98
 991.84
 990.46
 991.04
 990.9
 991.28
 991.56
 991.1
 991.18
 991.12
 990.06
 991.32
 991.3
 990.94
 991.18
 991.5
 991.8
 991.66
 990.72
 991.66
 991.38
 990.36
 991.96
 990.46
 991.6
 991.28
 991.46
 991.68
 991.52
 991.46
 991.46
 991.6
 991.32
 990.84
 991.62
 991.68
 991.52
 991.16
 991.32
 991.34
 991.64
 990.94
 991.38
 991.7
 991.68
 991.44
 991.68
 991.76
 992.02
 991.26
 990.96
 991.44
 991.52
 991.5
 991.5
 991.04
 990.2
 991.24
 991.44
 990.64
 991.32
 991.52
 991.7
 992.04
 991.6
 991.22
 991.62
 991.04
 990.32
 991.4
 991.5
 990.76
 992.04
 992.22
 990.88
 991.52
 990.72
 990.66
 990.7
 991.52
 991.38
 991.42
 991.96
 991.0
 991.76
 991.62
 991.04
 992.08
 991.74
 990.78
 991.42
 991.88
 991.76
 990.14
 991.56
 991.58
 991.16
 991.18
 991.14
 991.34
 991.54
 991.04
 991.06
 990.96
 991.58
 991.46
 991.52
 990.48
 991.42
 991.68
 991.42
 991.32
 991.3
 991.58
 990.78
 991.38
 992.28
 991.02
 991.04
 991.62
 991.18
 991.8
 991.5
 991.32
 991.36
 991.18
 991.16
 991.26
 991.5
 991.66
 990.52
 991.72
 991.4
 991.66
 990.82
 991.9
 991.66
 991.22
 991.2
 991.34
 991.38
 991.64
 991.68
 991.18
 991.7
 991.56
 990.96
 991.02
 991.38
 991.34
 991.8
 991.52
 991.5
 990.62
 991.08
 991.5
 991.48
 991.64
 991.4
 991.5
 991.2
 991.86
 990.94
 991.44
 991.48
 991.58
 991.12
 991.48
 991.62
 991.16
 991.32
 991.4
 990.56
 991.42
 991.5
 991.16
 991.3
 990.66
 991.18
 990.88
 991.12
 991.42
 991.44
 991.36
 991.72
 991.3
 990.88
 991.2
 991.48
 991.52
 990.92
 991.74
 991.82
 992.04
 991.74
 991.38
 990.72
 992.12
 991.8
 991.86
 991.54
 991.7
 991.42
 991.52
 991.46
 991.68
 991.58
 990.46
 991.96
 991.64
 991.46
 992.16
 991.24
 991.56
 991.6
 991.7
 991.06
 991.46
 991.64
 990.9
 991.52
 991.58
 991.64
 991.54
 992.1
 990.86
 991.42
 991.86
 991.62
 991.5
 991.36
 991.56
 991.46
 990.8
 991.34
 991.42
 991.74
 991.62
 991.38
 991.6
 991.98
 990.36
 991.6
 991.34
 991.48
 991.28
 991.52
 991.26
 991.04
 990.94
 991.9
 991.58
 990.58
 991.84
 991.54
 991.3
 991.3
 991.86
 991.52
 991.32
 991.6
 991.96
 991.16
 991.06
 991.44
 991.92
 991.32
 992.26
 992.06
 989.84
 991.9
 991.42
 991.22
 991.38
 991.14
 991.68
 990.94
 991.18
 991.26
 991.2
 991.88
 991.08
 991.64
 991.5
 991.64
 991.1
 991.92
 991.06
 991.44
 991.16
 991.82
 990.4
 991.38
 991.34
 990.52
 991.12
 991.1
 991.44
 991.38
 991.26
 991.42
 991.52
 991.26
 991.58
 990.98
 991.48
 990.66
 991.62
 991.76
 991.9
 991.14
 991.92
 991.42
 991.22
 991.98
 991.42
 991.54
 991.62
 991.38
 991.46
 990.96
 991.46
 992.4
 990.6
 991.64
 991.74
 991.56
 992.2
 990.84
 991.14
 991.36
 992.24
 991.34
 991.62
 991.52
 990.46
 991.12
 991.68
 991.72
 991.14
 991.94
 991.48
 991.46
 991.16
 991.4
 991.54
 991.04
 991.68
 991.14
 991.28
 991.18
 991.12
 991.44
 991.22
 991.54
 991.32
 991.48
 990.78
 991.72
 991.14
 991.22
 991.18
 991.54
 991.2
 990.34
 990.92
 991.22
 990.76
 992.0
 991.72
 990.86
 991.64
 991.04
 991.26
 991.38
 990.98
 990.36
 990.92
 990.44
 991.46
 991.0
 991.36
 991.18
 991.42
 991.14
 991.44
 989.58
 990.82
 990.84
 989.8
 989.92
 991.04
 989.78
 990.34
 990.78
 990.12
 990.62
 990.62
 991.0
 990.98
 990.94
 990.86
 990.16
 990.7
 990.98
 991.58
 990.98
 991.44
 991.22
 991.1
 990.9
 990.8
 989.44
 990.6
 990.14
 988.98
 991.1
 990.32
 990.02
 990.4
 989.9
 991.1
 990.32
 991.02
 990.38
 990.52
 990.68
 990.24
 991.04
 991.22
 990.88
 990.68
 991.28
 989.8
 989.7
 990.66
 990.68
 990.26
 990.72
 990.36
 990.5
 990.48
 990.5
 990.44
 990.7
 990.62
 990.8
 990.28
 990.66
 989.96
 990.18
 989.8
 990.08
 989.78
 989.84
 989.2
 990.38
 990.12
 989.74
 990.46
 990.42
 989.34
 989.44
 990.36
 990.48
 991.16
 990.98
 989.96
 990.02
 990.54
 990.2
 990.1
 989.48
 990.26
 989.6
 990.58
 990.1
 989.3
 989.86
 990.12
 989.58
 989.76
 989.54
 990.0
 989.72
 990.14
 990.0
 989.9
 989.78
 990.16
 990.0
 989.66
 989.06
 989.8
 989.6
 989.4
 989.8
 989.32
 989.22
 989.98
 989.4
 989.66
 989.16
 989.56
 990.12
 989.6
 989.82
 989.5
 989.58
 990.04
 988.4
 989.1
 989.84
 989.56
 989.46
 988.88
 988.84
 989.4
 989.34
 989.48
 989.14
 988.46
 989.86
 989.12
 989.72
 989.46
 988.84
 989.54
 989.4
 989.26
 989.84
 989.24
 989.62
 989.18
 989.88
 989.48
 989.82
 989.74
 989.62
 989.96
 989.2
 990.16
 989.18
 989.84
 989.18
 989.68
 989.12
 989.98
 989.02
 990.12
 990.02
 989.8
 990.12
