 71.3157894736842
 67.75
 68.375
 60.3125
 62.68
 74.19047619047619
 68.52380952380952
 64.06666666666666
 70.14285714285714
 65.1304347826087
 66.29629629629629
 57.607142857142854
 56.416666666666664
 62.7
 65.175
 62.36842105263158
 50.77777777777778
 54.56666666666667
 47.13513513513514
 47.116279069767444
 41.340425531914896
 42.4390243902439
 44.58139534883721
 41.90909090909091
 39.333333333333336
 44.81818181818182
 42.479166666666664
 40.82608695652174
 36.13333333333333
 38.1875
 37.0
 43.58
 37.891304347826086
 35.888888888888886
 34.08510638297872
 32.61702127659574
 35.0
 34.69387755102041
 33.340425531914896
 31.714285714285715
 29.020833333333332
 37.15217391304348
 25.94
 32.16326530612245
 29.065217391304348
 26.25
 29.06
 31.632653061224488
 26.82
 26.3
 24.142857142857142
 26.18
 25.58
 22.68
 23.14
 27.92
 25.56
 21.94
 19.98
 22.24
 25.62
 23.74
 25.42
 23.3265306122449
 21.82
 26.28
 29.46
 25.84
 27.84
 17.081632653061224
 22.08
 21.66
 27.06122448979592
 21.62
 18.0
 18.86
 20.22
 19.52
 21.96
 19.76
 18.0
 21.875
 19.306122448979593
 19.26
 20.4375
 19.895833333333332
 22.306122448979593
 22.56
 19.48
 16.08
 18.46
 16.86
 13.9
 18.18
 16.3
 16.24
 18.98
 15.42
 15.34
 15.94
 14.020408163265307
 15.08
 19.16
 16.081632653061224
 14.74
 16.306122448979593
 17.78
 13.06
 13.5
 12.816326530612244
 12.94
 18.92
 14.02
 13.54
 14.1
 15.44
 13.66
 14.204081632653061
 17.68
 15.22
 14.88
 14.63265306122449
 13.74
 13.0
 13.68
 15.72
 15.28
 12.53061224489796
 15.34
 14.5
 12.6
 10.48
 11.2
 12.42
 11.36
 14.28
 11.98
 19.285714285714285
 13.16
 13.88
 13.68
 16.74
 13.16
 15.612244897959183
 10.92
 18.18
 13.84
 15.42
 13.26
 11.94
 13.1
 10.9
 13.22
 14.88
 11.08
 11.98
 11.408163265306122
 11.1
 10.98
 11.4
 11.12
 12.040816326530612
 13.24
 11.38
 11.1
 13.98
 12.34
 9.96
 12.84
 11.18
 12.9
 10.4
 11.82
 10.3
 10.58
 9.98
 11.08
 10.8
 11.54
 10.62
 10.42
 10.36
 12.62
 10.5
 12.44
 12.86
 13.62
 14.285714285714286
 13.8
 12.58
 10.84
 13.54
 11.0
 12.14
 10.58
 11.5
 11.94
 11.72
 10.08
 11.98
 13.04
 12.18
 11.02
 10.58
 10.74
 10.86
 10.3
 11.28
 10.98
 10.8
 11.08
 11.08
 10.04
 10.72
 11.44
 10.88
 11.28
 9.96
 10.72
 11.34
 10.9
 10.88
 11.44
 10.18
 11.32
 10.9
 10.74
 10.96
 11.7
 10.2
 11.0
 10.18
 10.5
 10.54
 10.4
 10.7
 12.06
 10.54
 9.54
 10.78
 10.72
 10.22
 11.28
 10.52
 10.5
 10.26
 10.28
 10.7
 10.64
 11.06
 10.88
 9.8
 10.32
 10.64
 11.08
 11.38
 10.16
 12.1
 10.74
 11.68
 10.16
 10.78
 11.98
 10.34
 11.74
 10.76
 10.18
 10.06
 11.1
 10.76
 11.26
 10.84
 10.22
 9.7
 11.06
 10.96
 10.9
 10.46
 11.26
 10.94
 10.18
 10.52
 10.28
 11.52
 10.84
 10.36
 9.88
 10.9
 11.42
 9.9
 10.52
 11.4
 10.7
 10.72
 10.44
 10.24
 10.2
 10.92
 11.16
 10.22
 9.96
 10.92
 10.04
 10.14
 10.98
 10.84
 10.64
 10.78
 11.12
 10.9
 10.7
 10.06
 9.74
 10.26
 10.02
 10.52
 11.16
 11.6
 10.5
 10.84
 10.68
 11.4
 10.48
 11.3
 11.0
 10.22
 10.86
 9.86
 10.92
 10.9
 10.36734693877551
 11.34
 10.42
 10.94
 10.34
 9.8
 11.06
 10.38
 11.4
 10.02
 10.02
 11.0
 10.36
 10.04
 10.32
 10.34
 11.46
 9.58
 11.4
 10.7
 10.72
 10.16
 11.18
 11.1
 10.04
 11.38
 10.82
 10.62
 10.14
 11.28
 10.78
 11.42
 10.18
 11.0
 11.38
 10.32
 11.24
 10.38
 9.88
 10.06
 11.84
 10.66
 10.1
 10.0
 11.06
 10.94
 11.16
 10.18
 10.74
 10.2
 10.38
 10.1
 10.02
 11.18
 10.84
 10.14
 9.9
 10.12
 11.92
 11.48
 10.28
 10.3
 10.18
 11.4
 10.0
 11.94
 10.26
 11.14
 10.04
 10.74
 11.02
 11.96
 9.58
 10.44
 10.18
 10.26
 10.66
 10.66
 10.24
 10.7
 11.02
 10.18
 10.46
 11.72
 10.72
 10.22
 9.94
 11.58
 10.56
 10.48
 11.3
 10.14
 9.84
 10.92
 10.86
 10.0
 9.88
 11.4
 10.0
 10.34
 10.36
 11.56
 10.64
 10.8
 10.68
 10.04
 10.16
 10.68
 10.88
 10.34
 11.16
 11.64
 10.5
 10.86
 10.3
 10.24
 11.24
 12.06
 10.88
 10.5
 11.3
 10.64
 10.48
 10.34
 11.24
 11.26
 10.84
 10.06
 10.56
 11.2
 10.82
 11.06
 11.42
 9.74
 10.6
 10.4
 11.78
 9.92
 10.56
 10.02
 10.74
 10.46
 11.02
 10.78
 10.68
 10.8
 11.22
 10.44
 12.46
 10.46
 10.68
 10.66
 10.54
 10.4
 10.08
 9.84
 10.06
 11.14
 10.78
 11.32
 11.72
 12.56
 11.48
 10.76
 11.12
 10.82
 11.16
 11.4
 10.0
 10.7
 11.44
 10.32
 10.36
 10.72
 10.34
 10.56
 9.58
 11.8
 10.7
 11.14
 10.78
 10.2
 10.44
 10.16
 10.34
 10.66
 10.74
 10.74
 10.9
 10.32
 10.4
 10.28
 11.46
 10.28
 9.9
 11.18
 10.38
 9.8
 9.6
 10.14
 10.32
 10.9
 11.2
 10.52
 10.58
 11.46
 10.72
 10.5
 10.5
 10.12
 10.86
 11.2
 10.12
 10.14
 11.16
 10.04
 10.3
 11.2
 10.02
 10.84
 10.16
 10.98
 10.82
 11.5
 9.82
 10.76
 10.48
 10.02
 10.36
 10.86
 10.48
 10.68
 10.9
 10.7
 10.38
 10.58
 9.94
 10.76
 10.64
 10.78
 10.58
 10.76
 9.6
 11.46
 10.38
 9.36
 11.18
 12.86
 14.9
 12.96
 10.94
 13.42
 10.86
 11.56
 10.26
 11.78
 11.68
 11.12
 13.14
 10.76
 11.98
 11.36
 11.24
 10.8
 11.92
 12.62
 11.6
 11.82
 12.32
 10.82
 12.6
 10.08
 11.52
 11.12
 10.98
 10.66
 11.58
 11.76
 11.42
 11.58
 13.16
 10.64
 10.5
 10.88
 11.82
 10.04
 10.72
 10.5
 9.78
 10.38
 10.28
 10.98
 10.88
 10.64
 10.78
 10.64
 10.34
 11.3
 10.12
 11.2
 10.4
 11.72
 10.8
 10.92
 10.52
 11.48
 10.9
 10.46
 11.26
 9.46
 11.88
 10.96
 9.66
 10.84
 10.88
 11.32
 11.5
 10.9
 10.56
 10.24
 10.42
 10.3
 9.98
 10.5
 10.48
 11.3
 10.3
 10.88
 11.18
 9.56
 10.22
 10.24
 10.64
 10.16
 10.0
 11.2
 10.8
 11.02
 10.02
 10.68
 9.98
 10.54
 10.86
 10.18
 10.58
 9.88
 11.1
 10.42
 10.26
 9.98
 10.58
 9.64
 10.46
 11.14
 9.94
 9.82
 10.62
 10.04
 10.06
 9.76
 11.44
 10.78
 10.1
 10.6
 11.02
 11.16
 10.34
 10.9
 10.36
 9.52
 10.0
 9.82
 11.62
 10.08
 10.46
 10.9
 10.1
 9.98
 10.62
 11.58
 10.78
 10.64
 10.04
 11.18
 10.04
 10.54
 10.12
 10.9
 11.32
 10.72
 10.02
 10.68
 10.44
 9.8
 10.16
 9.84
 10.12
 10.04
 10.1
 10.3
 10.1
 9.48
 9.92
 10.28
 10.0
 10.6
 9.94
 10.84
 9.5
 10.46
 10.3
 10.48
 10.1
 10.48
 10.0
 10.28
 10.42
 10.36
 9.94
 10.34
 10.6
 10.14
 9.36
 10.36
 9.94
 10.58
 10.5
 10.58
 11.5
 13.0
 9.82
 9.68
 10.86
 10.06
 10.28
 11.12
 11.52
 10.22
 10.42
 9.84
 10.18
 10.46
 10.6
 10.9
 10.36
 10.58
 11.08
 10.38
 10.16
 9.3
 10.26
 10.4
 11.68
 10.2
 11.08
 10.62
 10.48
 10.48
 10.18
 10.32
 9.88
 10.96
 11.52
 10.44
 10.56
 10.08
 10.8
 10.22
 10.98
 10.18
 9.72
 10.02
 10.66
 10.1
 9.92
 10.8
 10.58
 10.22
 9.78
 10.34
 10.9
 9.84
 10.92
 10.54
 9.18
 9.32
 10.7
 11.82
 11.22
 11.46
 10.48
 10.02
 9.4
 10.6
 11.28
 10.58
 9.98
 11.62
 10.08
 10.62
 9.98
 10.36
 11.34
 10.56
 12.52
 12.14
 11.52
 10.02
 10.08
 10.46
 9.9
 10.22
 10.86
 10.42
 10.36
 10.48
 10.96
 10.14
 10.62
 10.26
 10.2
 10.46
 10.58
 10.78
 9.78
 10.16
 10.24
 10.48
 10.92
 11.08
 11.06
 10.44
 10.14
 10.9
 11.42
 10.58
 10.4
 10.06
 10.88
 9.56
 10.76
 9.72
 9.64
 9.84
 10.46
 9.5
 10.62
 10.02
 10.3
 10.2
 10.46
 9.94
 10.68
 11.64
 10.64
 10.86
 10.34
 9.96
 10.22
 10.82
 10.42
 9.62
 9.62
 10.58
 10.18
 11.0
 9.58
 10.52
 11.34
 9.94
 9.38
 9.44
 10.22
 10.3
 10.3
 11.56
 9.78
 10.36
 10.68
 10.14
 10.28
 10.96
 10.0
 10.06
 10.62
 11.18
 11.38
 10.22
 11.92
 11.34
 9.64
 9.96
 10.96
 10.76
 11.42
 10.46
 10.62
 10.06
 10.46
 10.22
 11.3
 11.34
 11.04
 9.94
 11.02
 11.08
 10.22
 9.9
 9.56
 9.9
 10.6
 11.1
 11.26
 10.94
 11.06
 10.72
 10.48
 10.16
 10.68
 10.04
 10.56
 10.4
 11.38
 10.02
 10.52
 9.98
 10.9
 10.94
 11.6
 9.4
 10.82
 10.46
 9.74
 9.68
 10.76
 11.24
 10.04
 10.52
 10.36
 10.48
 10.54
 10.66
 10.48
 10.34
 9.98
 10.6
 10.68
 10.98
 11.3
 11.5
 9.74
 11.24
 10.5
 10.92
 10.62
 10.12
 9.94
 11.38
 9.78
 10.86
 11.1
 11.04
 9.34
 10.56
 10.38
 10.66
 10.08
 10.18
 10.48
 10.3
 10.94
 11.22
 10.04
 9.62
 10.2
 10.94
 10.42
 10.4
 9.7
 9.56
 11.04
 10.14
 10.24
 10.36
 10.3
 10.1
 10.44
 10.16
 10.92
 10.68
 10.48
 10.98
 10.44
 10.36
 11.06
 10.44
 11.74
 11.26
 10.16
 10.78
 9.98
 11.18
 9.68
 11.02
 10.88
 10.46
 10.44
 10.78
 11.68
 10.34
 10.3
 10.28
 10.16
 9.74
 9.82
 10.76
 10.54
 10.7
 10.82
 11.06
 11.02
 9.88
 10.54
 10.96
 10.16
 9.96
 11.2
 11.08
 9.92
 9.32
 10.4
 10.64
 10.66
 9.98
 9.7
 10.42
 9.84
 11.04
 9.02
 10.9
 10.02
 10.14
 10.18
 9.9
 10.66
 9.42
 10.3
 10.26
 10.18
 10.82
 10.36
 10.16
 10.68
 10.56
 11.06
 10.48
 10.44
 9.96
 11.58
 10.4
 11.44
 10.22
 10.5
 10.84
 10.54
 9.8
 9.28
 10.42
 11.0
 10.16
 12.5
 10.26
 10.26
 9.88
 10.72
 9.96
 10.04
 9.78
 10.48
 9.94
 10.02
 11.52
 11.46
 10.76
 10.42
 10.44
 10.04
 10.66
 10.1
 11.38
 11.56
 11.12
 10.98
 10.62
 10.08
 10.8
 11.3
 10.8
 10.88
 9.94
 10.32
 10.76
 10.6
 9.86
 10.14
 10.38
 10.86
 11.08
 11.08
 10.88
 10.88
 10.58
 10.12
 10.1
 10.54
 10.3
 11.0
 10.9
 11.36
 11.5
 11.46
 9.36
 10.38
 9.48
 12.3
 12.98
 10.32
 10.04
 10.92
 10.14
 9.84
 10.36
 10.42
 10.96
 10.06
 10.28
 11.84
 10.24
 9.82
 10.36
 9.88
 10.02
 10.52
 11.8
 9.96
 10.26
 10.58
 10.32
 10.42
 9.28
 10.52
 10.24
 10.98
 10.56
 9.76
 11.02
 10.26
 10.88
 10.72
 10.64
 10.84
 10.36
 10.24
 10.3
 9.72
 9.96
 9.18
 9.56
 10.42
 10.62
 10.7
 10.22
 10.34
 10.78
 10.5
 11.04
 11.24
 9.38
 10.48
 11.02
 10.44
 10.66
 10.62
 10.24
 9.68
 10.44
 9.74
 10.64
 11.22
 9.56
 11.24
 10.0
 10.18
 11.12
 9.94
 10.26
 10.5
 11.0
 10.92
 10.74
 10.2
 9.68
 10.32
 9.38
 10.62
 10.92
 10.62
 10.28
 11.1
 10.84
 10.6
 10.14
 10.42
 10.6
 11.02
 10.08
 11.0
 10.58
 10.56
 9.92
 9.8
 11.36
 11.3
 10.06
 10.62
 9.48
 9.92
 11.78
 9.8
 10.64
 9.7
 10.46
 9.58
 10.34
 10.76
 11.1
 11.28
 10.26
 11.14
 10.24
 10.1
 10.38
 11.3
 12.16
 10.62
 10.56
 10.32
 10.54
 10.56
 10.24
 9.64
 10.04
 10.18
 10.44
 10.74
 10.12
 9.92
 11.74
 10.94
 10.34
 10.84
 10.44
 10.68
 10.82
 11.04
 11.1
 9.68
 10.28
 9.86
 11.3
 10.4
 10.42
 10.68
 10.96
 10.7
 11.74
 10.8
 10.4
 9.72
 10.2
 10.9
 10.22
 10.88
 10.56
 11.14
 9.6
 10.96
 10.28
 10.74
 9.84
 10.3
 9.98
 10.32
 10.78
 10.88
 9.9
 9.72
 10.76
 10.44
 11.34
 10.76
 10.08
 10.72
 10.4
 10.72
 10.14
 9.58
 9.8
 9.76
 10.38
 10.46
 9.94
 9.86
 10.3
 9.72
 10.18
 10.0
 9.52
 9.8
 10.06
 10.74
 9.74
 10.42
 10.56
 11.18
 10.18
 11.06
 11.14
 10.56
 10.22
 10.1
 11.22
 10.24
 10.4
 10.54
 9.9
 10.7
 9.72
 9.58
 10.58
 10.62
 10.76
 10.74
 10.72
 10.64
 10.3
 10.34
 9.24
 10.18
 9.94
 10.1
 10.48
 11.22
 10.3
 10.1
 10.68
 10.56
 10.22
 10.16
 11.4
 10.14
 10.32
 9.92
 10.6
 9.94
 9.02
 10.64
 10.78
 10.28
 11.08
 10.4
 10.06
 10.24
 10.6
 10.24
 10.6
 10.64
 10.42
 10.7
 9.8
 9.74
 11.78
 10.08
 10.1
 10.82
 10.68
 10.06
 11.86
 9.78
 9.9
 9.48
 10.14
 9.76
 10.32
 10.88
 9.82
 11.0
 10.72
 10.3
 9.88
 9.78
 9.78
 10.54
 9.8
 10.32
 10.26
 9.44
 10.88
 9.82
 9.84
 11.56
 10.46
 10.02
 9.98
 10.7
 9.92
 10.86
 9.76
 10.38
 9.88
 11.6
 10.18
 10.8
 11.24
 9.54
 10.02
 10.06
 9.58
 11.22
 10.86
 10.16
 10.62
 11.28
 10.54
 11.04
 10.62
 10.64
 10.76
 10.48
 9.98
 9.86
 10.48
 11.04
 9.78
 10.32
 10.3
 10.16
 10.76
 9.92
 10.14
 10.72
 10.32
 10.04
 10.46
 10.46
 9.86
 9.7
 10.48
 11.2
 10.18
 10.16
 10.46
 9.98
 11.34
 10.08
 10.46
 10.86
 10.5
 10.12
 10.72
 10.28
 10.76
 9.82
 9.38
 9.92
 10.02
 10.36
 10.68
 10.24
 10.78
 10.62
 10.48
 9.54
 10.2
 10.48
 11.28
 10.42
 10.12
 10.32
 9.32
 10.32
 9.06
 10.92
 10.22
 10.46
 10.96
 10.44
 10.18
 10.22
 9.8
 9.42
 10.58
 10.12
 10.24
 10.92
 9.28
 11.0
 10.16
 11.28
 10.58
 10.46
 10.54
 10.24
 10.4
 10.62
 10.6
 11.38
 10.52
 9.48
 10.0
 9.96
 10.14
 10.54
 10.82
 9.88
 10.4
 10.24
 10.3
 10.14
 9.6
 10.04
 9.8
 11.7
 10.1
 10.52
 10.78
 10.58
 10.8
 10.44
 10.36
 9.78
 10.54
 10.24
 11.16
 10.84
 11.1
 9.88
 10.7
 9.54
 12.04
 10.9
 11.24
 10.16
 10.58
 10.86
 10.56
 10.56
 11.18
 11.1
 10.82
 11.14
 10.56
 9.44
 9.9
 10.52
 9.66
 10.64
 10.42
 9.84
 10.98
 10.82
 10.9
 10.62
 10.06
 10.0
 10.22
 11.14
 10.0
 10.18
 10.66
 10.12
 10.8
 10.56
 10.64
 10.2
 11.34
 11.5
 10.6
 10.26
 11.02
 10.18
 10.36
 10.22
 10.18
 10.28
 10.62
 10.22
 10.9
 9.88
 10.28
 11.02
 10.46
 9.92
 10.66
 9.92
 10.32
 10.46
 10.82
 10.2
 10.66
 9.82
 10.04
 10.38
 10.8
 10.8
 10.82
 10.88
 9.62
 11.24
 10.02
 10.32
 11.14
 10.1
 10.44
 9.76
 9.66
 10.2
 11.1
 10.92
 10.4
 9.72
 9.8
 9.36
 9.74
 11.08
 11.12
 10.42
 10.2
 11.02
 10.86
 10.68
 10.64
 10.06
 10.52
 9.78
 10.22
 10.26
 11.12
 10.74
 10.2
 10.26
 10.42
 10.26
 10.52
 10.18
 11.58
 11.28
 10.34
 9.28
 10.44
 11.56
 9.62
 9.64
 10.6
 10.26
 10.74
 10.5
 10.92
 9.6
 10.02
 9.74
 10.76
 11.12
 11.04
 9.4
 10.2
 10.693877551020408
 11.06
 9.58
 10.18
 10.2
 9.56
 10.32
 10.38
 10.38
 10.52
 10.5
 11.68
 10.7
 10.28
 11.326530612244898
 10.8
 10.42
 9.9
 10.18
 9.72
 10.22
 10.54
 10.32
 11.3
 10.84
 10.3
 10.24
 10.08
 10.5
 11.74
 11.06
 10.72
 11.0
 10.86
 10.56
 10.48
 9.94
 9.9
 10.1
 10.36
 10.94
 10.46
 10.48
 10.24
 10.32
 9.42
 10.82
 10.46
 10.82
 10.38
 10.46
 9.88
 11.040816326530612
 10.14
 10.26
 11.4
 10.7
 11.48
 10.96
 10.06
 11.68
 9.84
 10.6
 10.28
 9.9
 9.88
 10.18
 10.36
 10.82
 10.56
 10.0
 11.14
 10.76
 9.52
 10.76
 9.86
 10.54
 9.84
 10.58
 10.64
 10.9
 9.92
 10.22
 10.66
 10.2
 9.86
 10.88
 10.14
 9.9
 11.32
 10.1
 9.9
 10.34
 10.9
 10.12
 9.96
 9.34
 10.8
 9.8
 10.5
 10.74
 9.88
 9.96
 10.6
 10.86
 10.32
 10.22
 10.6
 12.08
 10.92
 10.74
 11.06
 11.06
 10.08
 9.34
 10.06
 9.78
 9.64
 11.18
 10.3
 10.3
 10.64
 10.88
 11.14
 10.64
 10.3
 10.3
 10.58
 11.48
 11.04
 9.9
 11.1
 12.08
 9.72
 10.6
 9.5
 9.58
 10.48
 9.6
 10.04
 11.18
 9.88
 10.16
 11.2
 10.42
 10.24
 9.9
 11.02
 10.06
 11.14
 10.0
 10.06
 10.76
 11.18
 11.7
 10.5
 11.02
 9.88
 10.48
 9.62
 9.82
 10.0
 9.94
 10.18
 10.28
 9.82
 9.46
 10.74
 10.92
 10.62
 10.24
 10.64
 9.96
 10.5
 10.38
 10.42
 10.06
 10.76
 10.56
 11.06
 10.46
 10.5
 10.32
 10.04
 12.84
 10.32
 11.24
 10.68
 10.44
 10.38
 10.34
 10.78
 9.52
 10.32
 10.48
 10.58
 9.9
 10.94
 11.2
 12.4
 11.24
 10.8
 12.12
 11.3
 10.54
 10.52
 11.62
 9.64
 9.7
 10.6
 10.78
 11.24
 9.84
 10.1
 10.94
 9.76
 11.42
 9.86
 10.56
 10.06
 10.46
 9.96
 10.24
 10.42
 10.42
 10.46
 10.66
 11.04
 9.44
 11.08
 11.08
 11.12
 10.04
 9.96
 9.82
 10.5
 10.2
 10.14
 9.98
 10.28
 10.48
 9.66
 10.56
 11.16
 10.44
 10.34
 12.04
 10.06
 9.48
 10.2
 10.14
 10.28
 11.68
 10.2
 10.36
 10.62
 10.0
 10.58
 10.24
 10.94
 9.82
 11.7
 10.68
 9.98
 11.18
 9.9
 10.88
 10.32
 9.96
 10.3
 11.52
 10.34
 10.38
 10.24
 10.56
 10.5
 10.66
 10.22
 10.58
 10.88
 10.76
 10.96
 10.42
 10.56
 10.02
 10.14
 9.96
 10.428571428571429
 10.42
 9.16
 9.74
 10.34
 11.12
