 -341.5
 -299.06
 -459.4
 -456.84
 -88.34
 -257.3
 -254.9
 -499.04
 -255.58
 -171.52
 -8.24
 37.58
 367.46
 116.78
 525.06
 445.24
 371.54
 121.68
 415.48
 663.52
 834.3
 584.7
 665.7
 709.46
 753.2
 706.88
 874.66
 793.32
 756.1
 878.78
 838.38
 956.42
 796.02
 756.34
 841.14
 842.5
 840.26
 923.72
 841.86
 926.64
 887.58
 796.72
 974.06
 926.22
 804.16
 890.24
 970.94
 926.72
 973.18
 973.7
 934.08
 973.82
 974.42
 977.32
 976.86
 972.1
 974.44
 978.06
 980.02
 977.76
 974.38
 976.26
 974.58
 934.88
 978.18
 973.72
 970.54
 974.16
 972.16
 941.0
 977.92
 978.34
 931.22
 978.38
 982.0
 981.14
 979.78
 980.48
 978.04
 980.24
 940.1
 894.48
 938.82
 980.74
 895.86
 896.38
 935.88
 977.44
 980.52
 983.92
 981.54
 983.14
 986.1
 981.82
 983.7
 983.76
 981.02
 984.58
 984.66
 984.06
 944.0
 984.92
 980.84
 941.98
 985.26
 941.76
 982.22
 986.94
 986.5
 945.18
 987.06
 981.08
 985.98
 986.46
 985.9
 984.56
 986.34
 943.82
 982.32
 984.78
 985.12
 943.4
 986.26
 987.0
 986.32
 984.28
 984.72
 945.44
 984.66
 985.5
 987.4
 989.52
 988.8
 987.58
 988.64
 985.72
 988.02
 938.84
 986.84
 986.12
 986.32
 983.26
 986.84
 942.44
 989.08
 981.82
 986.16
 984.58
 986.74
 988.06
 986.9
 989.1
 986.78
 985.12
 988.92
 988.02
 946.56
 988.9
 989.02
 988.6
 988.88
 945.94
 986.76
 988.62
 988.9
 986.02
 987.66
 990.04
 987.16
 988.82
 987.1
 989.6
 988.18
 989.7
 989.42
 990.02
 988.92
 989.2
 988.46
 989.38
 989.58
 989.64
 987.38
 989.5
 987.56
 987.14
 986.38
 943.74
 986.2
 987.42
 989.16
 986.46
 989.0
 987.86
 989.42
 988.5
 988.06
 988.28
 989.94
 988.02
 986.96
 987.82
 988.98
 989.42
 989.26
 989.14
 989.7
 988.72
 989.02
 989.2
 988.92
 988.92
 989.96
 989.28
 988.56
 989.12
 988.72
 990.04
 989.28
 988.66
 989.1
 989.12
 988.56
 989.82
 988.68
 989.1
 989.26
 989.04
 988.3
 989.8
 989.0
 989.82
 989.5
 989.46
 989.6
 989.3
 987.94
 989.46
 990.46
 989.22
 989.3
 989.78
 988.72
 989.48
 989.5
 989.74
 989.72
 989.3
 989.36
 988.94
 989.12
 990.2
 989.68
 989.36
 988.92
 988.62
 989.84
 987.9
 989.26
 988.32
 989.84
 989.22
 988.02
 989.66
 988.26
 989.24
 989.82
 989.94
 988.9
 989.24
 988.74
 989.16
 989.78
 990.3
 988.94
 989.04
 989.1
 989.54
 988.74
 989.06
 989.82
 989.48
 989.72
 988.48
 989.16
 989.64
 990.12
 989.1
 988.58
 990.1
 989.48
 988.6
 989.3
 989.28
 989.56
 989.76
 989.8
 989.08
 988.84
 989.78
 990.04
 989.08
 989.96
 989.86
 989.02
 989.16
 989.36
 989.22
 988.88
 989.1
 989.3
 989.94
 990.26
 989.74
 989.98
 989.48
 988.84
 988.4
 989.5
 989.16
 989.32
 988.6
 989.52
 988.7
 989.0
 989.78
 989.14
 990.14
 989.08
 989.1
 947.58
 988.68
 989.58
 989.06
 989.66
 990.2
 988.94
 989.62
 988.6
 989.98
 989.98
 989.0
 989.64
 989.96
 989.68
 989.66
 988.54
 990.42
 988.6
 989.3
 989.28
 989.84
 988.82
 988.9
 989.96
 988.62
 989.18
 989.38
 989.86
 988.72
 989.22
 988.58
 989.82
 989.0
 988.62
 989.68
 988.76
 989.62
 990.12
 989.94
 988.16
 989.34
 989.9
 990.0
 988.94
 989.06
 988.84
 989.82
 989.26
 989.8
 989.62
 989.9
 989.98
 988.82
 989.16
 989.86
 990.1
 989.88
 988.08
 988.52
 989.72
 989.7
 989.82
 988.6
 990.0
 988.06
 989.74
 988.86
 989.96
 989.26
 988.98
 988.04
 990.42
 989.56
 989.82
 989.74
 989.34
 989.34
 989.76
 989.3
 988.98
 989.84
 989.54
 988.28
 989.28
 989.78
 990.06
 988.42
 989.44
 989.52
 988.7
 989.86
 990.16
 989.08
 989.14
 990.0
 990.12
 988.6
 990.0
 989.66
 989.64
 988.44
 989.36
 989.2
 989.32
 989.96
 989.84
 989.32
 989.12
 989.66
 988.84
 988.36
 989.5
 989.14
 989.7
 989.76
 988.76
 987.94
 989.12
 989.5
 988.7
 989.36
 989.52
 989.66
 988.76
 988.74
 989.16
 989.94
 989.44
 988.8
 989.18
 988.94
 988.58
 990.26
 989.4
 989.6
 988.22
 990.08
 989.44
 989.98
 989.26
 989.54
 988.98
 989.22
 989.32
 989.2
 988.78
 989.56
 987.54
 989.54
 989.32
 989.34
 989.46
 989.6
 989.92
 990.16
 989.94
 988.86
 989.22
 988.68
 988.28
 987.44
 988.52
 989.24
 988.88
 989.18
 988.84
 988.6
 990.0
 989.3
 988.56
 989.68
 989.64
 989.28
 989.66
 989.44
 990.42
 988.2
 989.3
 988.86
 989.22
 989.8
 989.56
 989.84
 989.66
 989.34
 989.26
 989.26
 989.1
 989.68
 989.6
 989.72
 988.54
 989.72
 990.1
 988.82
 989.62
 990.2
 990.4
 989.86
 989.68
 989.1
 988.8
 989.48
 989.42
 988.54
 989.28
 989.5
 989.5
 989.88
 989.14
 988.8
 989.88
 989.86
 988.84
 989.96
 989.7
 988.8
 989.98
 989.16
 989.84
 989.02
 989.18
 988.5
 990.18
 989.24
 989.52
 989.98
 989.64
 989.14
 989.52
 989.32
 989.1
 989.3
 989.62
 989.42
 990.06
 989.24
 989.36
 989.22
 989.42
 989.24
 990.4
 988.54
 989.62
 990.64
 988.82
 987.14
 985.1
 987.04
 989.06
 986.58
 989.14
 988.44
 989.74
 988.22
 988.32
 988.88
 986.86
 989.24
 988.02
 988.64
 988.76
 989.2
 988.08
 987.38
 988.4
 988.18
 987.68
 989.18
 987.4
 989.92
 988.48
 988.88
 989.02
 989.34
 988.42
 988.24
 988.58
 988.42
 986.84
 989.36
 989.5
 989.12
 988.18
 989.96
 989.28
 989.5
 990.22
 989.62
 989.72
 989.02
 989.12
 989.36
 989.22
 989.36
 989.66
 988.7
 989.88
 988.8
 989.6
 988.28
 989.2
 989.08
 989.48
 988.52
 989.1
 989.54
 988.74
 990.54
 988.12
 989.04
 990.34
 989.16
 989.12
 988.68
 988.5
 989.1
 989.44
 989.76
 989.58
 989.7
 990.02
 989.5
 989.52
 988.7
 989.7
 989.12
 988.82
 990.44
 989.78
 989.76
 989.36
 989.84
 990.02
 988.8
 989.2
 988.98
 989.98
 989.32
 990.02
 989.46
 989.14
 989.82
 989.42
 990.12
 988.9
 989.58
 989.74
 990.02
 989.42
 990.36
 989.54
 988.86
 990.06
 990.18
 989.38
 989.96
 989.94
 990.24
 988.56
 989.22
 989.9
 989.4
 988.98
 988.84
 989.66
 989.1
 989.64
 990.48
 990.0
 990.18
 988.38
 989.92
 989.54
 989.1
 989.9
 990.02
 989.4
 988.42
 989.22
 989.36
 989.96
 988.82
 989.96
 989.46
 989.88
 989.1
 988.68
 989.28
 989.98
 989.32
 989.56
 990.2
 989.84
 990.16
 989.88
 989.96
 989.9
 989.7
 989.9
 990.52
 990.08
 989.72
 990.0
 989.4
 990.06
 989.16
 990.5
 989.54
 989.7
 989.52
 989.9
 989.52
 990.0
 989.72
 989.58
 989.64
 990.06
 989.66
 989.4
 989.86
 990.64
 989.64
 990.06
 989.42
 989.5
 989.42
 988.5
 987.0
 990.18
 990.32
 989.14
 989.94
 989.72
 988.88
 988.48
 989.78
 989.58
 990.16
 989.82
 989.54
 989.4
 989.1
 989.64
 989.42
 988.92
 989.62
 989.84
 990.7
 989.76
 989.6
 988.32
 989.8
 988.92
 989.38
 989.52
 989.52
 989.82
 989.68
 990.12
 989.04
 988.48
 989.56
 989.44
 989.92
 989.2
 989.78
 989.02
 989.82
 990.28
 989.98
 989.34
 989.9
 990.08
 989.2
 989.42
 989.78
 990.22
 989.66
 989.1
 990.16
 989.08
 989.46
 990.82
 990.68
 989.3
 988.18
 988.78
 988.54
 989.52
 989.98
 990.6
 989.4
 988.74
 989.42
 990.02
 988.38
 989.92
 989.38
 990.02
 989.64
 988.66
 989.44
 987.48
 987.86
 988.48
 989.98
 989.92
 989.54
 990.12
 989.78
 989.14
 989.58
 989.64
 989.52
 989.04
 989.86
 989.38
 989.74
 989.8
 989.54
 989.42
 989.22
 990.22
 989.84
 989.76
 989.54
 989.08
 988.92
 988.94
 989.56
 989.86
 989.1
 988.58
 989.42
 989.6
 989.94
 989.12
 990.44
 989.26
 990.28
 990.36
 990.16
 989.54
 990.5
 989.38
 989.98
 989.7
 989.8
 989.54
 990.06
 989.32
 988.36
 989.36
 989.14
 989.66
 990.04
 989.78
 989.18
 989.58
 990.38
 990.38
 989.42
 989.82
 989.0
 990.42
 989.48
 988.66
 990.06
 990.62
 990.56
 989.78
 989.7
 989.7
 988.44
 990.22
 989.64
 989.32
 989.86
 989.72
 989.04
 990.0
 989.94
 989.38
 988.82
 988.62
 989.78
 988.08
 988.66
 990.36
 990.04
 989.04
 989.24
 988.58
 989.54
 989.38
 989.94
 989.54
 989.78
 988.7
 988.66
 988.96
 990.06
 988.98
 988.92
 989.78
 990.1
 990.44
 990.1
 989.4
 988.9
 988.74
 989.06
 988.94
 989.28
 989.52
 989.84
 989.32
 989.96
 989.44
 989.6
 988.62
 989.98
 989.48
 990.02
 989.1
 989.06
 988.4
 990.6
 989.18
 989.54
 990.26
 990.34
 989.24
 988.76
 989.96
 989.48
 989.64
 989.52
 989.46
 989.34
 989.52
 989.66
 990.02
 989.4
 989.32
 989.02
 988.7
 988.5
 990.26
 988.76
 989.5
 989.08
 989.38
 989.88
 990.06
 988.62
 990.22
 989.14
 988.9
 988.96
 990.66
 989.44
 989.62
 989.34
 989.92
 989.82
 989.52
 989.7
 989.06
 988.78
 989.96
 990.38
 989.8
 989.06
 989.58
 989.6
 990.3
 990.44
 988.96
 989.86
 989.76
 989.64
 989.7
 989.9
 989.56
 989.84
 989.08
 989.34
 989.52
 989.02
 989.56
 989.64
 988.94
 989.56
 988.26
 988.74
 989.84
 989.22
 990.02
 988.82
 990.32
 988.98
 989.12
 989.54
 989.56
 989.22
 988.32
 989.66
 989.7
 989.72
 989.84
 990.26
 990.18
 989.24
 989.46
 989.3
 989.18
 988.94
 988.98
 990.12
 989.46
 989.04
 989.84
 990.04
 988.8
 988.92
 990.08
 990.68
 989.6
 989.36
 989.34
 990.02
 990.3
 989.58
 990.16
 988.96
 990.98
 989.1
 989.98
 989.86
 989.82
 990.1
 989.34
 990.58
 989.7
 989.74
 989.82
 989.18
 989.64
 989.84
 989.32
 989.44
 988.94
 989.52
 989.56
 990.04
 988.42
 989.6
 988.56
 989.78
 989.5
 989.18
 989.46
 990.2
 990.72
 989.58
 989.0
 989.84
 987.5
 989.74
 989.74
 990.12
 989.28
 990.04
 989.96
 990.22
 989.52
 990.06
 989.98
 988.48
 988.54
 989.24
 989.58
 989.56
 989.96
 989.34
 989.9
 988.62
 988.44
 988.88
 989.02
 989.38
 989.92
 989.2
 988.7
 989.2
 989.12
 990.06
 989.68
 989.24
 989.4
 990.14
 989.86
 989.62
 989.14
 988.92
 988.92
 989.12
 989.14
 989.42
 989.88
 989.9
 989.46
 989.7
 989.0
 989.1
 988.64
 988.5
 988.54
 990.64
 989.62
 990.52
 987.7
 987.02
 989.68
 989.96
 989.08
 989.86
 990.16
 989.64
 989.58
 989.04
 989.94
 989.72
 988.16
 989.76
 990.2
 989.64
 990.12
 989.98
 989.48
 988.2
 990.04
 989.74
 989.42
 989.68
 989.58
 990.72
 989.48
 989.76
 989.02
 989.44
 990.24
 988.98
 989.74
 989.12
 989.28
 989.36
 989.16
 989.64
 989.76
 989.7
 990.28
 990.04
 990.82
 990.44
 989.58
 989.38
 989.3
 989.78
 989.66
 989.22
 989.5
 988.96
 988.76
 990.62
 989.52
 988.98
 989.56
 989.34
 989.38
 989.76
 990.32
 989.56
 990.26
 989.36
 988.78
 990.44
 988.76
 990.0
 989.82
 988.88
 990.06
 989.74
 989.5
 989.0
 989.08
 989.26
 989.8
 990.32
 989.68
 990.62
 989.38
 989.08
 989.38
 989.72
 988.9
 989.16
 989.4
 989.86
 989.58
 989.4
 988.98
 989.92
 989.0
 989.42
 989.44
 990.08
 990.2
 988.64
 988.7
 989.94
 989.38
 990.52
 990.08
 988.22
 990.2
 989.36
 990.3
 989.54
 990.42
 989.66
 989.24
 988.9
 988.72
 989.74
 988.86
 989.76
 989.9
 989.62
 988.7
 987.84
 989.38
 989.44
 989.68
 989.46
 989.44
 989.76
 990.36
 989.96
 989.82
 989.56
 989.26
 989.88
 990.08
 988.26
 989.06
 989.66
 989.16
 989.56
 989.32
 989.18
 988.96
 988.9
 990.32
 989.72
 990.14
 988.7
 989.6
 989.58
 989.32
 989.04
 989.3
 988.26
 989.2
 989.6
 990.28
 989.8
 989.1
 989.78
 989.12
 989.44
 988.86
 990.4
 989.04
 989.72
 989.26
 990.16
 989.7
 990.02
 989.68
 989.22
 989.12
 990.1
 990.28
 989.24
 989.56
 988.66
 989.24
 989.92
 989.28
 989.6
 989.28
 989.86
 990.42
 990.2
 990.24
 989.62
 989.54
 990.06
 990.14
 989.7
 990.28
 989.82
 990.0
 990.48
 990.2
 989.94
 989.26
 990.26
 989.58
 989.44
 988.82
 989.82
 988.94
 988.86
 989.44
 989.78
 989.9
 988.78
 989.76
 989.6
 989.46
 990.1
 989.32
 990.28
 990.42
 989.42
 989.38
 989.24
 989.26
 989.28
 989.36
 989.7
 989.66
 990.76
 989.82
 990.06
 989.9
 989.52
 988.78
 989.7
 989.9
 989.32
 989.44
 989.78
 989.84
 988.6
 989.86
 989.68
 990.08
 989.4
 990.06
 990.98
 989.36
 989.22
 989.72
 988.92
 989.6
 989.94
 989.76
 989.4
 989.76
 989.4
 989.36
 989.58
 989.3
 990.2
 990.26
 988.22
 989.92
 989.9
 989.18
 989.32
 989.94
 988.14
 990.22
 990.1
 990.52
 989.86
 990.24
 989.68
 989.12
 990.18
 989.0
 989.28
 989.7
 990.12
 990.22
 990.22
 989.46
 990.2
 989.68
 989.74
 990.56
 989.12
 990.18
 990.16
 988.44
 989.54
 989.98
 990.02
 989.3
 990.08
 989.14
 990.24
 989.62
 990.12
 988.4
 989.82
 989.2
 988.76
 990.46
 989.98
 989.94
 990.42
 988.78
 989.14
 989.86
 989.38
 988.72
 989.46
 988.96
 989.38
 989.36
 989.24
 989.52
 990.02
 990.14
 989.52
 988.96
 990.22
 989.68
 989.7
 989.84
 989.24
 990.08
 989.86
 989.28
 989.68
 989.96
 989.54
 989.54
 990.14
 990.3
 989.52
 988.8
 989.82
 989.84
 989.56
 990.02
 988.66
 989.92
 989.54
 989.14
 989.5
 989.88
 989.28
 989.72
 989.24
 990.18
 990.62
 990.08
 989.98
 989.64
 989.32
 989.76
 989.22
 989.38
 989.52
 990.46
 989.8
 989.52
 988.72
 989.58
 989.88
 989.68
 990.68
 989.68
 990.94
 989.1
 989.78
 989.54
 989.04
 989.56
 989.82
 989.78
 990.2
 990.58
 989.42
 989.88
 989.76
 989.08
 990.72
 989.0
 989.84
 988.72
 989.42
 989.54
 989.46
 989.76
 989.6
 989.38
 989.4
 988.62
 989.48
 990.52
 990.0
 990.04
 989.86
 989.46
 989.18
 990.14
 989.6
 989.76
 989.7
 989.86
 990.4
 989.96
 990.2
 988.3
 989.9
 989.48
 989.22
 989.44
 989.2
 989.56
 989.64
 990.22
 989.46
 989.76
 988.84
 989.16
 988.9
 990.12
 989.3
 990.46
 987.96
 989.1
 988.76
 989.84
 989.42
 989.14
 989.44
 989.44
 988.82
 988.9
 989.18
 988.86
 989.44
 990.56
 990.1
 989.48
 990.34
 989.36
 989.58
 990.16
 989.02
 989.18
 989.1
 989.38
 989.94
 990.0
 989.78
 988.86
 990.0
 989.82
 989.34
 989.88
 989.2
 989.44
 989.36
 989.8
 988.66
 988.5
 989.4
 989.74
 988.98
 989.82
 989.64
 989.78
 989.82
 989.72
 989.38
 989.78
 989.1
 990.12
 989.72
 988.98
 989.54
 990.08
 989.34
 990.08
 989.68
 989.54
 989.18
 989.8
 989.34
 990.18
 989.96
 989.62
 989.2
 989.2
 989.18
 989.12
 990.38
 988.76
 989.98
 989.68
 988.86
 989.9
 989.56
 990.24
 990.34
 989.8
 988.9
 989.08
 989.6
 990.28
 990.2
 990.64
 990.26
 988.92
 988.88
 989.58
 989.8
 988.98
 989.14
 989.32
 989.36
 989.94
 989.48
 990.22
 989.78
 989.74
 988.88
 989.26
 989.8
 989.74
 989.58
 989.74
 989.48
 989.82
 988.42
 988.72
 989.66
 990.72
 989.56
 988.44
 990.38
 990.36
 989.4
 989.74
 989.26
 989.5
 989.08
 990.4
 989.98
 990.26
 989.24
 988.88
 988.96
 990.6
 989.8
 947.26
 988.94
 990.42
 989.82
 989.8
 990.44
 989.68
 989.62
 989.62
 989.48
 989.5
 988.32
 989.3
 989.72
 946.64
 989.2
 989.58
 990.1
 989.82
 990.28
 989.78
 989.46
 989.68
 988.7
 989.16
 989.7
 989.76
 989.92
 989.5
 988.26
 988.94
 989.28
 989.0
 989.14
 989.44
 989.52
 990.06
 990.1
 989.9
 989.64
 989.06
 989.54
 989.52
 989.76
 989.7
 990.58
 989.18
 989.54
 989.18
 989.62
 989.54
 990.12
 946.92
 989.86
 989.74
 988.6
 989.3
 988.52
 989.04
 989.94
 988.32
 990.16
 989.4
 989.72
 990.1
 990.12
 989.82
 989.64
 989.18
 989.44
 990.0
 988.86
 989.24
 990.48
 989.24
 990.14
 989.46
 990.16
 989.42
 989.36
 989.1
 990.08
 989.78
 989.34
 989.8
 990.14
 989.12
 989.86
 990.1
 988.68
 989.9
 990.1
 989.66
 989.1
 989.88
 990.04
 990.66
 989.2
 990.2
 989.5
 989.26
 990.12
 990.06
 989.4
 989.14
 989.68
 989.78
 989.4
 987.92
 989.08
 989.26
 988.94
 988.94
 989.92
 990.66
 989.94
 990.22
 990.36
 988.82
 989.7
 989.7
 989.36
 989.12
 988.86
 989.36
 989.7
 989.7
 989.42
 988.52
 988.96
 990.1
 988.9
 987.92
 990.28
 989.4
 990.5
 990.42
 989.52
 990.4
 989.96
 988.82
 990.12
 989.84
 988.8
 989.58
 989.76
 990.1
 988.98
 989.94
 988.86
 990.0
 989.94
 989.24
 988.82
 988.3
 989.5
 988.98
 990.12
 989.52
 990.38
 990.18
 990.0
 990.06
 989.82
 989.72
 990.18
 990.54
 989.26
 989.08
 989.38
 989.76
 989.36
 990.04
 989.5
 989.62
 989.58
 989.94
 989.26
 989.44
 988.94
 989.54
 989.5
 989.68
 989.96
 987.16
 989.68
 988.76
 989.32
 989.56
 989.62
 989.66
 989.22
 990.48
 989.68
 989.52
 989.42
 990.1
 989.06
 988.8
 987.6
 988.76
 989.2
 987.88
 988.7
 989.46
 989.48
 988.38
 990.36
 990.3
 989.4
 989.22
 988.76
 990.16
 989.9
 989.06
 990.24
 988.58
 990.14
 989.44
 989.94
 989.54
 990.04
 989.76
 989.58
 989.58
 989.54
 989.34
 988.96
 990.56
 988.92
 988.92
 988.88
 989.96
 990.04
 990.18
 989.5
 989.8
 989.86
 990.02
 989.72
 989.52
 990.34
 989.44
 988.84
 989.56
 989.66
 987.96
 989.94
 990.52
 989.8
 989.86
 989.72
 988.32
 989.8
 989.64
 989.38
 990.0
 989.42
 989.76
 989.06
 990.18
 988.3
 989.32
 990.02
 988.82
 990.1
 989.12
 989.68
 990.04
 989.7
 988.48
 989.66
 989.64
 989.76
 989.44
 989.5
 989.34
 989.78
 989.42
 989.12
 989.24
 989.04
 989.58
 989.44
 989.98
 989.86
 990.04
 947.52
 989.58
 990.84
 990.26
 989.66
 988.88
